This file contains any messages produced by compilers while
running configure, to aid debugging if configure makes a mistake.

It was created by ECE4750 Microbenchmark Suite configure ?, which was
generated by GNU Autoconf 2.68.  Invocation command line was

  $ ../configure --host=maven

## --------- ##
## Platform. ##
## --------- ##

hostname = giraffe.zoo.cs.yale.edu
uname -m = x86_64
uname -r = 6.1.5-200.fc37.x86_64
uname -s = Linux
uname -v = #1 SMP PREEMPT_DYNAMIC Thu Jan 12 15:52:00 UTC 2023

/usr/bin/uname -p = x86_64
/bin/uname -X     = unknown

/bin/arch              = x86_64
/usr/bin/arch -k       = unknown
/usr/convex/getsysinfo = unknown
/usr/bin/hostinfo      = unknown
/bin/machine           = unknown
/usr/bin/oslevel       = unknown
/bin/universe          = unknown

PATH: /usr/bin/
PATH: /home/accts/mst45/cs420/cpsc420-hw/cpsc420-lab2/toolchain/local/bin
PATH: /home/accts/mst45/cs420/cpsc420-hw/cpsc420-lab2/toolchain/local/encap/maven-sys-xcc/bin
PATH: /home/accts/mst45/.local/bin
PATH: /home/accts/mst45/bin
PATH: /usr/lib64/qt-3.3/bin
PATH: /usr/condabin
PATH: /usr/lib64/ccache
PATH: /usr/local/bin
PATH: /usr/bin
PATH: /usr/local/sbin
PATH: /usr/sbin
PATH: /var/lib/snapd/snap/bin


## ----------- ##
## Core tests. ##
## ----------- ##

configure:1846: checking build system type
configure:1860: result: x86_64-unknown-linux-gnu
configure:1880: checking host system type
configure:1893: result: mipsmavenel-ucb-elf
configure:1927: checking for maven-gcc
configure:1943: found /home/accts/mst45/cs420/cpsc420-hw/cpsc420-lab2/toolchain/local/encap/maven-sys-xcc/bin/maven-gcc
configure:1954: result: maven-gcc
configure:2223: checking for C compiler version
configure:2232: maven-gcc --version >&5
maven-gcc (GCC) 4.4.1
Copyright (C) 2009 Free Software Foundation, Inc.
This is free software; see the source for copying conditions.  There is NO
warranty; not even for MERCHANTABILITY or FITNESS FOR A PARTICULAR PURPOSE.

configure:2243: $? = 0
configure:2232: maven-gcc -v >&5
Using built-in specs.
Target: maven
Configured with: ../../src/configure --disable-option-checking --prefix=/home/ee475/local/encap/maven-sys-xcc --disable-werror --disable-nls --disable-libgomp --disable-libssp --disable-multilib --with-newlib --enable-languages=c,c++ --target=maven --enable-stow --cache-file=/dev/null --srcdir=../../src : (reconfigured) ../../src/configure --disable-option-checking --prefix=/home/ee475/local/encap/maven-sys-xcc --disable-werror --disable-nls --disable-libgomp --disable-libssp --disable-multilib --with-newlib --enable-languages=c,c++ --target=maven --cache-file=/dev/null --srcdir=../../src
Thread model: bthread
gcc version 4.4.1 (GCC) 
configure:2243: $? = 0
configure:2232: maven-gcc -V >&5
maven-gcc: '-V' option must have argument
configure:2243: $? = 1
configure:2232: maven-gcc -qversion >&5
maven-gcc: unrecognized option '-qversion'
maven-gcc: no input files
configure:2243: $? = 1
configure:2263: checking whether the C compiler works
configure:2285: maven-gcc    conftest.c  >&5
configure:2289: $? = 0
configure:2337: result: yes
configure:2340: checking for C compiler default output file name
configure:2342: result: a.out
configure:2348: checking for suffix of executables
configure:2355: maven-gcc -o conftest    conftest.c  >&5
configure:2359: $? = 0
configure:2381: result: 
configure:2403: checking whether we are cross compiling
configure:2411: maven-gcc -o conftest    conftest.c  >&5
configure:2415: $? = 0
configure:2422: ./conftest
../configure: line 2424: ./conftest: cannot execute binary file: Exec format error
configure:2426: $? = 126
configure:2441: result: yes
configure:2446: checking for suffix of object files
configure:2468: maven-gcc -c   conftest.c >&5
configure:2472: $? = 0
configure:2493: result: o
configure:2497: checking whether we are using the GNU C compiler
configure:2516: maven-gcc -c   conftest.c >&5
configure:2516: $? = 0
configure:2525: result: yes
configure:2534: checking whether maven-gcc accepts -g
configure:2554: maven-gcc -c -g  conftest.c >&5
configure:2554: $? = 0
configure:2595: result: yes
configure:2612: checking for maven-gcc option to accept ISO C89
configure:2676: maven-gcc  -c -g -O2  conftest.c >&5
configure:2676: $? = 0
configure:2689: result: none needed
configure:2727: checking for maven-g++
configure:2743: found /home/accts/mst45/cs420/cpsc420-hw/cpsc420-lab2/toolchain/local/encap/maven-sys-xcc/bin/maven-g++
configure:2754: result: maven-g++
configure:2825: checking for C++ compiler version
configure:2834: maven-g++ --version >&5
maven-g++ (GCC) 4.4.1
Copyright (C) 2009 Free Software Foundation, Inc.
This is free software; see the source for copying conditions.  There is NO
warranty; not even for MERCHANTABILITY or FITNESS FOR A PARTICULAR PURPOSE.

configure:2845: $? = 0
configure:2834: maven-g++ -v >&5
Using built-in specs.
Target: maven
Configured with: ../../src/configure --disable-option-checking --prefix=/home/ee475/local/encap/maven-sys-xcc --disable-werror --disable-nls --disable-libgomp --disable-libssp --disable-multilib --with-newlib --enable-languages=c,c++ --target=maven --enable-stow --cache-file=/dev/null --srcdir=../../src : (reconfigured) ../../src/configure --disable-option-checking --prefix=/home/ee475/local/encap/maven-sys-xcc --disable-werror --disable-nls --disable-libgomp --disable-libssp --disable-multilib --with-newlib --enable-languages=c,c++ --target=maven --cache-file=/dev/null --srcdir=../../src
Thread model: bthread
gcc version 4.4.1 (GCC) 
configure:2845: $? = 0
configure:2834: maven-g++ -V >&5
maven-g++: '-V' option must have argument
configure:2845: $? = 1
configure:2834: maven-g++ -qversion >&5
maven-g++: unrecognized option '-qversion'
maven-g++: no input files
configure:2845: $? = 1
configure:2849: checking whether we are using the GNU C++ compiler
configure:2868: maven-g++ -c   conftest.cpp >&5
configure:2868: $? = 0
configure:2877: result: yes
configure:2886: checking whether maven-g++ accepts -g
configure:2906: maven-g++ -c -g  conftest.cpp >&5
configure:2906: $? = 0
configure:2947: result: yes
configure:2978: checking for maven-ar
configure:2994: found /home/accts/mst45/cs420/cpsc420-hw/cpsc420-lab2/toolchain/local/encap/maven-sys-xcc/bin/maven-ar
configure:3005: result: maven-ar
configure:3070: checking for maven-ranlib
configure:3086: found /home/accts/mst45/cs420/cpsc420-hw/cpsc420-lab2/toolchain/local/encap/maven-sys-xcc/bin/maven-ranlib
configure:3097: result: maven-ranlib
configure:3206: checking for a BSD-compatible install
configure:3274: result: /usr/bin//install -c
configure:3417: checking for maven-isa-run
configure:3433: found /home/accts/mst45/cs420/cpsc420-hw/cpsc420-lab2/toolchain/local/bin/maven-isa-run
configure:3444: result: maven-isa-run
configure:3756: configuring internal subproject ubmark
configure:3900: creating ./config.status

## ---------------------- ##
## Running config.status. ##
## ---------------------- ##

This file was extended by ECE4750 Microbenchmark Suite config.status ?, which was
generated by GNU Autoconf 2.68.  Invocation command line was

  CONFIG_FILES    = 
  CONFIG_HEADERS  = 
  CONFIG_LINKS    = 
  CONFIG_COMMANDS = 
  $ ./config.status 

on giraffe.zoo.cs.yale.edu

config.status:835: creating ubmark.mk
config.status:835: creating Makefile
config.status:835: creating ubmark-config.h

## ---------------- ##
## Cache variables. ##
## ---------------- ##

ac_cv_build=x86_64-unknown-linux-gnu
ac_cv_c_compiler_gnu=yes
ac_cv_cxx_compiler_gnu=yes
ac_cv_env_CCC_set=
ac_cv_env_CCC_value=
ac_cv_env_CC_set=
ac_cv_env_CC_value=
ac_cv_env_CFLAGS_set=
ac_cv_env_CFLAGS_value=
ac_cv_env_CPPFLAGS_set=
ac_cv_env_CPPFLAGS_value=
ac_cv_env_CXXFLAGS_set=
ac_cv_env_CXXFLAGS_value=
ac_cv_env_CXX_set=
ac_cv_env_CXX_value=
ac_cv_env_LDFLAGS_set=
ac_cv_env_LDFLAGS_value=
ac_cv_env_LIBS_set=
ac_cv_env_LIBS_value=
ac_cv_env_STOW_PREFIX_set=
ac_cv_env_STOW_PREFIX_value=
ac_cv_env_STOW_ROOT_set=
ac_cv_env_STOW_ROOT_value=
ac_cv_env_build_alias_set=
ac_cv_env_build_alias_value=
ac_cv_env_host_alias_set=set
ac_cv_env_host_alias_value=maven
ac_cv_env_target_alias_set=
ac_cv_env_target_alias_value=
ac_cv_host=mipsmavenel-ucb-elf
ac_cv_objext=o
ac_cv_path_install='/usr/bin//install -c'
ac_cv_prog_AR=maven-ar
ac_cv_prog_CC=maven-gcc
ac_cv_prog_CXX=maven-g++
ac_cv_prog_RANLIB=maven-ranlib
ac_cv_prog_RUN=maven-isa-run
ac_cv_prog_cc_c89=
ac_cv_prog_cc_g=yes
ac_cv_prog_cxx_g=yes

## ----------------- ##
## Output variables. ##
## ----------------- ##

AR='maven-ar'
CC='maven-gcc'
CFLAGS='-Wall -g -O3'
CPPFLAGS=''
CXX='maven-g++'
CXXFLAGS='-Wall -g -O3 -D_MIPS_ARCH_LLFU'
DEFS='-DHAVE_CONFIG_H'
ECHO_C=''
ECHO_N='-n'
ECHO_T=''
EXEEXT=''
INSTALL_DATA='${INSTALL} -m 644'
INSTALL_PROGRAM='${INSTALL}'
INSTALL_SCRIPT='${INSTALL}'
LDFLAGS=''
LIBOBJS=''
LIBS=''
LTLIBOBJS=''
OBJEXT='o'
PACKAGE_BUGREPORT='Ji Kim'
PACKAGE_NAME='ECE4750 Microbenchmark Suite'
PACKAGE_STRING='ECE4750 Microbenchmark Suite ?'
PACKAGE_TARNAME='ubmark'
PACKAGE_URL=''
PACKAGE_VERSION='?'
PATH_SEPARATOR=':'
RANLIB='maven-ranlib'
RUN='maven-isa-run'
RUNFLAGS=''
SHELL='/bin/sh'
STOW_PREFIX=''
STOW_ROOT=''
ac_ct_CC=''
ac_ct_CXX=''
ac_ct_RUN=''
bindir='${exec_prefix}/bin'
build='x86_64-unknown-linux-gnu'
build_alias=''
build_cpu='x86_64'
build_os='linux-gnu'
build_vendor='unknown'
datadir='${datarootdir}'
datarootdir='${prefix}/share'
docdir='${datarootdir}/doc/${PACKAGE_TARNAME}'
dvidir='${docdir}'
enable_stow='no'
exec_prefix='${prefix}'
host='mipsmavenel-ucb-elf'
host_alias='maven'
host_cpu='mipsmavenel'
host_os='elf'
host_vendor='ucb'
htmldir='${docdir}'
includedir='${prefix}/include'
infodir='${datarootdir}/info'
libdir='${exec_prefix}/lib'
libexecdir='${exec_prefix}/libexec'
localedir='${datarootdir}/locale'
localstatedir='${prefix}/var'
mandir='${datarootdir}/man'
mcppbs_include_external=''
mcppbs_include_external_en=''
mcppbs_include_internal='ubmark '
mcppbs_include_internal_en='ubmark '
mcppbs_install=''
oldincludedir='/usr/include'
pdfdir='${docdir}'
prefix='/usr/local'
program_transform_name='s,x,x,'
psdir='${docdir}'
sbindir='${exec_prefix}/sbin'
sharedstatedir='${prefix}/com'
stow=''
sysconfdir='${prefix}/etc'
target_alias=''
ubmark_cppflags='-I../ubmark '
ubmark_extra_cppflags=''
ubmark_extra_ldflags=''
ubmark_extra_libs=''
ubmark_intdeps=''
ubmark_ldflags=''
ubmark_libs='-lubmark '
ubmark_pkcdeps=''

## ----------- ##
## confdefs.h. ##
## ----------- ##

/* confdefs.h */
#define PACKAGE_NAME "ECE4750 Microbenchmark Suite"
#define PACKAGE_TARNAME "ubmark"
#define PACKAGE_VERSION "?"
#define PACKAGE_STRING "ECE4750 Microbenchmark Suite ?"
#define PACKAGE_BUGREPORT "Ji Kim"
#define PACKAGE_URL ""
#define HAVE_UBMARK /**/

configure: exit 0
