WARNING: ../pv2stall/pv2stall-sim.v:154: $readmemh: Standard inconsistency, following 1364-2005.
{ xxxxxxxx |        |        |        |        }
{ xxxxxxxx |        |        |        |        }
{ xxxxxxxx |        |        |        |        }
{ 00080000 |  (-_-) |  (-_-) |  (-_-) |  (-_-) }
{ 00080000 |  (-_-) |  (-_-) |  (-_-) |  (-_-) }
{ 00080004 |  addiu |  (-_-) |  (-_-) |  (-_-) }
{#00080008 |# addiu |  addiu |  (-_-) |  (-_-) }
{#00080008 |# addiu |  (-_-) |  addiu |  (-_-) }
{#00080008 |# addiu |  (-_-) |  (-_-) |  addiu }
{ 00080008 |  addiu |  (-_-) |  (-_-) |  (-_-) }
{ 0008000c |  addiu |  addiu |  (-_-) |  (-_-) }
{#00080010 |# bne   |  addiu |  addiu |  (-_-) }
{#00080010 |# bne   |  (-_-) |  addiu |  addiu }
{ 00080010 |  bne   |  (-_-) |  (-_-) |  addiu }
{ 00080014 |  addiu |  bne   |  (-_-) |  (-_-) }
{#00080018 |# addiu |  addiu |  bne   |  (-_-) }
{#00080018 |# addiu |  (-_-) |  addiu |  bne   }
{#00080018 |# addiu |  (-_-) |  (-_-) |  addiu }
{ 00080018 |  addiu |  (-_-) |  (-_-) |  (-_-) }
{ 0008001c |  addiu |  addiu |  (-_-) |  (-_-) }
{ 00080020 |  addiu |  addiu |  addiu |  (-_-) }
{#00080024 |# bne   |  addiu |  addiu |  addiu }
{#00080024 |# bne   |  (-_-) |  addiu |  addiu }
{#00080024 |# bne   |  (-_-) |  (-_-) |  addiu }
{ 00080024 |  bne   |  (-_-) |  (-_-) |  (-_-) }
{ 00080028 |  addiu |  bne   |  (-_-) |  (-_-) }
{#0008002c |# addiu |  addiu |  bne   |  (-_-) }
{#0008002c |# addiu |  (-_-) |  addiu |  bne   }
{#0008002c |# addiu |  (-_-) |  (-_-) |  addiu }
{ 0008002c |  addiu |  (-_-) |  (-_-) |  (-_-) }
{ 00080030 |  addiu |  addiu |  (-_-) |  (-_-) }
{ 00080034 |  addiu |  addiu |  addiu |  (-_-) }
{#00080038 |# bne   |  addiu |  addiu |  addiu }
{#00080038 |# bne   |  (-_-) |  addiu |  addiu }
{#00080038 |# bne   |  (-_-) |  (-_-) |  addiu }
{ 00080038 |  bne   |  (-_-) |  (-_-) |  (-_-) }
{ 0008003c |  addiu |  bne   |  (-_-) |  (-_-) }
{#00080040 |# addiu |  addiu |  bne   |  (-_-) }
{#00080040 |# addiu |  (-_-) |  addiu |  bne   }
{#00080040 |# addiu |  (-_-) |  (-_-) |  addiu }
{ 00080040 |  addiu |  (-_-) |  (-_-) |  (-_-) }
{ 00080044 |  addiu |  addiu |  (-_-) |  (-_-) }
{ 00080048 |  addiu |  addiu |  addiu |  (-_-) }
{#0008004c |# bne   |  addiu |  addiu |  addiu }
{#0008004c |# bne   |  (-_-) |  addiu |  addiu }
{#0008004c |# bne   |  (-_-) |  (-_-) |  addiu }
{ 0008004c |  bne   |  (-_-) |  (-_-) |  (-_-) }
{ 00080050 |  lui   |  bne   |  (-_-) |  (-_-) }
{#00080054 |# addiu |  lui   |  bne   |  (-_-) }
{#00080054 |# addiu |  (-_-) |  lui   |  bne   }
{#00080054 |# addiu |  (-_-) |  (-_-) |  lui   }
{ 00080054 |  addiu |  (-_-) |  (-_-) |  (-_-) }
{ 00080058 |  addiu |  addiu |  (-_-) |  (-_-) }
{ 0008005c |  lui   |  addiu |  addiu |  (-_-) }
{#00080060 |# bne   |  lui   |  addiu |  addiu }
{#00080060 |# bne   |  (-_-) |  lui   |  addiu }
{#00080060 |# bne   |  (-_-) |  (-_-) |  lui   }
{ 00080060 |  bne   |  (-_-) |  (-_-) |  (-_-) }
{ 00080064 |  lui   |  bne   |  (-_-) |  (-_-) }
{#00080068 |# addiu |  lui   |  bne   |  (-_-) }
{#00080068 |# addiu |  (-_-) |  lui   |  bne   }
{#00080068 |# addiu |  (-_-) |  (-_-) |  lui   }
{ 00080068 |  addiu |  (-_-) |  (-_-) |  (-_-) }
{ 0008006c |  addiu |  addiu |  (-_-) |  (-_-) }
{ 00080070 |  lui   |  addiu |  addiu |  (-_-) }
{#00080074 |# ori   |  lui   |  addiu |  addiu }
{#00080074 |# ori   |  (-_-) |  lui   |  addiu }
{#00080074 |# ori   |  (-_-) |  (-_-) |  lui   }
{ 00080074 |  ori   |  (-_-) |  (-_-) |  (-_-) }
{#00080078 |# bne   |  ori   |  (-_-) |  (-_-) }
{#00080078 |# bne   |  (-_-) |  ori   |  (-_-) }
{#00080078 |# bne   |  (-_-) |  (-_-) |  ori   }
{ 00080078 |  bne   |  (-_-) |  (-_-) |  (-_-) }
{ 0008007c |  addiu |  bne   |  (-_-) |  (-_-) }
{#00080080 |# addiu |  addiu |  bne   |  (-_-) }
{#00080080 |# addiu |  (-_-) |  addiu |  bne   }
{#00080080 |# addiu |  (-_-) |  (-_-) |  addiu }
{ 00080080 |  addiu |  (-_-) |  (-_-) |  (-_-) }
{ 00080084 |  addiu |  addiu |  (-_-) |  (-_-) }
{ 00080088 |  addiu |  addiu |  addiu |  (-_-) }
{#0008008c |# bne   |  addiu |  addiu |  addiu }
{#0008008c |# bne   |  (-_-) |  addiu |  addiu }
{#0008008c |# bne   |  (-_-) |  (-_-) |  addiu }
{ 0008008c |  bne   |  (-_-) |  (-_-) |  (-_-) }
{ 00080090 |  lui   |  bne   |  (-_-) |  (-_-) }
{#00080094 |# ori   |  lui   |  bne   |  (-_-) }
{#00080094 |# ori   |  (-_-) |  lui   |  bne   }
{#00080094 |# ori   |  (-_-) |  (-_-) |  lui   }
{ 00080094 |  ori   |  (-_-) |  (-_-) |  (-_-) }
{#00080098 |# addiu |  ori   |  (-_-) |  (-_-) }
{#00080098 |# addiu |  (-_-) |  ori   |  (-_-) }
{#00080098 |# addiu |  (-_-) |  (-_-) |  ori   }
{ 00080098 |  addiu |  (-_-) |  (-_-) |  (-_-) }
{ 0008009c |  addiu |  addiu |  (-_-) |  (-_-) }
{ 000800a0 |  lui   |  addiu |  addiu |  (-_-) }
{#000800a4 |# ori   |  lui   |  addiu |  addiu }
{#000800a4 |# ori   |  (-_-) |  lui   |  addiu }
{#000800a4 |# ori   |  (-_-) |  (-_-) |  lui   }
{ 000800a4 |  ori   |  (-_-) |  (-_-) |  (-_-) }
{#000800a8 |# bne   |  ori   |  (-_-) |  (-_-) }
{#000800a8 |# bne   |  (-_-) |  ori   |  (-_-) }
{#000800a8 |# bne   |  (-_-) |  (-_-) |  ori   }
{ 000800a8 |  bne   |  (-_-) |  (-_-) |  (-_-) }
{ 000800ac |  lui   |  bne   |  (-_-) |  (-_-) }
{#000800b0 |# ori   |  lui   |  bne   |  (-_-) }
{#000800b0 |# ori   |  (-_-) |  lui   |  bne   }
{#000800b0 |# ori   |  (-_-) |  (-_-) |  lui   }
{ 000800b0 |  ori   |  (-_-) |  (-_-) |  (-_-) }
{#000800b4 |# addiu |  ori   |  (-_-) |  (-_-) }
{#000800b4 |# addiu |  (-_-) |  ori   |  (-_-) }
{#000800b4 |# addiu |  (-_-) |  (-_-) |  ori   }
{ 000800b4 |  addiu |  (-_-) |  (-_-) |  (-_-) }
{ 000800b8 |  addiu |  addiu |  (-_-) |  (-_-) }
{ 000800bc |  lui   |  addiu |  addiu |  (-_-) }
{#000800c0 |# ori   |  lui   |  addiu |  addiu }
{#000800c0 |# ori   |  (-_-) |  lui   |  addiu }
{#000800c0 |# ori   |  (-_-) |  (-_-) |  lui   }
{ 000800c0 |  ori   |  (-_-) |  (-_-) |  (-_-) }
{#000800c4 |# bne   |  ori   |  (-_-) |  (-_-) }
{#000800c4 |# bne   |  (-_-) |  ori   |  (-_-) }
{#000800c4 |# bne   |  (-_-) |  (-_-) |  ori   }
{ 000800c4 |  bne   |  (-_-) |  (-_-) |  (-_-) }
{ 000800c8 |  lui   |  bne   |  (-_-) |  (-_-) }
{#000800cc |# addiu |  lui   |  bne   |  (-_-) }
{#000800cc |# addiu |  (-_-) |  lui   |  bne   }
{#000800cc |# addiu |  (-_-) |  (-_-) |  lui   }
{ 000800cc |  addiu |  (-_-) |  (-_-) |  (-_-) }
{ 000800d0 |  addiu |  addiu |  (-_-) |  (-_-) }
{ 000800d4 |  lui   |  addiu |  addiu |  (-_-) }
{#000800d8 |# ori   |  lui   |  addiu |  addiu }
{#000800d8 |# ori   |  (-_-) |  lui   |  addiu }
{#000800d8 |# ori   |  (-_-) |  (-_-) |  lui   }
{ 000800d8 |  ori   |  (-_-) |  (-_-) |  (-_-) }
{#000800dc |# bne   |  ori   |  (-_-) |  (-_-) }
{#000800dc |# bne   |  (-_-) |  ori   |  (-_-) }
{#000800dc |# bne   |  (-_-) |  (-_-) |  ori   }
{ 000800dc |  bne   |  (-_-) |  (-_-) |  (-_-) }
{ 000800e0 |  lui   |  bne   |  (-_-) |  (-_-) }
{#000800e4 |# ori   |  lui   |  bne   |  (-_-) }
{#000800e4 |# ori   |  (-_-) |  lui   |  bne   }
{#000800e4 |# ori   |  (-_-) |  (-_-) |  lui   }
{ 000800e4 |  ori   |  (-_-) |  (-_-) |  (-_-) }
{#000800e8 |# addiu |  ori   |  (-_-) |  (-_-) }
{#000800e8 |# addiu |  (-_-) |  ori   |  (-_-) }
{#000800e8 |# addiu |  (-_-) |  (-_-) |  ori   }
{ 000800e8 |  addiu |  (-_-) |  (-_-) |  (-_-) }
{ 000800ec |  addiu |  addiu |  (-_-) |  (-_-) }
{ 000800f0 |  lui   |  addiu |  addiu |  (-_-) }
{#000800f4 |# ori   |  lui   |  addiu |  addiu }
{#000800f4 |# ori   |  (-_-) |  lui   |  addiu }
{#000800f4 |# ori   |  (-_-) |  (-_-) |  lui   }
{ 000800f4 |  ori   |  (-_-) |  (-_-) |  (-_-) }
{#000800f8 |# bne   |  ori   |  (-_-) |  (-_-) }
{#000800f8 |# bne   |  (-_-) |  ori   |  (-_-) }
{#000800f8 |# bne   |  (-_-) |  (-_-) |  ori   }
{ 000800f8 |  bne   |  (-_-) |  (-_-) |  (-_-) }
{ 000800fc |  addiu |  bne   |  (-_-) |  (-_-) }
{#00080100 |# addiu |  addiu |  bne   |  (-_-) }
{#00080100 |# addiu |  (-_-) |  addiu |  bne   }
{#00080100 |# addiu |  (-_-) |  (-_-) |  addiu }
{ 00080100 |  addiu |  (-_-) |  (-_-) |  (-_-) }
{ 00080104 |  addiu |  addiu |  (-_-) |  (-_-) }
{ 00080108 |  addiu |  addiu |  addiu |  (-_-) }
{#0008010c |# bne   |  addiu |  addiu |  addiu }
{#0008010c |# bne   |  (-_-) |  addiu |  addiu }
{#0008010c |# bne   |  (-_-) |  (-_-) |  addiu }
{ 0008010c |  bne   |  (-_-) |  (-_-) |  (-_-) }
{ 00080110 |  addiu |  bne   |  (-_-) |  (-_-) }
{#00080114 |# addiu |  addiu |  bne   |  (-_-) }
{#00080114 |# addiu |  (-_-) |  addiu |  bne   }
{#00080114 |# addiu |  (-_-) |  (-_-) |  addiu }
{ 00080114 |  addiu |  (-_-) |  (-_-) |  (-_-) }
{ 00080118 |  addiu |  addiu |  (-_-) |  (-_-) }
{#0008011c |# bne   |  addiu |  addiu |  (-_-) }
{#0008011c |# bne   |  (-_-) |  addiu |  addiu }
{ 0008011c |  bne   |  (-_-) |  (-_-) |  addiu }
{ 00080120 |  addiu |  bne   |  (-_-) |  (-_-) }
{#00080124 |# addiu |  addiu |  bne   |  (-_-) }
{#00080124 |# addiu |  (-_-) |  addiu |  bne   }
{#00080124 |# addiu |  (-_-) |  (-_-) |  addiu }
{ 00080124 |  addiu |  (-_-) |  (-_-) |  (-_-) }
{ 00080128 |  addiu |  addiu |  (-_-) |  (-_-) }
{ 0008012c |  addiu |  addiu |  addiu |  (-_-) }
{#00080130 |# bne   |  addiu |  addiu |  addiu }
{#00080130 |# bne   |  (-_-) |  addiu |  addiu }
{#00080130 |# bne   |  (-_-) |  (-_-) |  addiu }
{ 00080130 |  bne   |  (-_-) |  (-_-) |  (-_-) }
{ 00080134 |  addiu |  bne   |  (-_-) |  (-_-) }
{#00080138 |# addiu |  addiu |  bne   |  (-_-) }
{#00080138 |# addiu |  (-_-) |  addiu |  bne   }
{#00080138 |# addiu |  (-_-) |  (-_-) |  addiu }
{ 00080138 |  addiu |  (-_-) |  (-_-) |  (-_-) }
{ 0008013c |  addiu |  addiu |  (-_-) |  (-_-) }
{ 00080140 |  addiu |  addiu |  addiu |  (-_-) }
{#00080144 |# bne   |  addiu |  addiu |  addiu }
{#00080144 |# bne   |  (-_-) |  addiu |  addiu }
{#00080144 |# bne   |  (-_-) |  (-_-) |  addiu }
{ 00080144 |  bne   |  (-_-) |  (-_-) |  (-_-) }
{ 00080148 |  addiu |  bne   |  (-_-) |  (-_-) }
{#0008014c |# addiu |  addiu |  bne   |  (-_-) }
{#0008014c |# addiu |  (-_-) |  addiu |  bne   }
{#0008014c |# addiu |  (-_-) |  (-_-) |  addiu }
{ 0008014c |  addiu |  (-_-) |  (-_-) |  (-_-) }
{#00080150 |# addiu |  addiu |  (-_-) |  (-_-) }
{#00080150 |# addiu |  (-_-) |  addiu |  (-_-) }
{#00080150 |# addiu |  (-_-) |  (-_-) |  addiu }
{ 00080150 |  addiu |  (-_-) |  (-_-) |  (-_-) }
{ 00080154 |  addiu |  addiu |  (-_-) |  (-_-) }
{ 00080158 |  addiu |  addiu |  addiu |  (-_-) }
{#0008015c |# bne   |  addiu |  addiu |  addiu }
{#0008015c |# bne   |  (-_-) |  addiu |  addiu }
{#0008015c |# bne   |  (-_-) |  (-_-) |  addiu }
{ 0008015c |  bne   |  (-_-) |  (-_-) |  (-_-) }
{ 00080160 |  addiu |  bne   |  (-_-) |  (-_-) }
{#00080164 |# addiu |  addiu |  bne   |  (-_-) }
{#00080164 |# addiu |  (-_-) |  addiu |  bne   }
{#00080164 |# addiu |  (-_-) |  (-_-) |  addiu }
{ 00080164 |  addiu |  (-_-) |  (-_-) |  (-_-) }
{ 00080168 |  nop   |  addiu |  (-_-) |  (-_-) }
{#0008016c |# addiu |  nop   |  addiu |  (-_-) }
{#0008016c |# addiu |  (-_-) |  nop   |  addiu }
{ 0008016c |  addiu |  (-_-) |  (-_-) |  nop   }
{ 00080170 |  addiu |  addiu |  (-_-) |  (-_-) }
{ 00080174 |  addiu |  addiu |  addiu |  (-_-) }
{#00080178 |# bne   |  addiu |  addiu |  addiu }
{#00080178 |# bne   |  (-_-) |  addiu |  addiu }
{#00080178 |# bne   |  (-_-) |  (-_-) |  addiu }
{ 00080178 |  bne   |  (-_-) |  (-_-) |  (-_-) }
{ 0008017c |  addiu |  bne   |  (-_-) |  (-_-) }
{#00080180 |# addiu |  addiu |  bne   |  (-_-) }
{#00080180 |# addiu |  (-_-) |  addiu |  bne   }
{#00080180 |# addiu |  (-_-) |  (-_-) |  addiu }
{ 00080180 |  addiu |  (-_-) |  (-_-) |  (-_-) }
{ 00080184 |  nop   |  addiu |  (-_-) |  (-_-) }
{ 00080188 |  nop   |  nop   |  addiu |  (-_-) }
{#0008018c |# addiu |  nop   |  nop   |  addiu }
{ 0008018c |  addiu |  (-_-) |  nop   |  nop   }
{ 00080190 |  addiu |  addiu |  (-_-) |  nop   }
{ 00080194 |  addiu |  addiu |  addiu |  (-_-) }
{#00080198 |# bne   |  addiu |  addiu |  addiu }
{#00080198 |# bne   |  (-_-) |  addiu |  addiu }
{#00080198 |# bne   |  (-_-) |  (-_-) |  addiu }
{ 00080198 |  bne   |  (-_-) |  (-_-) |  (-_-) }
{ 0008019c |  addiu |  bne   |  (-_-) |  (-_-) }
{#000801a0 |# addiu |  addiu |  bne   |  (-_-) }
{#000801a0 |# addiu |  (-_-) |  addiu |  bne   }
{#000801a0 |# addiu |  (-_-) |  (-_-) |  addiu }
{ 000801a0 |  addiu |  (-_-) |  (-_-) |  (-_-) }
{ 000801a4 |  addiu |  addiu |  (-_-) |  (-_-) }
{ 000801a8 |  addiu |  addiu |  addiu |  (-_-) }
{#000801ac |# bne   |  addiu |  addiu |  addiu }
{#000801ac |# bne   |  (-_-) |  addiu |  addiu }
{#000801ac |# bne   |  (-_-) |  (-_-) |  addiu }
{ 000801ac |  bne   |  (-_-) |  (-_-) |  (-_-) }
{ 000801b0 |  addiu |  bne   |  (-_-) |  (-_-) }
{ 000801b4 |  nop   |  addiu |  bne   |  (-_-) }
{#000801b8 |# addiu |  nop   |  addiu |  bne   }
{#000801b8 |# addiu |  (-_-) |  nop   |  addiu }
{ 000801b8 |  addiu |  (-_-) |  (-_-) |  nop   }
{ 000801bc |  addiu |  addiu |  (-_-) |  (-_-) }
{ 000801c0 |  addiu |  addiu |  addiu |  (-_-) }
{#000801c4 |# bne   |  addiu |  addiu |  addiu }
{#000801c4 |# bne   |  (-_-) |  addiu |  addiu }
{#000801c4 |# bne   |  (-_-) |  (-_-) |  addiu }
{ 000801c4 |  bne   |  (-_-) |  (-_-) |  (-_-) }
{ 000801c8 |  addiu |  bne   |  (-_-) |  (-_-) }
{ 000801cc |  nop   |  addiu |  bne   |  (-_-) }
{ 000801d0 |  nop   |  nop   |  addiu |  bne   }
{#000801d4 |# addiu |  nop   |  nop   |  addiu }
{ 000801d4 |  addiu |  (-_-) |  nop   |  nop   }
{ 000801d8 |  addiu |  addiu |  (-_-) |  nop   }
{ 000801dc |  addiu |  addiu |  addiu |  (-_-) }
{#000801e0 |# bne   |  addiu |  addiu |  addiu }
{#000801e0 |# bne   |  (-_-) |  addiu |  addiu }
{#000801e0 |# bne   |  (-_-) |  (-_-) |  addiu }
{ 000801e0 |  bne   |  (-_-) |  (-_-) |  (-_-) }
{ 000801e4 |  addiu |  bne   |  (-_-) |  (-_-) }
{ 000801e8 |  addiu |  addiu |  bne   |  (-_-) }
{#000801ec |# mtc0  |  addiu |  addiu |  bne   }
{#000801ec |# mtc0  |  (-_-) |  addiu |  addiu }
{ 000801ec |  mtc0  |  (-_-) |  (-_-) |  addiu }
{ 000801f0 |  bne   |  mtc0  |  (-_-) |  (-_-) }
{-000801f4-|- nop  -|  bne   |  mtc0  |  (-_-) }
{ 000801ec |  (-_-) |  (-_-) |  bne   |  mtc0  }
*** PASSED ***
{ 000801f0 |  bne   |  (-_-) |  (-_-) |  bne   }
{-000801f4-|