WARNING: ../pv2stall/pv2stall-sim.v:154: $readmemh: Standard inconsistency, following 1364-2005.
00080000: 24020000: addiu r 2, r 0, 0000 
r00=xxxxxxxx r01=xxxxxxxx r02=00000000 r03=xxxxxxxx r04=xxxxxxxx r05=xxxxxxxx
r06=xxxxxxxx r07=xxxxxxxx r08=xxxxxxxx r09=xxxxxxxx r10=xxxxxxxx r11=xxxxxxxx
r12=xxxxxxxx r13=xxxxxxxx r14=xxxxxxxx r15=xxxxxxxx r16=xxxxxxxx r17=xxxxxxxx
r18=xxxxxxxx r19=xxxxxxxx r20=xxxxxxxx r21=xxxxxxxx r22=xxxxxxxx r23=xxxxxxxx
r24=xxxxxxxx r25=xxxxxxxx r26=xxxxxxxx r27=xxxxxxxx r28=xxxxxxxx r29=xxxxxxxx
r30=xxxxxxxx r31=xxxxxxxx
-----
00080004: 24440000: addiu r 4, r 2, 0000 
r00=xxxxxxxx r01=xxxxxxxx r02=00000000 r03=xxxxxxxx r04=00000000 r05=xxxxxxxx
r06=xxxxxxxx r07=xxxxxxxx r08=xxxxxxxx r09=xxxxxxxx r10=xxxxxxxx r11=xxxxxxxx
r12=xxxxxxxx r13=xxxxxxxx r14=xxxxxxxx r15=xxxxxxxx r16=xxxxxxxx r17=xxxxxxxx
r18=xxxxxxxx r19=xxxxxxxx r20=xxxxxxxx r21=xxxxxxxx r22=xxxxxxxx r23=xxxxxxxx
r24=xxxxxxxx r25=xxxxxxxx r26=xxxxxxxx r27=xxxxxxxx r28=xxxxxxxx r29=xxxxxxxx
r30=xxxxxxxx r31=xxxxxxxx
-----
00080008: 241d000d: addiu r29, r 0, 000d 
r00=xxxxxxxx r01=xxxxxxxx r02=00000000 r03=xxxxxxxx r04=00000000 r05=xxxxxxxx
r06=xxxxxxxx r07=xxxxxxxx r08=xxxxxxxx r09=xxxxxxxx r10=xxxxxxxx r11=xxxxxxxx
r12=xxxxxxxx r13=xxxxxxxx r14=xxxxxxxx r15=xxxxxxxx r16=xxxxxxxx r17=xxxxxxxx
r18=xxxxxxxx r19=xxxxxxxx r20=xxxxxxxx r21=xxxxxxxx r22=xxxxxxxx r23=xxxxxxxx
r24=xxxxxxxx r25=xxxxxxxx r26=xxxxxxxx r27=xxxxxxxx r28=xxxxxxxx r29=0000000d
r30=xxxxxxxx r31=xxxxxxxx
-----
0008000c: 14800075: bne   r 4, r 0, 0075 
r00=xxxxxxxx r01=xxxxxxxx r02=00000000 r03=xxxxxxxx r04=00000000 r05=xxxxxxxx
r06=xxxxxxxx r07=xxxxxxxx r08=xxxxxxxx r09=xxxxxxxx r10=xxxxxxxx r11=xxxxxxxx
r12=xxxxxxxx r13=xxxxxxxx r14=xxxxxxxx r15=xxxxxxxx r16=xxxxxxxx r17=xxxxxxxx
r18=xxxxxxxx r19=xxxxxxxx r20=xxxxxxxx r21=xxxxxxxx r22=xxxxxxxx r23=xxxxxxxx
r24=xxxxxxxx r25=xxxxxxxx r26=xxxxxxxx r27=xxxxxxxx r28=xxxxxxxx r29=0000000d
r30=xxxxxxxx r31=xxxxxxxx
-----
00080010: 24020001: addiu r 2, r 0, 0001 
r00=xxxxxxxx r01=xxxxxxxx r02=00000001 r03=xxxxxxxx r04=00000000 r05=xxxxxxxx
r06=xxxxxxxx r07=xxxxxxxx r08=xxxxxxxx r09=xxxxxxxx r10=xxxxxxxx r11=xxxxxxxx
r12=xxxxxxxx r13=xxxxxxxx r14=xxxxxxxx r15=xxxxxxxx r16=xxxxxxxx r17=xxxxxxxx
r18=xxxxxxxx r19=xxxxxxxx r20=xxxxxxxx r21=xxxxxxxx r22=xxxxxxxx r23=xxxxxxxx
r24=xxxxxxxx r25=xxxxxxxx r26=xxxxxxxx r27=xxxxxxxx r28=xxxxxxxx r29=0000000d
r30=xxxxxxxx r31=xxxxxxxx
-----
00080014: 24440001: addiu r 4, r 2, 0001 
r00=xxxxxxxx r01=xxxxxxxx r02=00000001 r03=xxxxxxxx r04=00000002 r05=xxxxxxxx
r06=xxxxxxxx r07=xxxxxxxx r08=xxxxxxxx r09=xxxxxxxx r10=xxxxxxxx r11=xxxxxxxx
r12=xxxxxxxx r13=xxxxxxxx r14=xxxxxxxx r15=xxxxxxxx r16=xxxxxxxx r17=xxxxxxxx
r18=xxxxxxxx r19=xxxxxxxx r20=xxxxxxxx r21=xxxxxxxx r22=xxxxxxxx r23=xxxxxxxx
r24=xxxxxxxx r25=xxxxxxxx r26=xxxxxxxx r27=xxxxxxxx r28=xxxxxxxx r29=0000000d
r30=xxxxxxxx r31=xxxxxxxx
-----
00080018: 241d000e: addiu r29, r 0, 000e 
r00=xxxxxxxx r01=xxxxxxxx r02=00000001 r03=xxxxxxxx r04=00000002 r05=xxxxxxxx
r06=xxxxxxxx r07=xxxxxxxx r08=xxxxxxxx r09=xxxxxxxx r10=xxxxxxxx r11=xxxxxxxx
r12=xxxxxxxx r13=xxxxxxxx r14=xxxxxxxx r15=xxxxxxxx r16=xxxxxxxx r17=xxxxxxxx
r18=xxxxxxxx r19=xxxxxxxx r20=xxxxxxxx r21=xxxxxxxx r22=xxxxxxxx r23=xxxxxxxx
r24=xxxxxxxx r25=xxxxxxxx r26=xxxxxxxx r27=xxxxxxxx r28=xxxxxxxx r29=0000000e
r30=xxxxxxxx r31=xxxxxxxx
-----
0008001c: 241e0002: addiu r30, r 0, 0002 
r00=xxxxxxxx r01=xxxxxxxx r02=00000001 r03=xxxxxxxx r04=00000002 r05=xxxxxxxx
r06=xxxxxxxx r07=xxxxxxxx r08=xxxxxxxx r09=xxxxxxxx r10=xxxxxxxx r11=xxxxxxxx
r12=xxxxxxxx r13=xxxxxxxx r14=xxxxxxxx r15=xxxxxxxx r16=xxxxxxxx r17=xxxxxxxx
r18=xxxxxxxx r19=xxxxxxxx r20=xxxxxxxx r21=xxxxxxxx r22=xxxxxxxx r23=xxxxxxxx
r24=xxxxxxxx r25=xxxxxxxx r26=xxxxxxxx r27=xxxxxxxx r28=xxxxxxxx r29=0000000e
r30=00000002 r31=xxxxxxxx
-----
00080020: 149e0070: bne   r 4, r30, 0070 
r00=xxxxxxxx r01=xxxxxxxx r02=00000001 r03=xxxxxxxx r04=00000002 r05=xxxxxxxx
r06=xxxxxxxx r07=xxxxxxxx r08=xxxxxxxx r09=xxxxxxxx r10=xxxxxxxx r11=xxxxxxxx
r12=xxxxxxxx r13=xxxxxxxx r14=xxxxxxxx r15=xxxxxxxx r16=xxxxxxxx r17=xxxxxxxx
r18=xxxxxxxx r19=xxxxxxxx r20=xxxxxxxx r21=xxxxxxxx r22=xxxxxxxx r23=xxxxxxxx
r24=xxxxxxxx r25=xxxxxxxx r26=xxxxxxxx r27=xxxxxxxx r28=xxxxxxxx r29=0000000e
r30=00000002 r31=xxxxxxxx
-----
00080024: 24020003: addiu r 2, r 0, 0003 
r00=xxxxxxxx r01=xxxxxxxx r02=00000003 r03=xxxxxxxx r04=00000002 r05=xxxxxxxx
r06=xxxxxxxx r07=xxxxxxxx r08=xxxxxxxx r09=xxxxxxxx r10=xxxxxxxx r11=xxxxxxxx
r12=xxxxxxxx r13=xxxxxxxx r14=xxxxxxxx r15=xxxxxxxx r16=xxxxxxxx r17=xxxxxxxx
r18=xxxxxxxx r19=xxxxxxxx r20=xxxxxxxx r21=xxxxxxxx r22=xxxxxxxx r23=xxxxxxxx
r24=xxxxxxxx r25=xxxxxxxx r26=xxxxxxxx r27=xxxxxxxx r28=xxxxxxxx r29=0000000e
r30=00000002 r31=xxxxxxxx
-----
00080028: 24440007: addiu r 4, r 2, 0007 
r00=xxxxxxxx r01=xxxxxxxx r02=00000003 r03=xxxxxxxx r04=0000000a r05=xxxxxxxx
r06=xxxxxxxx r07=xxxxxxxx r08=xxxxxxxx r09=xxxxxxxx r10=xxxxxxxx r11=xxxxxxxx
r12=xxxxxxxx r13=xxxxxxxx r14=xxxxxxxx r15=xxxxxxxx r16=xxxxxxxx r17=xxxxxxxx
r18=xxxxxxxx r19=xxxxxxxx r20=xxxxxxxx r21=xxxxxxxx r22=xxxxxxxx r23=xxxxxxxx
r24=xxxxxxxx r25=xxxxxxxx r26=xxxxxxxx r27=xxxxxxxx r28=xxxxxxxx r29=0000000e
r30=00000002 r31=xxxxxxxx
-----
0008002c: 241d000f: addiu r29, r 0, 000f 
r00=xxxxxxxx r01=xxxxxxxx r02=00000003 r03=xxxxxxxx r04=0000000a r05=xxxxxxxx
r06=xxxxxxxx r07=xxxxxxxx r08=xxxxxxxx r09=xxxxxxxx r10=xxxxxxxx r11=xxxxxxxx
r12=xxxxxxxx r13=xxxxxxxx r14=xxxxxxxx r15=xxxxxxxx r16=xxxxxxxx r17=xxxxxxxx
r18=xxxxxxxx r19=xxxxxxxx r20=xxxxxxxx r21=xxxxxxxx r22=xxxxxxxx r23=xxxxxxxx
r24=xxxxxxxx r25=xxxxxxxx r26=xxxxxxxx r27=xxxxxxxx r28=xxxxxxxx r29=0000000f
r30=00000002 r31=xxxxxxxx
-----
00080030: 241e000a: addiu r30, r 0, 000a 
r00=xxxxxxxx r01=xxxxxxxx r02=00000003 r03=xxxxxxxx r04=0000000a r05=xxxxxxxx
r06=xxxxxxxx r07=xxxxxxxx r08=xxxxxxxx r09=xxxxxxxx r10=xxxxxxxx r11=xxxxxxxx
r12=xxxxxxxx r13=xxxxxxxx r14=xxxxxxxx r15=xxxxxxxx r16=xxxxxxxx r17=xxxxxxxx
r18=xxxxxxxx r19=xxxxxxxx r20=xxxxxxxx r21=xxxxxxxx r22=xxxxxxxx r23=xxxxxxxx
r24=xxxxxxxx r25=xxxxxxxx r26=xxxxxxxx r27=xxxxxxxx r28=xxxxxxxx r29=0000000f
r30=0000000a r31=xxxxxxxx
-----
00080034: 149e006b: bne   r 4, r30, 006b 
r00=xxxxxxxx r01=xxxxxxxx r02=00000003 r03=xxxxxxxx r04=0000000a r05=xxxxxxxx
r06=xxxxxxxx r07=xxxxxxxx r08=xxxxxxxx r09=xxxxxxxx r10=xxxxxxxx r11=xxxxxxxx
r12=xxxxxxxx r13=xxxxxxxx r14=xxxxxxxx r15=xxxxxxxx r16=xxxxxxxx r17=xxxxxxxx
r18=xxxxxxxx r19=xxxxxxxx r20=xxxxxxxx r21=xxxxxxxx r22=xxxxxxxx r23=xxxxxxxx
r24=xxxxxxxx r25=xxxxxxxx r26=xxxxxxxx r27=xxxxxxxx r28=xxxxxxxx r29=0000000f
r30=0000000a r31=xxxxxxxx
-----
00080038: 24020000: addiu r 2, r 0, 0000 
r00=xxxxxxxx r01=xxxxxxxx r02=00000000 r03=xxxxxxxx r04=0000000a r05=xxxxxxxx
r06=xxxxxxxx r07=xxxxxxxx r08=xxxxxxxx r09=xxxxxxxx r10=xxxxxxxx r11=xxxxxxxx
r12=xxxxxxxx r13=xxxxxxxx r14=xxxxxxxx r15=xxxxxxxx r16=xxxxxxxx r17=xxxxxxxx
r18=xxxxxxxx r19=xxxxxxxx r20=xxxxxxxx r21=xxxxxxxx r22=xxxxxxxx r23=xxxxxxxx
r24=xxxxxxxx r25=xxxxxxxx r26=xxxxxxxx r27=xxxxxxxx r28=xxxxxxxx r29=0000000f
r30=0000000a r31=xxxxxxxx
-----
0008003c: 24448000: addiu r 4, r 2, 8000 
r00=xxxxxxxx r01=xxxxxxxx r02=00000000 r03=xxxxxxxx r04=ffff8000 r05=xxxxxxxx
r06=xxxxxxxx r07=xxxxxxxx r08=xxxxxxxx r09=xxxxxxxx r10=xxxxxxxx r11=xxxxxxxx
r12=xxxxxxxx r13=xxxxxxxx r14=xxxxxxxx r15=xxxxxxxx r16=xxxxxxxx r17=xxxxxxxx
r18=xxxxxxxx r19=xxxxxxxx r20=xxxxxxxx r21=xxxxxxxx r22=xxxxxxxx r23=xxxxxxxx
r24=xxxxxxxx r25=xxxxxxxx r26=xxxxxxxx r27=xxxxxxxx r28=xxxxxxxx r29=0000000f
r30=0000000a r31=xxxxxxxx
-----
00080040: 241d0011: addiu r29, r 0, 0011 
r00=xxxxxxxx r01=xxxxxxxx r02=00000000 r03=xxxxxxxx r04=ffff8000 r05=xxxxxxxx
r06=xxxxxxxx r07=xxxxxxxx r08=xxxxxxxx r09=xxxxxxxx r10=xxxxxxxx r11=xxxxxxxx
r12=xxxxxxxx r13=xxxxxxxx r14=xxxxxxxx r15=xxxxxxxx r16=xxxxxxxx r17=xxxxxxxx
r18=xxxxxxxx r19=xxxxxxxx r20=xxxxxxxx r21=xxxxxxxx r22=xxxxxxxx r23=xxxxxxxx
r24=xxxxxxxx r25=xxxxxxxx r26=xxxxxxxx r27=xxxxxxxx r28=xxxxxxxx r29=00000011
r30=0000000a r31=xxxxxxxx
-----
00080044: 241e8000: addiu r30, r 0, 8000 
r00=xxxxxxxx r01=xxxxxxxx r02=00000000 r03=xxxxxxxx r04=ffff8000 r05=xxxxxxxx
r06=xxxxxxxx r07=xxxxxxxx r08=xxxxxxxx r09=xxxxxxxx r10=xxxxxxxx r11=xxxxxxxx
r12=xxxxxxxx r13=xxxxxxxx r14=xxxxxxxx r15=xxxxxxxx r16=xxxxxxxx r17=xxxxxxxx
r18=xxxxxxxx r19=xxxxxxxx r20=xxxxxxxx r21=xxxxxxxx r22=xxxxxxxx r23=xxxxxxxx
r24=xxxxxxxx r25=xxxxxxxx r26=xxxxxxxx r27=xxxxxxxx r28=xxxxxxxx r29=00000011
r30=ffff8000 r31=xxxxxxxx
-----
00080048: 149e0066: bne   r 4, r30, 0066 
r00=xxxxxxxx r01=xxxxxxxx r02=00000000 r03=xxxxxxxx r04=ffff8000 r05=xxxxxxxx
r06=xxxxxxxx r07=xxxxxxxx r08=xxxxxxxx r09=xxxxxxxx r10=xxxxxxxx r11=xxxxxxxx
r12=xxxxxxxx r13=xxxxxxxx r14=xxxxxxxx r15=xxxxxxxx r16=xxxxxxxx r17=xxxxxxxx
r18=xxxxxxxx r19=xxxxxxxx r20=xxxxxxxx r21=xxxxxxxx r22=xxxxxxxx r23=xxxxxxxx
r24=xxxxxxxx r25=xxxxxxxx r26=xxxxxxxx r27=xxxxxxxx r28=xxxxxxxx r29=00000011
r30=ffff8000 r31=xxxxxxxx
-----
0008004c: 3c028000: lui   r 2, 8000      
r00=xxxxxxxx r01=xxxxxxxx r02=80000000 r03=xxxxxxxx r04=ffff8000 r05=xxxxxxxx
r06=xxxxxxxx r07=xxxxxxxx r08=xxxxxxxx r09=xxxxxxxx r10=xxxxxxxx r11=xxxxxxxx
r12=xxxxxxxx r13=xxxxxxxx r14=xxxxxxxx r15=xxxxxxxx r16=xxxxxxxx r17=xxxxxxxx
r18=xxxxxxxx r19=xxxxxxxx r20=xxxxxxxx r21=xxxxxxxx r22=xxxxxxxx r23=xxxxxxxx
r24=xxxxxxxx r25=xxxxxxxx r26=xxxxxxxx r27=xxxxxxxx r28=xxxxxxxx r29=00000011
r30=ffff8000 r31=xxxxxxxx
-----
00080050: 24440000: addiu r 4, r 2, 0000 
r00=xxxxxxxx r01=xxxxxxxx r02=80000000 r03=xxxxxxxx r04=80000000 r05=xxxxxxxx
r06=xxxxxxxx r07=xxxxxxxx r08=xxxxxxxx r09=xxxxxxxx r10=xxxxxxxx r11=xxxxxxxx
r12=xxxxxxxx r13=xxxxxxxx r14=xxxxxxxx r15=xxxxxxxx r16=xxxxxxxx r17=xxxxxxxx
r18=xxxxxxxx r19=xxxxxxxx r20=xxxxxxxx r21=xxxxxxxx r22=xxxxxxxx r23=xxxxxxxx
r24=xxxxxxxx r25=xxxxxxxx r26=xxxxxxxx r27=xxxxxxxx r28=xxxxxxxx r29=00000011
r30=ffff8000 r31=xxxxxxxx
-----
00080054: 241d0012: addiu r29, r 0, 0012 
r00=xxxxxxxx r01=xxxxxxxx r02=80000000 r03=xxxxxxxx r04=80000000 r05=xxxxxxxx
r06=xxxxxxxx r07=xxxxxxxx r08=xxxxxxxx r09=xxxxxxxx r10=xxxxxxxx r11=xxxxxxxx
r12=xxxxxxxx r13=xxxxxxxx r14=xxxxxxxx r15=xxxxxxxx r16=xxxxxxxx r17=xxxxxxxx
r18=xxxxxxxx r19=xxxxxxxx r20=xxxxxxxx r21=xxxxxxxx r22=xxxxxxxx r23=xxxxxxxx
r24=xxxxxxxx r25=xxxxxxxx r26=xxxxxxxx r27=xxxxxxxx r28=xxxxxxxx r29=00000012
r30=ffff8000 r31=xxxxxxxx
-----
00080058: 3c1e8000: lui   r30, 8000      
r00=xxxxxxxx r01=xxxxxxxx r02=80000000 r03=xxxxxxxx r04=80000000 r05=xxxxxxxx
r06=xxxxxxxx r07=xxxxxxxx r08=xxxxxxxx r09=xxxxxxxx r10=xxxxxxxx r11=xxxxxxxx
r12=xxxxxxxx r13=xxxxxxxx r14=xxxxxxxx r15=xxxxxxxx r16=xxxxxxxx r17=xxxxxxxx
r18=xxxxxxxx r19=xxxxxxxx r20=xxxxxxxx r21=xxxxxxxx r22=xxxxxxxx r23=xxxxxxxx
r24=xxxxxxxx r25=xxxxxxxx r26=xxxxxxxx r27=xxxxxxxx r28=xxxxxxxx r29=00000012
r30=80000000 r31=xxxxxxxx
-----
0008005c: 149e0061: bne   r 4, r30, 0061 
r00=xxxxxxxx r01=xxxxxxxx r02=80000000 r03=xxxxxxxx r04=80000000 r05=xxxxxxxx
r06=xxxxxxxx r07=xxxxxxxx r08=xxxxxxxx r09=xxxxxxxx r10=xxxxxxxx r11=xxxxxxxx
r12=xxxxxxxx r13=xxxxxxxx r14=xxxxxxxx r15=xxxxxxxx r16=xxxxxxxx r17=xxxxxxxx
r18=xxxxxxxx r19=xxxxxxxx r20=xxxxxxxx r21=xxxxxxxx r22=xxxxxxxx r23=xxxxxxxx
r24=xxxxxxxx r25=xxxxxxxx r26=xxxxxxxx r27=xxxxxxxx r28=xxxxxxxx r29=00000012
r30=80000000 r31=xxxxxxxx
-----
00080060: 3c028000: lui   r 2, 8000      
r00=xxxxxxxx r01=xxxxxxxx r02=80000000 r03=xxxxxxxx r04=80000000 r05=xxxxxxxx
r06=xxxxxxxx r07=xxxxxxxx r08=xxxxxxxx r09=xxxxxxxx r10=xxxxxxxx r11=xxxxxxxx
r12=xxxxxxxx r13=xxxxxxxx r14=xxxxxxxx r15=xxxxxxxx r16=xxxxxxxx r17=xxxxxxxx
r18=xxxxxxxx r19=xxxxxxxx r20=xxxxxxxx r21=xxxxxxxx r22=xxxxxxxx r23=xxxxxxxx
r24=xxxxxxxx r25=xxxxxxxx r26=xxxxxxxx r27=xxxxxxxx r28=xxxxxxxx r29=00000012
r30=80000000 r31=xxxxxxxx
-----
00080064: 24448000: addiu r 4, r 2, 8000 
r00=xxxxxxxx r01=xxxxxxxx r02=80000000 r03=xxxxxxxx r04=7fff8000 r05=xxxxxxxx
r06=xxxxxxxx r07=xxxxxxxx r08=xxxxxxxx r09=xxxxxxxx r10=xxxxxxxx r11=xxxxxxxx
r12=xxxxxxxx r13=xxxxxxxx r14=xxxxxxxx r15=xxxxxxxx r16=xxxxxxxx r17=xxxxxxxx
r18=xxxxxxxx r19=xxxxxxxx r20=xxxxxxxx r21=xxxxxxxx r22=xxxxxxxx r23=xxxxxxxx
r24=xxxxxxxx r25=xxxxxxxx r26=xxxxxxxx r27=xxxxxxxx r28=xxxxxxxx r29=00000012
r30=80000000 r31=xxxxxxxx
-----
00080068: 241d0013: addiu r29, r 0, 0013 
r00=xxxxxxxx r01=xxxxxxxx r02=80000000 r03=xxxxxxxx r04=7fff8000 r05=xxxxxxxx
r06=xxxxxxxx r07=xxxxxxxx r08=xxxxxxxx r09=xxxxxxxx r10=xxxxxxxx r11=xxxxxxxx
r12=xxxxxxxx r13=xxxxxxxx r14=xxxxxxxx r15=xxxxxxxx r16=xxxxxxxx r17=xxxxxxxx
r18=xxxxxxxx r19=xxxxxxxx r20=xxxxxxxx r21=xxxxxxxx r22=xxxxxxxx r23=xxxxxxxx
r24=xxxxxxxx r25=xxxxxxxx r26=xxxxxxxx r27=xxxxxxxx r28=xxxxxxxx r29=00000013
r30=80000000 r31=xxxxxxxx
-----
0008006c: 3c1e7fff: lui   r30, 7fff      
r00=xxxxxxxx r01=xxxxxxxx r02=80000000 r03=xxxxxxxx r04=7fff8000 r05=xxxxxxxx
r06=xxxxxxxx r07=xxxxxxxx r08=xxxxxxxx r09=xxxxxxxx r10=xxxxxxxx r11=xxxxxxxx
r12=xxxxxxxx r13=xxxxxxxx r14=xxxxxxxx r15=xxxxxxxx r16=xxxxxxxx r17=xxxxxxxx
r18=xxxxxxxx r19=xxxxxxxx r20=xxxxxxxx r21=xxxxxxxx r22=xxxxxxxx r23=xxxxxxxx
r24=xxxxxxxx r25=xxxxxxxx r26=xxxxxxxx r27=xxxxxxxx r28=xxxxxxxx r29=00000013
r30=7fff0000 r31=xxxxxxxx
-----
00080070: 37de8000: ori   r30, r30, 8000 
r00=xxxxxxxx r01=xxxxxxxx r02=80000000 r03=xxxxxxxx r04=7fff8000 r05=xxxxxxxx
r06=xxxxxxxx r07=xxxxxxxx r08=xxxxxxxx r09=xxxxxxxx r10=xxxxxxxx r11=xxxxxxxx
r12=xxxxxxxx r13=xxxxxxxx r14=xxxxxxxx r15=xxxxxxxx r16=xxxxxxxx r17=xxxxxxxx
r18=xxxxxxxx r19=xxxxxxxx r20=xxxxxxxx r21=xxxxxxxx r22=xxxxxxxx r23=xxxxxxxx
r24=xxxxxxxx r25=xxxxxxxx r26=xxxxxxxx r27=xxxxxxxx r28=xxxxxxxx r29=00000013
r30=7fff8000 r31=xxxxxxxx
-----
00080074: 149e005b: bne   r 4, r30, 005b 
r00=xxxxxxxx r01=xxxxxxxx r02=80000000 r03=xxxxxxxx r04=7fff8000 r05=xxxxxxxx
r06=xxxxxxxx r07=xxxxxxxx r08=xxxxxxxx r09=xxxxxxxx r10=xxxxxxxx r11=xxxxxxxx
r12=xxxxxxxx r13=xxxxxxxx r14=xxxxxxxx r15=xxxxxxxx r16=xxxxxxxx r17=xxxxxxxx
r18=xxxxxxxx r19=xxxxxxxx r20=xxxxxxxx r21=xxxxxxxx r22=xxxxxxxx r23=xxxxxxxx
r24=xxxxxxxx r25=xxxxxxxx r26=xxxxxxxx r27=xxxxxxxx r28=xxxxxxxx r29=00000013
r30=7fff8000 r31=xxxxxxxx
-----
00080078: 24020000: addiu r 2, r 0, 0000 
r00=xxxxxxxx r01=xxxxxxxx r02=00000000 r03=xxxxxxxx r04=7fff8000 r05=xxxxxxxx
r06=xxxxxxxx r07=xxxxxxxx r08=xxxxxxxx r09=xxxxxxxx r10=xxxxxxxx r11=xxxxxxxx
r12=xxxxxxxx r13=xxxxxxxx r14=xxxxxxxx r15=xxxxxxxx r16=xxxxxxxx r17=xxxxxxxx
r18=xxxxxxxx r19=xxxxxxxx r20=xxxxxxxx r21=xxxxxxxx r22=xxxxxxxx r23=xxxxxxxx
r24=xxxxxxxx r25=xxxxxxxx r26=xxxxxxxx r27=xxxxxxxx r28=xxxxxxxx r29=00000013
r30=7fff8000 r31=xxxxxxxx
-----
0008007c: 24447fff: addiu r 4, r 2, 7fff 
r00=xxxxxxxx r01=xxxxxxxx r02=00000000 r03=xxxxxxxx r04=00007fff r05=xxxxxxxx
r06=xxxxxxxx r07=xxxxxxxx r08=xxxxxxxx r09=xxxxxxxx r10=xxxxxxxx r11=xxxxxxxx
r12=xxxxxxxx r13=xxxxxxxx r14=xxxxxxxx r15=xxxxxxxx r16=xxxxxxxx r17=xxxxxxxx
r18=xxxxxxxx r19=xxxxxxxx r20=xxxxxxxx r21=xxxxxxxx r22=xxxxxxxx r23=xxxxxxxx
r24=xxxxxxxx r25=xxxxxxxx r26=xxxxxxxx r27=xxxxxxxx r28=xxxxxxxx r29=00000013
r30=7fff8000 r31=xxxxxxxx
-----
00080080: 241d0015: addiu r29, r 0, 0015 
r00=xxxxxxxx r01=xxxxxxxx r02=00000000 r03=xxxxxxxx r04=00007fff r05=xxxxxxxx
r06=xxxxxxxx r07=xxxxxxxx r08=xxxxxxxx r09=xxxxxxxx r10=xxxxxxxx r11=xxxxxxxx
r12=xxxxxxxx r13=xxxxxxxx r14=xxxxxxxx r15=xxxxxxxx r16=xxxxxxxx r17=xxxxxxxx
r18=xxxxxxxx r19=xxxxxxxx r20=xxxxxxxx r21=xxxxxxxx r22=xxxxxxxx r23=xxxxxxxx
r24=xxxxxxxx r25=xxxxxxxx r26=xxxxxxxx r27=xxxxxxxx r28=xxxxxxxx r29=00000015
r30=7fff8000 r31=xxxxxxxx
-----
00080084: 241e7fff: addiu r30, r 0, 7fff 
r00=xxxxxxxx r01=xxxxxxxx r02=00000000 r03=xxxxxxxx r04=00007fff r05=xxxxxxxx
r06=xxxxxxxx r07=xxxxxxxx r08=xxxxxxxx r09=xxxxxxxx r10=xxxxxxxx r11=xxxxxxxx
r12=xxxxxxxx r13=xxxxxxxx r14=xxxxxxxx r15=xxxxxxxx r16=xxxxxxxx r17=xxxxxxxx
r18=xxxxxxxx r19=xxxxxxxx r20=xxxxxxxx r21=xxxxxxxx r22=xxxxxxxx r23=xxxxxxxx
r24=xxxxxxxx r25=xxxxxxxx r26=xxxxxxxx r27=xxxxxxxx r28=xxxxxxxx r29=00000015
r30=00007fff r31=xxxxxxxx
-----
00080088: 149e0056: bne   r 4, r30, 0056 
r00=xxxxxxxx r01=xxxxxxxx r02=00000000 r03=xxxxxxxx r04=00007fff r05=xxxxxxxx
r06=xxxxxxxx r07=xxxxxxxx r08=xxxxxxxx r09=xxxxxxxx r10=xxxxxxxx r11=xxxxxxxx
r12=xxxxxxxx r13=xxxxxxxx r14=xxxxxxxx r15=xxxxxxxx r16=xxxxxxxx r17=xxxxxxxx
r18=xxxxxxxx r19=xxxxxxxx r20=xxxxxxxx r21=xxxxxxxx r22=xxxxxxxx r23=xxxxxxxx
r24=xxxxxxxx r25=xxxxxxxx r26=xxxxxxxx r27=xxxxxxxx r28=xxxxxxxx r29=00000015
r30=00007fff r31=xxxxxxxx
-----
0008008c: 3c027fff: lui   r 2, 7fff      
r00=xxxxxxxx r01=xxxxxxxx r02=7fff0000 r03=xxxxxxxx r04=00007fff r05=xxxxxxxx
r06=xxxxxxxx r07=xxxxxxxx r08=xxxxxxxx r09=xxxxxxxx r10=xxxxxxxx r11=xxxxxxxx
r12=xxxxxxxx r13=xxxxxxxx r14=xxxxxxxx r15=xxxxxxxx r16=xxxxxxxx r17=xxxxxxxx
r18=xxxxxxxx r19=xxxxxxxx r20=xxxxxxxx r21=xxxxxxxx r22=xxxxxxxx r23=xxxxxxxx
r24=xxxxxxxx r25=xxxxxxxx r26=xxxxxxxx r27=xxxxxxxx r28=xxxxxxxx r29=00000015
r30=00007fff r31=xxxxxxxx
-----
00080090: 3442ffff: ori   r 2, r 2, ffff 
r00=xxxxxxxx r01=xxxxxxxx r02=7fffffff r03=xxxxxxxx r04=00007fff r05=xxxxxxxx
r06=xxxxxxxx r07=xxxxxxxx r08=xxxxxxxx r09=xxxxxxxx r10=xxxxxxxx r11=xxxxxxxx
r12=xxxxxxxx r13=xxxxxxxx r14=xxxxxxxx r15=xxxxxxxx r16=xxxxxxxx r17=xxxxxxxx
r18=xxxxxxxx r19=xxxxxxxx r20=xxxxxxxx r21=xxxxxxxx r22=xxxxxxxx r23=xxxxxxxx
r24=xxxxxxxx r25=xxxxxxxx r26=xxxxxxxx r27=xxxxxxxx r28=xxxxxxxx r29=00000015
r30=00007fff r31=xxxxxxxx
-----
00080094: 24440000: addiu r 4, r 2, 0000 
r00=xxxxxxxx r01=xxxxxxxx r02=7fffffff r03=xxxxxxxx r04=7fffffff r05=xxxxxxxx
r06=xxxxxxxx r07=xxxxxxxx r08=xxxxxxxx r09=xxxxxxxx r10=xxxxxxxx r11=xxxxxxxx
r12=xxxxxxxx r13=xxxxxxxx r14=xxxxxxxx r15=xxxxxxxx r16=xxxxxxxx r17=xxxxxxxx
r18=xxxxxxxx r19=xxxxxxxx r20=xxxxxxxx r21=xxxxxxxx r22=xxxxxxxx r23=xxxxxxxx
r24=xxxxxxxx r25=xxxxxxxx r26=xxxxxxxx r27=xxxxxxxx r28=xxxxxxxx r29=00000015
r30=00007fff r31=xxxxxxxx
-----
00080098: 241d0016: addiu r29, r 0, 0016 
r00=xxxxxxxx r01=xxxxxxxx r02=7fffffff r03=xxxxxxxx r04=7fffffff r05=xxxxxxxx
r06=xxxxxxxx r07=xxxxxxxx r08=xxxxxxxx r09=xxxxxxxx r10=xxxxxxxx r11=xxxxxxxx
r12=xxxxxxxx r13=xxxxxxxx r14=xxxxxxxx r15=xxxxxxxx r16=xxxxxxxx r17=xxxxxxxx
r18=xxxxxxxx r19=xxxxxxxx r20=xxxxxxxx r21=xxxxxxxx r22=xxxxxxxx r23=xxxxxxxx
r24=xxxxxxxx r25=xxxxxxxx r26=xxxxxxxx r27=xxxxxxxx r28=xxxxxxxx r29=00000016
r30=00007fff r31=xxxxxxxx
-----
0008009c: 3c1e7fff: lui   r30, 7fff      
r00=xxxxxxxx r01=xxxxxxxx r02=7fffffff r03=xxxxxxxx r04=7fffffff r05=xxxxxxxx
r06=xxxxxxxx r07=xxxxxxxx r08=xxxxxxxx r09=xxxxxxxx r10=xxxxxxxx r11=xxxxxxxx
r12=xxxxxxxx r13=xxxxxxxx r14=xxxxxxxx r15=xxxxxxxx r16=xxxxxxxx r17=xxxxxxxx
r18=xxxxxxxx r19=xxxxxxxx r20=xxxxxxxx r21=xxxxxxxx r22=xxxxxxxx r23=xxxxxxxx
r24=xxxxxxxx r25=xxxxxxxx r26=xxxxxxxx r27=xxxxxxxx r28=xxxxxxxx r29=00000016
r30=7fff0000 r31=xxxxxxxx
-----
000800a0: 37deffff: ori   r30, r30, ffff 
r00=xxxxxxxx r01=xxxxxxxx r02=7fffffff r03=xxxxxxxx r04=7fffffff r05=xxxxxxxx
r06=xxxxxxxx r07=xxxxxxxx r08=xxxxxxxx r09=xxxxxxxx r10=xxxxxxxx r11=xxxxxxxx
r12=xxxxxxxx r13=xxxxxxxx r14=xxxxxxxx r15=xxxxxxxx r16=xxxxxxxx r17=xxxxxxxx
r18=xxxxxxxx r19=xxxxxxxx r20=xxxxxxxx r21=xxxxxxxx r22=xxxxxxxx r23=xxxxxxxx
r24=xxxxxxxx r25=xxxxxxxx r26=xxxxxxxx r27=xxxxxxxx r28=xxxxxxxx r29=00000016
r30=7fffffff r31=xxxxxxxx
-----
000800a4: 149e004f: bne   r 4, r30, 004f 
r00=xxxxxxxx r01=xxxxxxxx r02=7fffffff r03=xxxxxxxx r04=7fffffff r05=xxxxxxxx
r06=xxxxxxxx r07=xxxxxxxx r08=xxxxxxxx r09=xxxxxxxx r10=xxxxxxxx r11=xxxxxxxx
r12=xxxxxxxx r13=xxxxxxxx r14=xxxxxxxx r15=xxxxxxxx r16=xxxxxxxx r17=xxxxxxxx
r18=xxxxxxxx r19=xxxxxxxx r20=xxxxxxxx r21=xxxxxxxx r22=xxxxxxxx r23=xxxxxxxx
r24=xxxxxxxx r25=xxxxxxxx r26=xxxxxxxx r27=xxxxxxxx r28=xxxxxxxx r29=00000016
r30=7fffffff r31=xxxxxxxx
-----
000800a8: 3c027fff: lui   r 2, 7fff      
r00=xxxxxxxx r01=xxxxxxxx r02=7fff0000 r03=xxxxxxxx r04=7fffffff r05=xxxxxxxx
r06=xxxxxxxx r07=xxxxxxxx r08=xxxxxxxx r09=xxxxxxxx r10=xxxxxxxx r11=xxxxxxxx
r12=xxxxxxxx r13=xxxxxxxx r14=xxxxxxxx r15=xxxxxxxx r16=xxxxxxxx r17=xxxxxxxx
r18=xxxxxxxx r19=xxxxxxxx r20=xxxxxxxx r21=xxxxxxxx r22=xxxxxxxx r23=xxxxxxxx
r24=xxxxxxxx r25=xxxxxxxx r26=xxxxxxxx r27=xxxxxxxx r28=xxxxxxxx r29=00000016
r30=7fffffff r31=xxxxxxxx
-----
000800ac: 3442ffff: ori   r 2, r 2, ffff 
r00=xxxxxxxx r01=xxxxxxxx r02=7fffffff r03=xxxxxxxx r04=7fffffff r05=xxxxxxxx
r06=xxxxxxxx r07=xxxxxxxx r08=xxxxxxxx r09=xxxxxxxx r10=xxxxxxxx r11=xxxxxxxx
r12=xxxxxxxx r13=xxxxxxxx r14=xxxxxxxx r15=xxxxxxxx r16=xxxxxxxx r17=xxxxxxxx
r18=xxxxxxxx r19=xxxxxxxx r20=xxxxxxxx r21=xxxxxxxx r22=xxxxxxxx r23=xxxxxxxx
r24=xxxxxxxx r25=xxxxxxxx r26=xxxxxxxx r27=xxxxxxxx r28=xxxxxxxx r29=00000016
r30=7fffffff r31=xxxxxxxx
-----
000800b0: 24447fff: addiu r 4, r 2, 7fff 
r00=xxxxxxxx r01=xxxxxxxx r02=7fffffff r03=xxxxxxxx r04=80007ffe r05=xxxxxxxx
r06=xxxxxxxx r07=xxxxxxxx r08=xxxxxxxx r09=xxxxxxxx r10=xxxxxxxx r11=xxxxxxxx
r12=xxxxxxxx r13=xxxxxxxx r14=xxxxxxxx r15=xxxxxxxx r16=xxxxxxxx r17=xxxxxxxx
r18=xxxxxxxx r19=xxxxxxxx r20=xxxxxxxx r21=xxxxxxxx r22=xxxxxxxx r23=xxxxxxxx
r24=xxxxxxxx r25=xxxxxxxx r26=xxxxxxxx r27=xxxxxxxx r28=xxxxxxxx r29=00000016
r30=7fffffff r31=xxxxxxxx
-----
000800b4: 241d0017: addiu r29, r 0, 0017 
r00=xxxxxxxx r01=xxxxxxxx r02=7fffffff r03=xxxxxxxx r04=80007ffe r05=xxxxxxxx
r06=xxxxxxxx r07=xxxxxxxx r08=xxxxxxxx r09=xxxxxxxx r10=xxxxxxxx r11=xxxxxxxx
r12=xxxxxxxx r13=xxxxxxxx r14=xxxxxxxx r15=xxxxxxxx r16=xxxxxxxx r17=xxxxxxxx
r18=xxxxxxxx r19=xxxxxxxx r20=xxxxxxxx r21=xxxxxxxx r22=xxxxxxxx r23=xxxxxxxx
r24=xxxxxxxx r25=xxxxxxxx r26=xxxxxxxx r27=xxxxxxxx r28=xxxxxxxx r29=00000017
r30=7fffffff r31=xxxxxxxx
-----
000800b8: 3c1e8000: lui   r30, 8000      
r00=xxxxxxxx r01=xxxxxxxx r02=7fffffff r03=xxxxxxxx r04=80007ffe r05=xxxxxxxx
r06=xxxxxxxx r07=xxxxxxxx r08=xxxxxxxx r09=xxxxxxxx r10=xxxxxxxx r11=xxxxxxxx
r12=xxxxxxxx r13=xxxxxxxx r14=xxxxxxxx r15=xxxxxxxx r16=xxxxxxxx r17=xxxxxxxx
r18=xxxxxxxx r19=xxxxxxxx r20=xxxxxxxx r21=xxxxxxxx r22=xxxxxxxx r23=xxxxxxxx
r24=xxxxxxxx r25=xxxxxxxx r26=xxxxxxxx r27=xxxxxxxx r28=xxxxxxxx r29=00000017
r30=80000000 r31=xxxxxxxx
-----
000800bc: 37de7ffe: ori   r30, r30, 7ffe 
r00=xxxxxxxx r01=xxxxxxxx r02=7fffffff r03=xxxxxxxx r04=80007ffe r05=xxxxxxxx
r06=xxxxxxxx r07=xxxxxxxx r08=xxxxxxxx r09=xxxxxxxx r10=xxxxxxxx r11=xxxxxxxx
r12=xxxxxxxx r13=xxxxxxxx r14=xxxxxxxx r15=xxxxxxxx r16=xxxxxxxx r17=xxxxxxxx
r18=xxxxxxxx r19=xxxxxxxx r20=xxxxxxxx r21=xxxxxxxx r22=xxxxxxxx r23=xxxxxxxx
r24=xxxxxxxx r25=xxxxxxxx r26=xxxxxxxx r27=xxxxxxxx r28=xxxxxxxx r29=00000017
r30=80007ffe r31=xxxxxxxx
-----
000800c0: 149e0048: bne   r 4, r30, 0048 
r00=xxxxxxxx r01=xxxxxxxx r02=7fffffff r03=xxxxxxxx r04=80007ffe r05=xxxxxxxx
r06=xxxxxxxx r07=xxxxxxxx r08=xxxxxxxx r09=xxxxxxxx r10=xxxxxxxx r11=xxxxxxxx
r12=xxxxxxxx r13=xxxxxxxx r14=xxxxxxxx r15=xxxxxxxx r16=xxxxxxxx r17=xxxxxxxx
r18=xxxxxxxx r19=xxxxxxxx r20=xxxxxxxx r21=xxxxxxxx r22=xxxxxxxx r23=xxxxxxxx
r24=xxxxxxxx r25=xxxxxxxx r26=xxxxxxxx r27=xxxxxxxx r28=xxxxxxxx r29=00000017
r30=80007ffe r31=xxxxxxxx
-----
000800c4: 3c028000: lui   r 2, 8000      
r00=xxxxxxxx r01=xxxxxxxx r02=80000000 r03=xxxxxxxx r04=80007ffe r05=xxxxxxxx
r06=xxxxxxxx r07=xxxxxxxx r08=xxxxxxxx r09=xxxxxxxx r10=xxxxxxxx r11=xxxxxxxx
r12=xxxxxxxx r13=xxxxxxxx r14=xxxxxxxx r15=xxxxxxxx r16=xxxxxxxx r17=xxxxxxxx
r18=xxxxxxxx r19=xxxxxxxx r20=xxxxxxxx r21=xxxxxxxx r22=xxxxxxxx r23=xxxxxxxx
r24=xxxxxxxx r25=xxxxxxxx r26=xxxxxxxx r27=xxxxxxxx r28=xxxxxxxx r29=00000017
r30=80007ffe r31=xxxxxxxx
-----
000800c8: 24447fff: addiu r 4, r 2, 7fff 
r00=xxxxxxxx r01=xxxxxxxx r02=80000000 r03=xxxxxxxx r04=80007fff r05=xxxxxxxx
r06=xxxxxxxx r07=xxxxxxxx r08=xxxxxxxx r09=xxxxxxxx r10=xxxxxxxx r11=xxxxxxxx
r12=xxxxxxxx r13=xxxxxxxx r14=xxxxxxxx r15=xxxxxxxx r16=xxxxxxxx r17=xxxxxxxx
r18=xxxxxxxx r19=xxxxxxxx r20=xxxxxxxx r21=xxxxxxxx r22=xxxxxxxx r23=xxxxxxxx
r24=xxxxxxxx r25=xxxxxxxx r26=xxxxxxxx r27=xxxxxxxx r28=xxxxxxxx r29=00000017
r30=80007ffe r31=xxxxxxxx
-----
000800cc: 241d0019: addiu r29, r 0, 0019 
r00=xxxxxxxx r01=xxxxxxxx r02=80000000 r03=xxxxxxxx r04=80007fff r05=xxxxxxxx
r06=xxxxxxxx r07=xxxxxxxx r08=xxxxxxxx r09=xxxxxxxx r10=xxxxxxxx r11=xxxxxxxx
r12=xxxxxxxx r13=xxxxxxxx r14=xxxxxxxx r15=xxxxxxxx r16=xxxxxxxx r17=xxxxxxxx
r18=xxxxxxxx r19=xxxxxxxx r20=xxxxxxxx r21=xxxxxxxx r22=xxxxxxxx r23=xxxxxxxx
r24=xxxxxxxx r25=xxxxxxxx r26=xxxxxxxx r27=xxxxxxxx r28=xxxxxxxx r29=00000019
r30=80007ffe r31=xxxxxxxx
-----
000800d0: 3c1e8000: lui   r30, 8000      
r00=xxxxxxxx r01=xxxxxxxx r02=80000000 r03=xxxxxxxx r04=80007fff r05=xxxxxxxx
r06=xxxxxxxx r07=xxxxxxxx r08=xxxxxxxx r09=xxxxxxxx r10=xxxxxxxx r11=xxxxxxxx
r12=xxxxxxxx r13=xxxxxxxx r14=xxxxxxxx r15=xxxxxxxx r16=xxxxxxxx r17=xxxxxxxx
r18=xxxxxxxx r19=xxxxxxxx r20=xxxxxxxx r21=xxxxxxxx r22=xxxxxxxx r23=xxxxxxxx
r24=xxxxxxxx r25=xxxxxxxx r26=xxxxxxxx r27=xxxxxxxx r28=xxxxxxxx r29=00000019
r30=80000000 r31=xxxxxxxx
-----
000800d4: 37de7fff: ori   r30, r30, 7fff 
r00=xxxxxxxx r01=xxxxxxxx r02=80000000 r03=xxxxxxxx r04=80007fff r05=xxxxxxxx
r06=xxxxxxxx r07=xxxxxxxx r08=xxxxxxxx r09=xxxxxxxx r10=xxxxxxxx r11=xxxxxxxx
r12=xxxxxxxx r13=xxxxxxxx r14=xxxxxxxx r15=xxxxxxxx r16=xxxxxxxx r17=xxxxxxxx
r18=xxxxxxxx r19=xxxxxxxx r20=xxxxxxxx r21=xxxxxxxx r22=xxxxxxxx r23=xxxxxxxx
r24=xxxxxxxx r25=xxxxxxxx r26=xxxxxxxx r27=xxxxxxxx r28=xxxxxxxx r29=00000019
r30=80007fff r31=xxxxxxxx
-----
000800d8: 149e0042: bne   r 4, r30, 0042 
r00=xxxxxxxx r01=xxxxxxxx r02=80000000 r03=xxxxxxxx r04=80007fff r05=xxxxxxxx
r06=xxxxxxxx r07=xxxxxxxx r08=xxxxxxxx r09=xxxxxxxx r10=xxxxxxxx r11=xxxxxxxx
r12=xxxxxxxx r13=xxxxxxxx r14=xxxxxxxx r15=xxxxxxxx r16=xxxxxxxx r17=xxxxxxxx
r18=xxxxxxxx r19=xxxxxxxx r20=xxxxxxxx r21=xxxxxxxx r22=xxxxxxxx r23=xxxxxxxx
r24=xxxxxxxx r25=xxxxxxxx r26=xxxxxxxx r27=xxxxxxxx r28=xxxxxxxx r29=00000019
r30=80007fff r31=xxxxxxxx
-----
000800dc: 3c027fff: lui   r 2, 7fff      
r00=xxxxxxxx r01=xxxxxxxx r02=7fff0000 r03=xxxxxxxx r04=80007fff r05=xxxxxxxx
r06=xxxxxxxx r07=xxxxxxxx r08=xxxxxxxx r09=xxxxxxxx r10=xxxxxxxx r11=xxxxxxxx
r12=xxxxxxxx r13=xxxxxxxx r14=xxxxxxxx r15=xxxxxxxx r16=xxxxxxxx r17=xxxxxxxx
r18=xxxxxxxx r19=xxxxxxxx r20=xxxxxxxx r21=xxxxxxxx r22=xxxxxxxx r23=xxxxxxxx
r24=xxxxxxxx r25=xxxxxxxx r26=xxxxxxxx r27=xxxxxxxx r28=xxxxxxxx r29=00000019
r30=80007fff r31=xxxxxxxx
-----
000800e0: 3442ffff: ori   r 2, r 2, ffff 
r00=xxxxxxxx r01=xxxxxxxx r02=7fffffff r03=xxxxxxxx r04=80007fff r05=xxxxxxxx
r06=xxxxxxxx r07=xxxxxxxx r08=xxxxxxxx r09=xxxxxxxx r10=xxxxxxxx r11=xxxxxxxx
r12=xxxxxxxx r13=xxxxxxxx r14=xxxxxxxx r15=xxxxxxxx r16=xxxxxxxx r17=xxxxxxxx
r18=xxxxxxxx r19=xxxxxxxx r20=xxxxxxxx r21=xxxxxxxx r22=xxxxxxxx r23=xxxxxxxx
r24=xxxxxxxx r25=xxxxxxxx r26=xxxxxxxx r27=xxxxxxxx r28=xxxxxxxx r29=00000019
r30=80007fff r31=xxxxxxxx
-----
000800e4: 24448000: addiu r 4, r 2, 8000 
r00=xxxxxxxx r01=xxxxxxxx r02=7fffffff r03=xxxxxxxx r04=7fff7fff r05=xxxxxxxx
r06=xxxxxxxx r07=xxxxxxxx r08=xxxxxxxx r09=xxxxxxxx r10=xxxxxxxx r11=xxxxxxxx
r12=xxxxxxxx r13=xxxxxxxx r14=xxxxxxxx r15=xxxxxxxx r16=xxxxxxxx r17=xxxxxxxx
r18=xxxxxxxx r19=xxxxxxxx r20=xxxxxxxx r21=xxxxxxxx r22=xxxxxxxx r23=xxxxxxxx
r24=xxxxxxxx r25=xxxxxxxx r26=xxxxxxxx r27=xxxxxxxx r28=xxxxxxxx r29=00000019
r30=80007fff r31=xxxxxxxx
-----
000800e8: 241d001a: addiu r29, r 0, 001a 
r00=xxxxxxxx r01=xxxxxxxx r02=7fffffff r03=xxxxxxxx r04=7fff7fff r05=xxxxxxxx
r06=xxxxxxxx r07=xxxxxxxx r08=xxxxxxxx r09=xxxxxxxx r10=xxxxxxxx r11=xxxxxxxx
r12=xxxxxxxx r13=xxxxxxxx r14=xxxxxxxx r15=xxxxxxxx r16=xxxxxxxx r17=xxxxxxxx
r18=xxxxxxxx r19=xxxxxxxx r20=xxxxxxxx r21=xxxxxxxx r22=xxxxxxxx r23=xxxxxxxx
r24=xxxxxxxx r25=xxxxxxxx r26=xxxxxxxx r27=xxxxxxxx r28=xxxxxxxx r29=0000001a
r30=80007fff r31=xxxxxxxx
-----
000800ec: 3c1e7fff: lui   r30, 7fff      
r00=xxxxxxxx r01=xxxxxxxx r02=7fffffff r03=xxxxxxxx r04=7fff7fff r05=xxxxxxxx
r06=xxxxxxxx r07=xxxxxxxx r08=xxxxxxxx r09=xxxxxxxx r10=xxxxxxxx r11=xxxxxxxx
r12=xxxxxxxx r13=xxxxxxxx r14=xxxxxxxx r15=xxxxxxxx r16=xxxxxxxx r17=xxxxxxxx
r18=xxxxxxxx r19=xxxxxxxx r20=xxxxxxxx r21=xxxxxxxx r22=xxxxxxxx r23=xxxxxxxx
r24=xxxxxxxx r25=xxxxxxxx r26=xxxxxxxx r27=xxxxxxxx r28=xxxxxxxx r29=0000001a
r30=7fff0000 r31=xxxxxxxx
-----
000800f0: 37de7fff: ori   r30, r30, 7fff 
r00=xxxxxxxx r01=xxxxxxxx r02=7fffffff r03=xxxxxxxx r04=7fff7fff r05=xxxxxxxx
r06=xxxxxxxx r07=xxxxxxxx r08=xxxxxxxx r09=xxxxxxxx r10=xxxxxxxx r11=xxxxxxxx
r12=xxxxxxxx r13=xxxxxxxx r14=xxxxxxxx r15=xxxxxxxx r16=xxxxxxxx r17=xxxxxxxx
r18=xxxxxxxx r19=xxxxxxxx r20=xxxxxxxx r21=xxxxxxxx r22=xxxxxxxx r23=xxxxxxxx
r24=xxxxxxxx r25=xxxxxxxx r26=xxxxxxxx r27=xxxxxxxx r28=xxxxxxxx r29=0000001a
r30=7fff7fff r31=xxxxxxxx
-----
000800f4: 149e003b: bne   r 4, r30, 003b 
r00=xxxxxxxx r01=xxxxxxxx r02=7fffffff r03=xxxxxxxx r04=7fff7fff r05=xxxxxxxx
r06=xxxxxxxx r07=xxxxxxxx r08=xxxxxxxx r09=xxxxxxxx r10=xxxxxxxx r11=xxxxxxxx
r12=xxxxxxxx r13=xxxxxxxx r14=xxxxxxxx r15=xxxxxxxx r16=xxxxxxxx r17=xxxxxxxx
r18=xxxxxxxx r19=xxxxxxxx r20=xxxxxxxx r21=xxxxxxxx r22=xxxxxxxx r23=xxxxxxxx
r24=xxxxxxxx r25=xxxxxxxx r26=xxxxxxxx r27=xxxxxxxx r28=xxxxxxxx r29=0000001a
r30=7fff7fff r31=xxxxxxxx
-----
000800f8: 24020000: addiu r 2, r 0, 0000 
r00=xxxxxxxx r01=xxxxxxxx r02=00000000 r03=xxxxxxxx r04=7fff7fff r05=xxxxxxxx
r06=xxxxxxxx r07=xxxxxxxx r08=xxxxxxxx r09=xxxxxxxx r10=xxxxxxxx r11=xxxxxxxx
r12=xxxxxxxx r13=xxxxxxxx r14=xxxxxxxx r15=xxxxxxxx r16=xxxxxxxx r17=xxxxxxxx
r18=xxxxxxxx r19=xxxxxxxx r20=xxxxxxxx r21=xxxxxxxx r22=xxxxxxxx r23=xxxxxxxx
r24=xxxxxxxx r25=xxxxxxxx r26=xxxxxxxx r27=xxxxxxxx r28=xxxxxxxx r29=0000001a
r30=7fff7fff r31=xxxxxxxx
-----
000800fc: 2444ffff: addiu r 4, r 2, ffff 
r00=xxxxxxxx r01=xxxxxxxx r02=00000000 r03=xxxxxxxx r04=ffffffff r05=xxxxxxxx
r06=xxxxxxxx r07=xxxxxxxx r08=xxxxxxxx r09=xxxxxxxx r10=xxxxxxxx r11=xxxxxxxx
r12=xxxxxxxx r13=xxxxxxxx r14=xxxxxxxx r15=xxxxxxxx r16=xxxxxxxx r17=xxxxxxxx
r18=xxxxxxxx r19=xxxxxxxx r20=xxxxxxxx r21=xxxxxxxx r22=xxxxxxxx r23=xxxxxxxx
r24=xxxxxxxx r25=xxxxxxxx r26=xxxxxxxx r27=xxxxxxxx r28=xxxxxxxx r29=0000001a
r30=7fff7fff r31=xxxxxxxx
-----
00080100: 241d001c: addiu r29, r 0, 001c 
r00=xxxxxxxx r01=xxxxxxxx r02=00000000 r03=xxxxxxxx r04=ffffffff r05=xxxxxxxx
r06=xxxxxxxx r07=xxxxxxxx r08=xxxxxxxx r09=xxxxxxxx r10=xxxxxxxx r11=xxxxxxxx
r12=xxxxxxxx r13=xxxxxxxx r14=xxxxxxxx r15=xxxxxxxx r16=xxxxxxxx r17=xxxxxxxx
r18=xxxxxxxx r19=xxxxxxxx r20=xxxxxxxx r21=xxxxxxxx r22=xxxxxxxx r23=xxxxxxxx
r24=xxxxxxxx r25=xxxxxxxx r26=xxxxxxxx r27=xxxxxxxx r28=xxxxxxxx r29=0000001c
r30=7fff7fff r31=xxxxxxxx
-----
00080104: 241effff: addiu r30, r 0, ffff 
r00=xxxxxxxx r01=xxxxxxxx r02=00000000 r03=xxxxxxxx r04=ffffffff r05=xxxxxxxx
r06=xxxxxxxx r07=xxxxxxxx r08=xxxxxxxx r09=xxxxxxxx r10=xxxxxxxx r11=xxxxxxxx
r12=xxxxxxxx r13=xxxxxxxx r14=xxxxxxxx r15=xxxxxxxx r16=xxxxxxxx r17=xxxxxxxx
r18=xxxxxxxx r19=xxxxxxxx r20=xxxxxxxx r21=xxxxxxxx r22=xxxxxxxx r23=xxxxxxxx
r24=xxxxxxxx r25=xxxxxxxx r26=xxxxxxxx r27=xxxxxxxx r28=xxxxxxxx r29=0000001c
r30=ffffffff r31=xxxxxxxx
-----
00080108: 149e0036: bne   r 4, r30, 0036 
r00=xxxxxxxx r01=xxxxxxxx r02=00000000 r03=xxxxxxxx r04=ffffffff r05=xxxxxxxx
r06=xxxxxxxx r07=xxxxxxxx r08=xxxxxxxx r09=xxxxxxxx r10=xxxxxxxx r11=xxxxxxxx
r12=xxxxxxxx r13=xxxxxxxx r14=xxxxxxxx r15=xxxxxxxx r16=xxxxxxxx r17=xxxxxxxx
r18=xxxxxxxx r19=xxxxxxxx r20=xxxxxxxx r21=xxxxxxxx r22=xxxxxxxx r23=xxxxxxxx
r24=xxxxxxxx r25=xxxxxxxx r26=xxxxxxxx r27=xxxxxxxx r28=xxxxxxxx r29=0000001c
r30=ffffffff r31=xxxxxxxx
-----
0008010c: 2402ffff: addiu r 2, r 0, ffff 
r00=xxxxxxxx r01=xxxxxxxx r02=ffffffff r03=xxxxxxxx r04=ffffffff r05=xxxxxxxx
r06=xxxxxxxx r07=xxxxxxxx r08=xxxxxxxx r09=xxxxxxxx r10=xxxxxxxx r11=xxxxxxxx
r12=xxxxxxxx r13=xxxxxxxx r14=xxxxxxxx r15=xxxxxxxx r16=xxxxxxxx r17=xxxxxxxx
r18=xxxxxxxx r19=xxxxxxxx r20=xxxxxxxx r21=xxxxxxxx r22=xxxxxxxx r23=xxxxxxxx
r24=xxxxxxxx r25=xxxxxxxx r26=xxxxxxxx r27=xxxxxxxx r28=xxxxxxxx r29=0000001c
r30=ffffffff r31=xxxxxxxx
-----
00080110: 24440001: addiu r 4, r 2, 0001 
r00=xxxxxxxx r01=xxxxxxxx r02=ffffffff r03=xxxxxxxx r04=00000000 r05=xxxxxxxx
r06=xxxxxxxx r07=xxxxxxxx r08=xxxxxxxx r09=xxxxxxxx r10=xxxxxxxx r11=xxxxxxxx
r12=xxxxxxxx r13=xxxxxxxx r14=xxxxxxxx r15=xxxxxxxx r16=xxxxxxxx r17=xxxxxxxx
r18=xxxxxxxx r19=xxxxxxxx r20=xxxxxxxx r21=xxxxxxxx r22=xxxxxxxx r23=xxxxxxxx
r24=xxxxxxxx r25=xxxxxxxx r26=xxxxxxxx r27=xxxxxxxx r28=xxxxxxxx r29=0000001c
r30=ffffffff r31=xxxxxxxx
-----
00080114: 241d001d: addiu r29, r 0, 001d 
r00=xxxxxxxx r01=xxxxxxxx r02=ffffffff r03=xxxxxxxx r04=00000000 r05=xxxxxxxx
r06=xxxxxxxx r07=xxxxxxxx r08=xxxxxxxx r09=xxxxxxxx r10=xxxxxxxx r11=xxxxxxxx
r12=xxxxxxxx r13=xxxxxxxx r14=xxxxxxxx r15=xxxxxxxx r16=xxxxxxxx r17=xxxxxxxx
r18=xxxxxxxx r19=xxxxxxxx r20=xxxxxxxx r21=xxxxxxxx r22=xxxxxxxx r23=xxxxxxxx
r24=xxxxxxxx r25=xxxxxxxx r26=xxxxxxxx r27=xxxxxxxx r28=xxxxxxxx r29=0000001d
r30=ffffffff r31=xxxxxxxx
-----
00080118: 14800032: bne   r 4, r 0, 0032 
r00=xxxxxxxx r01=xxxxxxxx r02=ffffffff r03=xxxxxxxx r04=00000000 r05=xxxxxxxx
r06=xxxxxxxx r07=xxxxxxxx r08=xxxxxxxx r09=xxxxxxxx r10=xxxxxxxx r11=xxxxxxxx
r12=xxxxxxxx r13=xxxxxxxx r14=xxxxxxxx r15=xxxxxxxx r16=xxxxxxxx r17=xxxxxxxx
r18=xxxxxxxx r19=xxxxxxxx r20=xxxxxxxx r21=xxxxxxxx r22=xxxxxxxx r23=xxxxxxxx
r24=xxxxxxxx r25=xxxxxxxx r26=xxxxxxxx r27=xxxxxxxx r28=xxxxxxxx r29=0000001d
r30=ffffffff r31=xxxxxxxx
-----
0008011c: 2402ffff: addiu r 2, r 0, ffff 
r00=xxxxxxxx r01=xxxxxxxx r02=ffffffff r03=xxxxxxxx r04=00000000 r05=xxxxxxxx
r06=xxxxxxxx r07=xxxxxxxx r08=xxxxxxxx r09=xxxxxxxx r10=xxxxxxxx r11=xxxxxxxx
r12=xxxxxxxx r13=xxxxxxxx r14=xxxxxxxx r15=xxxxxxxx r16=xxxxxxxx r17=xxxxxxxx
r18=xxxxxxxx r19=xxxxxxxx r20=xxxxxxxx r21=xxxxxxxx r22=xxxxxxxx r23=xxxxxxxx
r24=xxxxxxxx r25=xxxxxxxx r26=xxxxxxxx r27=xxxxxxxx r28=xxxxxxxx r29=0000001d
r30=ffffffff r31=xxxxxxxx
-----
00080120: 2444ffff: addiu r 4, r 2, ffff 
r00=xxxxxxxx r01=xxxxxxxx r02=ffffffff r03=xxxxxxxx r04=fffffffe r05=xxxxxxxx
r06=xxxxxxxx r07=xxxxxxxx r08=xxxxxxxx r09=xxxxxxxx r10=xxxxxxxx r11=xxxxxxxx
r12=xxxxxxxx r13=xxxxxxxx r14=xxxxxxxx r15=xxxxxxxx r16=xxxxxxxx r17=xxxxxxxx
r18=xxxxxxxx r19=xxxxxxxx r20=xxxxxxxx r21=xxxxxxxx r22=xxxxxxxx r23=xxxxxxxx
r24=xxxxxxxx r25=xxxxxxxx r26=xxxxxxxx r27=xxxxxxxx r28=xxxxxxxx r29=0000001d
r30=ffffffff r31=xxxxxxxx
-----
00080124: 241d001e: addiu r29, r 0, 001e 
r00=xxxxxxxx r01=xxxxxxxx r02=ffffffff r03=xxxxxxxx r04=fffffffe r05=xxxxxxxx
r06=xxxxxxxx r07=xxxxxxxx r08=xxxxxxxx r09=xxxxxxxx r10=xxxxxxxx r11=xxxxxxxx
r12=xxxxxxxx r13=xxxxxxxx r14=xxxxxxxx r15=xxxxxxxx r16=xxxxxxxx r17=xxxxxxxx
r18=xxxxxxxx r19=xxxxxxxx r20=xxxxxxxx r21=xxxxxxxx r22=xxxxxxxx r23=xxxxxxxx
r24=xxxxxxxx r25=xxxxxxxx r26=xxxxxxxx r27=xxxxxxxx r28=xxxxxxxx r29=0000001e
r30=ffffffff r31=xxxxxxxx
-----
00080128: 241efffe: addiu r30, r 0, fffe 
r00=xxxxxxxx r01=xxxxxxxx r02=ffffffff r03=xxxxxxxx r04=fffffffe r05=xxxxxxxx
r06=xxxxxxxx r07=xxxxxxxx r08=xxxxxxxx r09=xxxxxxxx r10=xxxxxxxx r11=xxxxxxxx
r12=xxxxxxxx r13=xxxxxxxx r14=xxxxxxxx r15=xxxxxxxx r16=xxxxxxxx r17=xxxxxxxx
r18=xxxxxxxx r19=xxxxxxxx r20=xxxxxxxx r21=xxxxxxxx r22=xxxxxxxx r23=xxxxxxxx
r24=xxxxxxxx r25=xxxxxxxx r26=xxxxxxxx r27=xxxxxxxx r28=xxxxxxxx r29=0000001e
r30=fffffffe r31=xxxxxxxx
-----
0008012c: 149e002d: bne   r 4, r30, 002d 
r00=xxxxxxxx r01=xxxxxxxx r02=ffffffff r03=xxxxxxxx r04=fffffffe r05=xxxxxxxx
r06=xxxxxxxx r07=xxxxxxxx r08=xxxxxxxx r09=xxxxxxxx r10=xxxxxxxx r11=xxxxxxxx
r12=xxxxxxxx r13=xxxxxxxx r14=xxxxxxxx r15=xxxxxxxx r16=xxxxxxxx r17=xxxxxxxx
r18=xxxxxxxx r19=xxxxxxxx r20=xxxxxxxx r21=xxxxxxxx r22=xxxxxxxx r23=xxxxxxxx
r24=xxxxxxxx r25=xxxxxxxx r26=xxxxxxxx r27=xxxxxxxx r28=xxxxxxxx r29=0000001e
r30=fffffffe r31=xxxxxxxx
-----
00080130: 2402000d: addiu r 2, r 0, 000d 
r00=xxxxxxxx r01=xxxxxxxx r02=0000000d r03=xxxxxxxx r04=fffffffe r05=xxxxxxxx
r06=xxxxxxxx r07=xxxxxxxx r08=xxxxxxxx r09=xxxxxxxx r10=xxxxxxxx r11=xxxxxxxx
r12=xxxxxxxx r13=xxxxxxxx r14=xxxxxxxx r15=xxxxxxxx r16=xxxxxxxx r17=xxxxxxxx
r18=xxxxxxxx r19=xxxxxxxx r20=xxxxxxxx r21=xxxxxxxx r22=xxxxxxxx r23=xxxxxxxx
r24=xxxxxxxx r25=xxxxxxxx r26=xxxxxxxx r27=xxxxxxxx r28=xxxxxxxx r29=0000001e
r30=fffffffe r31=xxxxxxxx
-----
00080134: 2442000b: addiu r 2, r 2, 000b 
r00=xxxxxxxx r01=xxxxxxxx r02=00000018 r03=xxxxxxxx r04=fffffffe r05=xxxxxxxx
r06=xxxxxxxx r07=xxxxxxxx r08=xxxxxxxx r09=xxxxxxxx r10=xxxxxxxx r11=xxxxxxxx
r12=xxxxxxxx r13=xxxxxxxx r14=xxxxxxxx r15=xxxxxxxx r16=xxxxxxxx r17=xxxxxxxx
r18=xxxxxxxx r19=xxxxxxxx r20=xxxxxxxx r21=xxxxxxxx r22=xxxxxxxx r23=xxxxxxxx
r24=xxxxxxxx r25=xxxxxxxx r26=xxxxxxxx r27=xxxxxxxx r28=xxxxxxxx r29=0000001e
r30=fffffffe r31=xxxxxxxx
-----
00080138: 241d0024: addiu r29, r 0, 0024 
r00=xxxxxxxx r01=xxxxxxxx r02=00000018 r03=xxxxxxxx r04=fffffffe r05=xxxxxxxx
r06=xxxxxxxx r07=xxxxxxxx r08=xxxxxxxx r09=xxxxxxxx r10=xxxxxxxx r11=xxxxxxxx
r12=xxxxxxxx r13=xxxxxxxx r14=xxxxxxxx r15=xxxxxxxx r16=xxxxxxxx r17=xxxxxxxx
r18=xxxxxxxx r19=xxxxxxxx r20=xxxxxxxx r21=xxxxxxxx r22=xxxxxxxx r23=xxxxxxxx
r24=xxxxxxxx r25=xxxxxxxx r26=xxxxxxxx r27=xxxxxxxx r28=xxxxxxxx r29=00000024
r30=fffffffe r31=xxxxxxxx
-----
0008013c: 241e0018: addiu r30, r 0, 0018 
r00=xxxxxxxx r01=xxxxxxxx r02=00000018 r03=xxxxxxxx r04=fffffffe r05=xxxxxxxx
r06=xxxxxxxx r07=xxxxxxxx r08=xxxxxxxx r09=xxxxxxxx r10=xxxxxxxx r11=xxxxxxxx
r12=xxxxxxxx r13=xxxxxxxx r14=xxxxxxxx r15=xxxxxxxx r16=xxxxxxxx r17=xxxxxxxx
r18=xxxxxxxx r19=xxxxxxxx r20=xxxxxxxx r21=xxxxxxxx r22=xxxxxxxx r23=xxxxxxxx
r24=xxxxxxxx r25=xxxxxxxx r26=xxxxxxxx r27=xxxxxxxx r28=xxxxxxxx r29=00000024
r30=00000018 r31=xxxxxxxx
-----
00080140: 145e0028: bne   r 2, r30, 0028 
r00=xxxxxxxx r01=xxxxxxxx r02=00000018 r03=xxxxxxxx r04=fffffffe r05=xxxxxxxx
r06=xxxxxxxx r07=xxxxxxxx r08=xxxxxxxx r09=xxxxxxxx r10=xxxxxxxx r11=xxxxxxxx
r12=xxxxxxxx r13=xxxxxxxx r14=xxxxxxxx r15=xxxxxxxx r16=xxxxxxxx r17=xxxxxxxx
r18=xxxxxxxx r19=xxxxxxxx r20=xxxxxxxx r21=xxxxxxxx r22=xxxxxxxx r23=xxxxxxxx
r24=xxxxxxxx r25=xxxxxxxx r26=xxxxxxxx r27=xxxxxxxx r28=xxxxxxxx r29=00000024
r30=00000018 r31=xxxxxxxx
-----
00080144: 2402000d: addiu r 2, r 0, 000d 
r00=xxxxxxxx r01=xxxxxxxx r02=0000000d r03=xxxxxxxx r04=fffffffe r05=xxxxxxxx
r06=xxxxxxxx r07=xxxxxxxx r08=xxxxxxxx r09=xxxxxxxx r10=xxxxxxxx r11=xxxxxxxx
r12=xxxxxxxx r13=xxxxxxxx r14=xxxxxxxx r15=xxxxxxxx r16=xxxxxxxx r17=xxxxxxxx
r18=xxxxxxxx r19=xxxxxxxx r20=xxxxxxxx r21=xxxxxxxx r22=xxxxxxxx r23=xxxxxxxx
r24=xxxxxxxx r25=xxxxxxxx r26=xxxxxxxx r27=xxxxxxxx r28=xxxxxxxx r29=00000024
r30=00000018 r31=xxxxxxxx
-----
00080148: 2444000b: addiu r 4, r 2, 000b 
r00=xxxxxxxx r01=xxxxxxxx r02=0000000d r03=xxxxxxxx r04=00000018 r05=xxxxxxxx
r06=xxxxxxxx r07=xxxxxxxx r08=xxxxxxxx r09=xxxxxxxx r10=xxxxxxxx r11=xxxxxxxx
r12=xxxxxxxx r13=xxxxxxxx r14=xxxxxxxx r15=xxxxxxxx r16=xxxxxxxx r17=xxxxxxxx
r18=xxxxxxxx r19=xxxxxxxx r20=xxxxxxxx r21=xxxxxxxx r22=xxxxxxxx r23=xxxxxxxx
r24=xxxxxxxx r25=xxxxxxxx r26=xxxxxxxx r27=xxxxxxxx r28=xxxxxxxx r29=00000024
r30=00000018 r31=xxxxxxxx
-----
0008014c: 24870000: addiu r 7, r 4, 0000 
r00=xxxxxxxx r01=xxxxxxxx r02=0000000d r03=xxxxxxxx r04=00000018 r05=xxxxxxxx
r06=xxxxxxxx r07=00000018 r08=xxxxxxxx r09=xxxxxxxx r10=xxxxxxxx r11=xxxxxxxx
r12=xxxxxxxx r13=xxxxxxxx r14=xxxxxxxx r15=xxxxxxxx r16=xxxxxxxx r17=xxxxxxxx
r18=xxxxxxxx r19=xxxxxxxx r20=xxxxxxxx r21=xxxxxxxx r22=xxxxxxxx r23=xxxxxxxx
r24=xxxxxxxx r25=xxxxxxxx r26=xxxxxxxx r27=xxxxxxxx r28=xxxxxxxx r29=00000024
r30=00000018 r31=xxxxxxxx
-----
00080150: 241d002a: addiu r29, r 0, 002a 
r00=xxxxxxxx r01=xxxxxxxx r02=0000000d r03=xxxxxxxx r04=00000018 r05=xxxxxxxx
r06=xxxxxxxx r07=00000018 r08=xxxxxxxx r09=xxxxxxxx r10=xxxxxxxx r11=xxxxxxxx
r12=xxxxxxxx r13=xxxxxxxx r14=xxxxxxxx r15=xxxxxxxx r16=xxxxxxxx r17=xxxxxxxx
r18=xxxxxxxx r19=xxxxxxxx r20=xxxxxxxx r21=xxxxxxxx r22=xxxxxxxx r23=xxxxxxxx
r24=xxxxxxxx r25=xxxxxxxx r26=xxxxxxxx r27=xxxxxxxx r28=xxxxxxxx r29=0000002a
r30=00000018 r31=xxxxxxxx
-----
00080154: 241e0018: addiu r30, r 0, 0018 
r00=xxxxxxxx r01=xxxxxxxx r02=0000000d r03=xxxxxxxx r04=00000018 r05=xxxxxxxx
r06=xxxxxxxx r07=00000018 r08=xxxxxxxx r09=xxxxxxxx r10=xxxxxxxx r11=xxxxxxxx
r12=xxxxxxxx r13=xxxxxxxx r14=xxxxxxxx r15=xxxxxxxx r16=xxxxxxxx r17=xxxxxxxx
r18=xxxxxxxx r19=xxxxxxxx r20=xxxxxxxx r21=xxxxxxxx r22=xxxxxxxx r23=xxxxxxxx
r24=xxxxxxxx r25=xxxxxxxx r26=xxxxxxxx r27=xxxxxxxx r28=xxxxxxxx r29=0000002a
r30=00000018 r31=xxxxxxxx
-----
00080158: 14fe0022: bne   r 7, r30, 0022 
r00=xxxxxxxx r01=xxxxxxxx r02=0000000d r03=xxxxxxxx r04=00000018 r05=xxxxxxxx
r06=xxxxxxxx r07=00000018 r08=xxxxxxxx r09=xxxxxxxx r10=xxxxxxxx r11=xxxxxxxx
r12=xxxxxxxx r13=xxxxxxxx r14=xxxxxxxx r15=xxxxxxxx r16=xxxxxxxx r17=xxxxxxxx
r18=xxxxxxxx r19=xxxxxxxx r20=xxxxxxxx r21=xxxxxxxx r22=xxxxxxxx r23=xxxxxxxx
r24=xxxxxxxx r25=xxxxxxxx r26=xxxxxxxx r27=xxxxxxxx r28=xxxxxxxx r29=0000002a
r30=00000018 r31=xxxxxxxx
-----
0008015c: 2402000d: addiu r 2, r 0, 000d 
r00=xxxxxxxx r01=xxxxxxxx r02=0000000d r03=xxxxxxxx r04=00000018 r05=xxxxxxxx
r06=xxxxxxxx r07=00000018 r08=xxxxxxxx r09=xxxxxxxx r10=xxxxxxxx r11=xxxxxxxx
r12=xxxxxxxx r13=xxxxxxxx r14=xxxxxxxx r15=xxxxxxxx r16=xxxxxxxx r17=xxxxxxxx
r18=xxxxxxxx r19=xxxxxxxx r20=xxxxxxxx r21=xxxxxxxx r22=xxxxxxxx r23=xxxxxxxx
r24=xxxxxxxx r25=xxxxxxxx r26=xxxxxxxx r27=xxxxxxxx r28=xxxxxxxx r29=0000002a
r30=00000018 r31=xxxxxxxx
-----
00080160: 2444000a: addiu r 4, r 2, 000a 
r00=xxxxxxxx r01=xxxxxxxx r02=0000000d r03=xxxxxxxx r04=00000017 r05=xxxxxxxx
r06=xxxxxxxx r07=00000018 r08=xxxxxxxx r09=xxxxxxxx r10=xxxxxxxx r11=xxxxxxxx
r12=xxxxxxxx r13=xxxxxxxx r14=xxxxxxxx r15=xxxxxxxx r16=xxxxxxxx r17=xxxxxxxx
r18=xxxxxxxx r19=xxxxxxxx r20=xxxxxxxx r21=xxxxxxxx r22=xxxxxxxx r23=xxxxxxxx
r24=xxxxxxxx r25=xxxxxxxx r26=xxxxxxxx r27=xxxxxxxx r28=xxxxxxxx r29=0000002a
r30=00000018 r31=xxxxxxxx
-----
00080164: 00000000: nop                  
r00=xxxxxxxx r01=xxxxxxxx r02=0000000d r03=xxxxxxxx r04=00000017 r05=xxxxxxxx
r06=xxxxxxxx r07=00000018 r08=xxxxxxxx r09=xxxxxxxx r10=xxxxxxxx r11=xxxxxxxx
r12=xxxxxxxx r13=xxxxxxxx r14=xxxxxxxx r15=xxxxxxxx r16=xxxxxxxx r17=xxxxxxxx
r18=xxxxxxxx r19=xxxxxxxx r20=xxxxxxxx r21=xxxxxxxx r22=xxxxxxxx r23=xxxxxxxx
r24=xxxxxxxx r25=xxxxxxxx r26=xxxxxxxx r27=xxxxxxxx r28=xxxxxxxx r29=0000002a
r30=00000018 r31=xxxxxxxx
-----
00080168: 24870000: addiu r 7, r 4, 0000 
r00=xxxxxxxx r01=xxxxxxxx r02=0000000d r03=xxxxxxxx r04=00000017 r05=xxxxxxxx
r06=xxxxxxxx r07=00000017 r08=xxxxxxxx r09=xxxxxxxx r10=xxxxxxxx r11=xxxxxxxx
r12=xxxxxxxx r13=xxxxxxxx r14=xxxxxxxx r15=xxxxxxxx r16=xxxxxxxx r17=xxxxxxxx
r18=xxxxxxxx r19=xxxxxxxx r20=xxxxxxxx r21=xxxxxxxx r22=xxxxxxxx r23=xxxxxxxx
r24=xxxxxxxx r25=xxxxxxxx r26=xxxxxxxx r27=xxxxxxxx r28=xxxxxxxx r29=0000002a
r30=00000018 r31=xxxxxxxx
-----
0008016c: 241d002b: addiu r29, r 0, 002b 
r00=xxxxxxxx r01=xxxxxxxx r02=0000000d r03=xxxxxxxx r04=00000017 r05=xxxxxxxx
r06=xxxxxxxx r07=00000017 r08=xxxxxxxx r09=xxxxxxxx r10=xxxxxxxx r11=xxxxxxxx
r12=xxxxxxxx r13=xxxxxxxx r14=xxxxxxxx r15=xxxxxxxx r16=xxxxxxxx r17=xxxxxxxx
r18=xxxxxxxx r19=xxxxxxxx r20=xxxxxxxx r21=xxxxxxxx r22=xxxxxxxx r23=xxxxxxxx
r24=xxxxxxxx r25=xxxxxxxx r26=xxxxxxxx r27=xxxxxxxx r28=xxxxxxxx r29=0000002b
r30=00000018 r31=xxxxxxxx
-----
00080170: 241e0017: addiu r30, r 0, 0017 
r00=xxxxxxxx r01=xxxxxxxx r02=0000000d r03=xxxxxxxx r04=00000017 r05=xxxxxxxx
r06=xxxxxxxx r07=00000017 r08=xxxxxxxx r09=xxxxxxxx r10=xxxxxxxx r11=xxxxxxxx
r12=xxxxxxxx r13=xxxxxxxx r14=xxxxxxxx r15=xxxxxxxx r16=xxxxxxxx r17=xxxxxxxx
r18=xxxxxxxx r19=xxxxxxxx r20=xxxxxxxx r21=xxxxxxxx r22=xxxxxxxx r23=xxxxxxxx
r24=xxxxxxxx r25=xxxxxxxx r26=xxxxxxxx r27=xxxxxxxx r28=xxxxxxxx r29=0000002b
r30=00000017 r31=xxxxxxxx
-----
00080174: 14fe001b: bne   r 7, r30, 001b 
r00=xxxxxxxx r01=xxxxxxxx r02=0000000d r03=xxxxxxxx r04=00000017 r05=xxxxxxxx
r06=xxxxxxxx r07=00000017 r08=xxxxxxxx r09=xxxxxxxx r10=xxxxxxxx r11=xxxxxxxx
r12=xxxxxxxx r13=xxxxxxxx r14=xxxxxxxx r15=xxxxxxxx r16=xxxxxxxx r17=xxxxxxxx
r18=xxxxxxxx r19=xxxxxxxx r20=xxxxxxxx r21=xxxxxxxx r22=xxxxxxxx r23=xxxxxxxx
r24=xxxxxxxx r25=xxxxxxxx r26=xxxxxxxx r27=xxxxxxxx r28=xxxxxxxx r29=0000002b
r30=00000017 r31=xxxxxxxx
-----
00080178: 2402000d: addiu r 2, r 0, 000d 
r00=xxxxxxxx r01=xxxxxxxx r02=0000000d r03=xxxxxxxx r04=00000017 r05=xxxxxxxx
r06=xxxxxxxx r07=00000017 r08=xxxxxxxx r09=xxxxxxxx r10=xxxxxxxx r11=xxxxxxxx
r12=xxxxxxxx r13=xxxxxxxx r14=xxxxxxxx r15=xxxxxxxx r16=xxxxxxxx r17=xxxxxxxx
r18=xxxxxxxx r19=xxxxxxxx r20=xxxxxxxx r21=xxxxxxxx r22=xxxxxxxx r23=xxxxxxxx
r24=xxxxxxxx r25=xxxxxxxx r26=xxxxxxxx r27=xxxxxxxx r28=xxxxxxxx r29=0000002b
r30=00000017 r31=xxxxxxxx
-----
0008017c: 24440009: addiu r 4, r 2, 0009 
r00=xxxxxxxx r01=xxxxxxxx r02=0000000d r03=xxxxxxxx r04=00000016 r05=xxxxxxxx
r06=xxxxxxxx r07=00000017 r08=xxxxxxxx r09=xxxxxxxx r10=xxxxxxxx r11=xxxxxxxx
r12=xxxxxxxx r13=xxxxxxxx r14=xxxxxxxx r15=xxxxxxxx r16=xxxxxxxx r17=xxxxxxxx
r18=xxxxxxxx r19=xxxxxxxx r20=xxxxxxxx r21=xxxxxxxx r22=xxxxxxxx r23=xxxxxxxx
r24=xxxxxxxx r25=xxxxxxxx r26=xxxxxxxx r27=xxxxxxxx r28=xxxxxxxx r29=0000002b
r30=00000017 r31=xxxxxxxx
-----
00080180: 00000000: nop                  
r00=xxxxxxxx r01=xxxxxxxx r02=0000000d r03=xxxxxxxx r04=00000016 r05=xxxxxxxx
r06=xxxxxxxx r07=00000017 r08=xxxxxxxx r09=xxxxxxxx r10=xxxxxxxx r11=xxxxxxxx
r12=xxxxxxxx r13=xxxxxxxx r14=xxxxxxxx r15=xxxxxxxx r16=xxxxxxxx r17=xxxxxxxx
r18=xxxxxxxx r19=xxxxxxxx r20=xxxxxxxx r21=xxxxxxxx r22=xxxxxxxx r23=xxxxxxxx
r24=xxxxxxxx r25=xxxxxxxx r26=xxxxxxxx r27=xxxxxxxx r28=xxxxxxxx r29=0000002b
r30=00000017 r31=xxxxxxxx
-----
00080184: 00000000: nop                  
r00=xxxxxxxx r01=xxxxxxxx r02=0000000d r03=xxxxxxxx r04=00000016 r05=xxxxxxxx
r06=xxxxxxxx r07=00000017 r08=xxxxxxxx r09=xxxxxxxx r10=xxxxxxxx r11=xxxxxxxx
r12=xxxxxxxx r13=xxxxxxxx r14=xxxxxxxx r15=xxxxxxxx r16=xxxxxxxx r17=xxxxxxxx
r18=xxxxxxxx r19=xxxxxxxx r20=xxxxxxxx r21=xxxxxxxx r22=xxxxxxxx r23=xxxxxxxx
r24=xxxxxxxx r25=xxxxxxxx r26=xxxxxxxx r27=xxxxxxxx r28=xxxxxxxx r29=0000002b
r30=00000017 r31=xxxxxxxx
-----
00080188: 24870000: addiu r 7, r 4, 0000 
r00=xxxxxxxx r01=xxxxxxxx r02=0000000d r03=xxxxxxxx r04=00000016 r05=xxxxxxxx
r06=xxxxxxxx r07=00000016 r08=xxxxxxxx r09=xxxxxxxx r10=xxxxxxxx r11=xxxxxxxx
r12=xxxxxxxx r13=xxxxxxxx r14=xxxxxxxx r15=xxxxxxxx r16=xxxxxxxx r17=xxxxxxxx
r18=xxxxxxxx r19=xxxxxxxx r20=xxxxxxxx r21=xxxxxxxx r22=xxxxxxxx r23=xxxxxxxx
r24=xxxxxxxx r25=xxxxxxxx r26=xxxxxxxx r27=xxxxxxxx r28=xxxxxxxx r29=0000002b
r30=00000017 r31=xxxxxxxx
-----
0008018c: 241d002c: addiu r29, r 0, 002c 
r00=xxxxxxxx r01=xxxxxxxx r02=0000000d r03=xxxxxxxx r04=00000016 r05=xxxxxxxx
r06=xxxxxxxx r07=00000016 r08=xxxxxxxx r09=xxxxxxxx r10=xxxxxxxx r11=xxxxxxxx
r12=xxxxxxxx r13=xxxxxxxx r14=xxxxxxxx r15=xxxxxxxx r16=xxxxxxxx r17=xxxxxxxx
r18=xxxxxxxx r19=xxxxxxxx r20=xxxxxxxx r21=xxxxxxxx r22=xxxxxxxx r23=xxxxxxxx
r24=xxxxxxxx r25=xxxxxxxx r26=xxxxxxxx r27=xxxxxxxx r28=xxxxxxxx r29=0000002c
r30=00000017 r31=xxxxxxxx
-----
00080190: 241e0016: addiu r30, r 0, 0016 
r00=xxxxxxxx r01=xxxxxxxx r02=0000000d r03=xxxxxxxx r04=00000016 r05=xxxxxxxx
r06=xxxxxxxx r07=00000016 r08=xxxxxxxx r09=xxxxxxxx r10=xxxxxxxx r11=xxxxxxxx
r12=xxxxxxxx r13=xxxxxxxx r14=xxxxxxxx r15=xxxxxxxx r16=xxxxxxxx r17=xxxxxxxx
r18=xxxxxxxx r19=xxxxxxxx r20=xxxxxxxx r21=xxxxxxxx r22=xxxxxxxx r23=xxxxxxxx
r24=xxxxxxxx r25=xxxxxxxx r26=xxxxxxxx r27=xxxxxxxx r28=xxxxxxxx r29=0000002c
r30=00000016 r31=xxxxxxxx
-----
00080194: 14fe0013: bne   r 7, r30, 0013 
r00=xxxxxxxx r01=xxxxxxxx r02=0000000d r03=xxxxxxxx r04=00000016 r05=xxxxxxxx
r06=xxxxxxxx r07=00000016 r08=xxxxxxxx r09=xxxxxxxx r10=xxxxxxxx r11=xxxxxxxx
r12=xxxxxxxx r13=xxxxxxxx r14=xxxxxxxx r15=xxxxxxxx r16=xxxxxxxx r17=xxxxxxxx
r18=xxxxxxxx r19=xxxxxxxx r20=xxxxxxxx r21=xxxxxxxx r22=xxxxxxxx r23=xxxxxxxx
r24=xxxxxxxx r25=xxxxxxxx r26=xxxxxxxx r27=xxxxxxxx r28=xxxxxxxx r29=0000002c
r30=00000016 r31=xxxxxxxx
-----
00080198: 2402000d: addiu r 2, r 0, 000d 
r00=xxxxxxxx r01=xxxxxxxx r02=0000000d r03=xxxxxxxx r04=00000016 r05=xxxxxxxx
r06=xxxxxxxx r07=00000016 r08=xxxxxxxx r09=xxxxxxxx r10=xxxxxxxx r11=xxxxxxxx
r12=xxxxxxxx r13=xxxxxxxx r14=xxxxxxxx r15=xxxxxxxx r16=xxxxxxxx r17=xxxxxxxx
r18=xxxxxxxx r19=xxxxxxxx r20=xxxxxxxx r21=xxxxxxxx r22=xxxxxxxx r23=xxxxxxxx
r24=xxxxxxxx r25=xxxxxxxx r26=xxxxxxxx r27=xxxxxxxx r28=xxxxxxxx r29=0000002c
r30=00000016 r31=xxxxxxxx
-----
0008019c: 2444000b: addiu r 4, r 2, 000b 
r00=xxxxxxxx r01=xxxxxxxx r02=0000000d r03=xxxxxxxx r04=00000018 r05=xxxxxxxx
r06=xxxxxxxx r07=00000016 r08=xxxxxxxx r09=xxxxxxxx r10=xxxxxxxx r11=xxxxxxxx
r12=xxxxxxxx r13=xxxxxxxx r14=xxxxxxxx r15=xxxxxxxx r16=xxxxxxxx r17=xxxxxxxx
r18=xxxxxxxx r19=xxxxxxxx r20=xxxxxxxx r21=xxxxxxxx r22=xxxxxxxx r23=xxxxxxxx
r24=xxxxxxxx r25=xxxxxxxx r26=xxxxxxxx r27=xxxxxxxx r28=xxxxxxxx r29=0000002c
r30=00000016 r31=xxxxxxxx
-----
000801a0: 241d002e: addiu r29, r 0, 002e 
r00=xxxxxxxx r01=xxxxxxxx r02=0000000d r03=xxxxxxxx r04=00000018 r05=xxxxxxxx
r06=xxxxxxxx r07=00000016 r08=xxxxxxxx r09=xxxxxxxx r10=xxxxxxxx r11=xxxxxxxx
r12=xxxxxxxx r13=xxxxxxxx r14=xxxxxxxx r15=xxxxxxxx r16=xxxxxxxx r17=xxxxxxxx
r18=xxxxxxxx r19=xxxxxxxx r20=xxxxxxxx r21=xxxxxxxx r22=xxxxxxxx r23=xxxxxxxx
r24=xxxxxxxx r25=xxxxxxxx r26=xxxxxxxx r27=xxxxxxxx r28=xxxxxxxx r29=0000002e
r30=00000016 r31=xxxxxxxx
-----
000801a4: 241e0018: addiu r30, r 0, 0018 
r00=xxxxxxxx r01=xxxxxxxx r02=0000000d r03=xxxxxxxx r04=00000018 r05=xxxxxxxx
r06=xxxxxxxx r07=00000016 r08=xxxxxxxx r09=xxxxxxxx r10=xxxxxxxx r11=xxxxxxxx
r12=xxxxxxxx r13=xxxxxxxx r14=xxxxxxxx r15=xxxxxxxx r16=xxxxxxxx r17=xxxxxxxx
r18=xxxxxxxx r19=xxxxxxxx r20=xxxxxxxx r21=xxxxxxxx r22=xxxxxxxx r23=xxxxxxxx
r24=xxxxxxxx r25=xxxxxxxx r26=xxxxxxxx r27=xxxxxxxx r28=xxxxxxxx r29=0000002e
r30=00000018 r31=xxxxxxxx
-----
000801a8: 149e000e: bne   r 4, r30, 000e 
r00=xxxxxxxx r01=xxxxxxxx r02=0000000d r03=xxxxxxxx r04=00000018 r05=xxxxxxxx
r06=xxxxxxxx r07=00000016 r08=xxxxxxxx r09=xxxxxxxx r10=xxxxxxxx r11=xxxxxxxx
r12=xxxxxxxx r13=xxxxxxxx r14=xxxxxxxx r15=xxxxxxxx r16=xxxxxxxx r17=xxxxxxxx
r18=xxxxxxxx r19=xxxxxxxx r20=xxxxxxxx r21=xxxxxxxx r22=xxxxxxxx r23=xxxxxxxx
r24=xxxxxxxx r25=xxxxxxxx r26=xxxxxxxx r27=xxxxxxxx r28=xxxxxxxx r29=0000002e
r30=00000018 r31=xxxxxxxx
-----
000801ac: 2402000d: addiu r 2, r 0, 000d 
r00=xxxxxxxx r01=xxxxxxxx r02=0000000d r03=xxxxxxxx r04=00000018 r05=xxxxxxxx
r06=xxxxxxxx r07=00000016 r08=xxxxxxxx r09=xxxxxxxx r10=xxxxxxxx r11=xxxxxxxx
r12=xxxxxxxx r13=xxxxxxxx r14=xxxxxxxx r15=xxxxxxxx r16=xxxxxxxx r17=xxxxxxxx
r18=xxxxxxxx r19=xxxxxxxx r20=xxxxxxxx r21=xxxxxxxx r22=xxxxxxxx r23=xxxxxxxx
r24=xxxxxxxx r25=xxxxxxxx r26=xxxxxxxx r27=xxxxxxxx r28=xxxxxxxx r29=0000002e
r30=00000018 r31=xxxxxxxx
-----
000801b0: 00000000: nop                  
r00=xxxxxxxx r01=xxxxxxxx r02=0000000d r03=xxxxxxxx r04=00000018 r05=xxxxxxxx
r06=xxxxxxxx r07=00000016 r08=xxxxxxxx r09=xxxxxxxx r10=xxxxxxxx r11=xxxxxxxx
r12=xxxxxxxx r13=xxxxxxxx r14=xxxxxxxx r15=xxxxxxxx r16=xxxxxxxx r17=xxxxxxxx
r18=xxxxxxxx r19=xxxxxxxx r20=xxxxxxxx r21=xxxxxxxx r22=xxxxxxxx r23=xxxxxxxx
r24=xxxxxxxx r25=xxxxxxxx r26=xxxxxxxx r27=xxxxxxxx r28=xxxxxxxx r29=0000002e
r30=00000018 r31=xxxxxxxx
-----
000801b4: 2444000a: addiu r 4, r 2, 000a 
r00=xxxxxxxx r01=xxxxxxxx r02=0000000d r03=xxxxxxxx r04=00000017 r05=xxxxxxxx
r06=xxxxxxxx r07=00000016 r08=xxxxxxxx r09=xxxxxxxx r10=xxxxxxxx r11=xxxxxxxx
r12=xxxxxxxx r13=xxxxxxxx r14=xxxxxxxx r15=xxxxxxxx r16=xxxxxxxx r17=xxxxxxxx
r18=xxxxxxxx r19=xxxxxxxx r20=xxxxxxxx r21=xxxxxxxx r22=xxxxxxxx r23=xxxxxxxx
r24=xxxxxxxx r25=xxxxxxxx r26=xxxxxxxx r27=xxxxxxxx r28=xxxxxxxx r29=0000002e
r30=00000018 r31=xxxxxxxx
-----
000801b8: 241d002f: addiu r29, r 0, 002f 
r00=xxxxxxxx r01=xxxxxxxx r02=0000000d r03=xxxxxxxx r04=00000017 r05=xxxxxxxx
r06=xxxxxxxx r07=00000016 r08=xxxxxxxx r09=xxxxxxxx r10=xxxxxxxx r11=xxxxxxxx
r12=xxxxxxxx r13=xxxxxxxx r14=xxxxxxxx r15=xxxxxxxx r16=xxxxxxxx r17=xxxxxxxx
r18=xxxxxxxx r19=xxxxxxxx r20=xxxxxxxx r21=xxxxxxxx r22=xxxxxxxx r23=xxxxxxxx
r24=xxxxxxxx r25=xxxxxxxx r26=xxxxxxxx r27=xxxxxxxx r28=xxxxxxxx r29=0000002f
r30=00000018 r31=xxxxxxxx
-----
000801bc: 241e0017: addiu r30, r 0, 0017 
r00=xxxxxxxx r01=xxxxxxxx r02=0000000d r03=xxxxxxxx r04=00000017 r05=xxxxxxxx
r06=xxxxxxxx r07=00000016 r08=xxxxxxxx r09=xxxxxxxx r10=xxxxxxxx r11=xxxxxxxx
r12=xxxxxxxx r13=xxxxxxxx r14=xxxxxxxx r15=xxxxxxxx r16=xxxxxxxx r17=xxxxxxxx
r18=xxxxxxxx r19=xxxxxxxx r20=xxxxxxxx r21=xxxxxxxx r22=xxxxxxxx r23=xxxxxxxx
r24=xxxxxxxx r25=xxxxxxxx r26=xxxxxxxx r27=xxxxxxxx r28=xxxxxxxx r29=0000002f
r30=00000017 r31=xxxxxxxx
-----
000801c0: 149e0008: bne   r 4, r30, 0008 
r00=xxxxxxxx r01=xxxxxxxx r02=0000000d r03=xxxxxxxx r04=00000017 r05=xxxxxxxx
r06=xxxxxxxx r07=00000016 r08=xxxxxxxx r09=xxxxxxxx r10=xxxxxxxx r11=xxxxxxxx
r12=xxxxxxxx r13=xxxxxxxx r14=xxxxxxxx r15=xxxxxxxx r16=xxxxxxxx r17=xxxxxxxx
r18=xxxxxxxx r19=xxxxxxxx r20=xxxxxxxx r21=xxxxxxxx r22=xxxxxxxx r23=xxxxxxxx
r24=xxxxxxxx r25=xxxxxxxx r26=xxxxxxxx r27=xxxxxxxx r28=xxxxxxxx r29=0000002f
r30=00000017 r31=xxxxxxxx
-----
000801c4: 2402000d: addiu r 2, r 0, 000d 
r00=xxxxxxxx r01=xxxxxxxx r02=0000000d r03=xxxxxxxx r04=00000017 r05=xxxxxxxx
r06=xxxxxxxx r07=00000016 r08=xxxxxxxx r09=xxxxxxxx r10=xxxxxxxx r11=xxxxxxxx
r12=xxxxxxxx r13=xxxxxxxx r14=xxxxxxxx r15=xxxxxxxx r16=xxxxxxxx r17=xxxxxxxx
r18=xxxxxxxx r19=xxxxxxxx r20=xxxxxxxx r21=xxxxxxxx r22=xxxxxxxx r23=xxxxxxxx
r24=xxxxxxxx r25=xxxxxxxx r26=xxxxxxxx r27=xxxxxxxx r28=xxxxxxxx r29=0000002f
r30=00000017 r31=xxxxxxxx
-----
000801c8: 00000000: nop                  
r00=xxxxxxxx r01=xxxxxxxx r02=0000000d r03=xxxxxxxx r04=00000017 r05=xxxxxxxx
r06=xxxxxxxx r07=00000016 r08=xxxxxxxx r09=xxxxxxxx r10=xxxxxxxx r11=xxxxxxxx
r12=xxxxxxxx r13=xxxxxxxx r14=xxxxxxxx r15=xxxxxxxx r16=xxxxxxxx r17=xxxxxxxx
r18=xxxxxxxx r19=xxxxxxxx r20=xxxxxxxx r21=xxxxxxxx r22=xxxxxxxx r23=xxxxxxxx
r24=xxxxxxxx r25=xxxxxxxx r26=xxxxxxxx r27=xxxxxxxx r28=xxxxxxxx r29=0000002f
r30=00000017 r31=xxxxxxxx
-----
000801cc: 00000000: nop                  
r00=xxxxxxxx r01=xxxxxxxx r02=0000000d r03=xxxxxxxx r04=00000017 r05=xxxxxxxx
r06=xxxxxxxx r07=00000016 r08=xxxxxxxx r09=xxxxxxxx r10=xxxxxxxx r11=xxxxxxxx
r12=xxxxxxxx r13=xxxxxxxx r14=xxxxxxxx r15=xxxxxxxx r16=xxxxxxxx r17=xxxxxxxx
r18=xxxxxxxx r19=xxxxxxxx r20=xxxxxxxx r21=xxxxxxxx r22=xxxxxxxx r23=xxxxxxxx
r24=xxxxxxxx r25=xxxxxxxx r26=xxxxxxxx r27=xxxxxxxx r28=xxxxxxxx r29=0000002f
r30=00000017 r31=xxxxxxxx
-----
000801d0: 24440009: addiu r 4, r 2, 0009 
r00=xxxxxxxx r01=xxxxxxxx r02=0000000d r03=xxxxxxxx r04=00000016 r05=xxxxxxxx
r06=xxxxxxxx r07=00000016 r08=xxxxxxxx r09=xxxxxxxx r10=xxxxxxxx r11=xxxxxxxx
r12=xxxxxxxx r13=xxxxxxxx r14=xxxxxxxx r15=xxxxxxxx r16=xxxxxxxx r17=xxxxxxxx
r18=xxxxxxxx r19=xxxxxxxx r20=xxxxxxxx r21=xxxxxxxx r22=xxxxxxxx r23=xxxxxxxx
r24=xxxxxxxx r25=xxxxxxxx r26=xxxxxxxx r27=xxxxxxxx r28=xxxxxxxx r29=0000002f
r30=00000017 r31=xxxxxxxx
-----
000801d4: 241d0030: addiu r29, r 0, 0030 
r00=xxxxxxxx r01=xxxxxxxx r02=0000000d r03=xxxxxxxx r04=00000016 r05=xxxxxxxx
r06=xxxxxxxx r07=00000016 r08=xxxxxxxx r09=xxxxxxxx r10=xxxxxxxx r11=xxxxxxxx
r12=xxxxxxxx r13=xxxxxxxx r14=xxxxxxxx r15=xxxxxxxx r16=xxxxxxxx r17=xxxxxxxx
r18=xxxxxxxx r19=xxxxxxxx r20=xxxxxxxx r21=xxxxxxxx r22=xxxxxxxx r23=xxxxxxxx
r24=xxxxxxxx r25=xxxxxxxx r26=xxxxxxxx r27=xxxxxxxx r28=xxxxxxxx r29=00000030
r30=00000017 r31=xxxxxxxx
-----
000801d8: 241e0016: addiu r30, r 0, 0016 
r00=xxxxxxxx r01=xxxxxxxx r02=0000000d r03=xxxxxxxx r04=00000016 r05=xxxxxxxx
r06=xxxxxxxx r07=00000016 r08=xxxxxxxx r09=xxxxxxxx r10=xxxxxxxx r11=xxxxxxxx
r12=xxxxxxxx r13=xxxxxxxx r14=xxxxxxxx r15=xxxxxxxx r16=xxxxxxxx r17=xxxxxxxx
r18=xxxxxxxx r19=xxxxxxxx r20=xxxxxxxx r21=xxxxxxxx r22=xxxxxxxx r23=xxxxxxxx
r24=xxxxxxxx r25=xxxxxxxx r26=xxxxxxxx r27=xxxxxxxx r28=xxxxxxxx r29=00000030
r30=00000016 r31=xxxxxxxx
-----
000801dc: 149e0001: bne   r 4, r30, 0001 
r00=xxxxxxxx r01=xxxxxxxx r02=0000000d r03=xxxxxxxx r04=00000016 r05=xxxxxxxx
r06=xxxxxxxx r07=00000016 r08=xxxxxxxx r09=xxxxxxxx r10=xxxxxxxx r11=xxxxxxxx
r12=xxxxxxxx r13=xxxxxxxx r14=xxxxxxxx r15=xxxxxxxx r16=xxxxxxxx r17=xxxxxxxx
r18=xxxxxxxx r19=xxxxxxxx r20=xxxxxxxx r21=xxxxxxxx r22=xxxxxxxx r23=xxxxxxxx
r24=xxxxxxxx r25=xxxxxxxx r26=xxxxxxxx r27=xxxxxxxx r28=xxxxxxxx r29=00000030
r30=00000016 r31=xxxxxxxx
-----
000801e0: 241d0001: addiu r29, r 0, 0001 
r00=xxxxxxxx r01=xxxxxxxx r02=0000000d r03=xxxxxxxx r04=00000016 r05=xxxxxxxx
r06=xxxxxxxx r07=00000016 r08=xxxxxxxx r09=xxxxxxxx r10=xxxxxxxx r11=xxxxxxxx
r12=xxxxxxxx r13=xxxxxxxx r14=xxxxxxxx r15=xxxxxxxx r16=xxxxxxxx r17=xxxxxxxx
r18=xxxxxxxx r19=xxxxxxxx r20=xxxxxxxx r21=xxxxxxxx r22=xxxxxxxx r23=xxxxxxxx
r24=xxxxxxxx r25=xxxxxxxx r26=xxxxxxxx r27=xxxxxxxx r28=xxxxxxxx r29=00000001
r30=00000016 r31=xxxxxxxx
-----
000801e4: 24020001: addiu r 2, r 0, 0001 
r00=xxxxxxxx r01=xxxxxxxx r02=00000001 r03=xxxxxxxx r04=00000016 r05=xxxxxxxx
r06=xxxxxxxx r07=00000016 r08=xxxxxxxx r09=xxxxxxxx r10=xxxxxxxx r11=xxxxxxxx
r12=xxxxxxxx r13=xxxxxxxx r14=xxxxxxxx r15=xxxxxxxx r16=xxxxxxxx r17=xxxxxxxx
r18=xxxxxxxx r19=xxxxxxxx r20=xxxxxxxx r21=xxxxxxxx r22=xxxxxxxx r23=xxxxxxxx
r24=xxxxxxxx r25=xxxxxxxx r26=xxxxxxxx r27=xxxxxxxx r28=xxxxxxxx r29=00000001
r30=00000016 r31=xxxxxxxx
-----
*** PASSED ***
000801e8: 409da800: mtc0  r29, r21       
r00=xxxxxxxx r01=xxxxxxxx r02=00000001 r03=xxxxxxxx r04=00000016 r05=xxxxxxxx
r06=xxxxxxxx r07=00000016 r08=xxxxxxxx r09=xxxxxxxx r10=xxxxxxxx r11=xxxxxxxx
r12=xxxxxxxx r13=xxxxxxxx r14=xxxxxxxx r15=xxxxxxxx r16=xxxxxxxx r17=xxxxxxxx
r18=xxxxxxxx r19=xxxxxxxx r20=xxxxxxxx r21=xxxxxxxx r22=xxxxxxxx r23=xxxxxxxx
r24=xxxxxxxx r25=xxxxxxxx r26=xxxxxxxx r27=xxxxxxxx r28=xxxxxxxx r29=00000001
r30=00000016 r31=xxxxxxxx
-----
000801ec: 1402ffff: bne   r 0, r 2, ffff 
