WARNING: ../pv2byp/pv2byp-sim.v:154: $readmemh: Standard inconsistency, following 1364-2005.
VCD info: dumpfile ../tests/build/vmh/parcv1-addiu.vcd opened for output.
{ xxxxxxxx |        |        |        |        }
{ xxxxxxxx |        |        |        |        }
{ xxxxxxxx |        |        |        |        }
{ 00080000 |  (-_-) |  (-_-) |  (-_-) |  (-_-) }
{ 00080000 |  (-_-) |  (-_-) |  (-_-) |  (-_-) }
{ 00080004 |  addiu |  (-_-) |  (-_-) |  (-_-) }
{ 00080008 |  addiu |  addiu |  (-_-) |  (-_-) }
{ 0008000c |  addiu |  addiu |  addiu |  (-_-) }
{ 00080010 |  bne   |  addiu |  addiu |  addiu }
{ 00080014 |  addiu |  bne   |  addiu |  addiu }
{ 00080018 |  addiu |  addiu |  bne   |  addiu }
{ 0008001c |  addiu |  addiu |  addiu |  bne   }
{ 00080020 |  addiu |  addiu |  addiu |  addiu }
{ 00080024 |  bne   |  addiu |  addiu |  addiu }
{ 00080028 |  addiu |  bne   |  addiu |  addiu }
{ 0008002c |  addiu |  addiu |  bne   |  addiu }
{ 00080030 |  addiu |  addiu |  addiu |  bne   }
{ 00080034 |  addiu |  addiu |  addiu |  addiu }
{ 00080038 |  bne   |  addiu |  addiu |  addiu }
{ 0008003c |  addiu |  bne   |  addiu |  addiu }
{ 00080040 |  addiu |  addiu |  bne   |  addiu }
{ 00080044 |  addiu |  addiu |  addiu |  bne   }
{ 00080048 |  addiu |  addiu |  addiu |  addiu }
{ 0008004c |  bne   |  addiu |  addiu |  addiu }
{ 00080050 |  lui   |  bne   |  addiu |  addiu }
{ 00080054 |  addiu |  lui   |  bne   |  addiu }
{ 00080058 |  addiu |  addiu |  lui   |  bne   }
{ 0008005c |  lui   |  addiu |  addiu |  lui   }
{ 00080060 |  bne   |  lui   |  addiu |  addiu }
{ 00080064 |  lui   |  bne   |  lui   |  addiu }
{ 00080068 |  addiu |  lui   |  bne   |  lui   }
{ 0008006c |  addiu |  addiu |  lui   |  bne   }
{ 00080070 |  lui   |  addiu |  addiu |  lui   }
{ 00080074 |  ori   |  lui   |  addiu |  addiu }
{ 00080078 |  bne   |  ori   |  lui   |  addiu }
{ 0008007c |  addiu |  bne   |  ori   |  lui   }
{ 00080080 |  addiu |  addiu |  bne   |  ori   }
{ 00080084 |  addiu |  addiu |  addiu |  bne   }
{ 00080088 |  addiu |  addiu |  addiu |  addiu }
{ 0008008c |  bne   |  addiu |  addiu |  addiu }
{ 00080090 |  lui   |  bne   |  addiu |  addiu }
{ 00080094 |  ori   |  lui   |  bne   |  addiu }
{ 00080098 |  addiu |  ori   |  lui   |  bne   }
{ 0008009c |  addiu |  addiu |  ori   |  lui   }
{ 000800a0 |  lui   |  addiu |  addiu |  ori   }
{ 000800a4 |  ori   |  lui   |  addiu |  addiu }
{ 000800a8 |  bne   |  ori   |  lui   |  addiu }
{ 000800ac |  lui   |  bne   |  ori   |  lui   }
{ 000800b0 |  ori   |  lui   |  bne   |  ori   }
{ 000800b4 |  addiu |  ori   |  lui   |  bne   }
{ 000800b8 |  addiu |  addiu |  ori   |  lui   }
{ 000800bc |  lui   |  addiu |  addiu |  ori   }
{ 000800c0 |  ori   |  lui   |  addiu |  addiu }
{ 000800c4 |  bne   |  ori   |  lui   |  addiu }
{ 000800c8 |  lui   |  bne   |  ori   |  lui   }
{ 000800cc |  addiu |  lui   |  bne   |  ori   }
{ 000800d0 |  addiu |  addiu |  lui   |  bne   }
{ 000800d4 |  lui   |  addiu |  addiu |  lui   }
{ 000800d8 |  ori   |  lui   |  addiu |  addiu }
{ 000800dc |  bne   |  ori   |  lui   |  addiu }
{ 000800e0 |  lui   |  bne   |  ori   |  lui   }
{ 000800e4 |  ori   |  lui   |  bne   |  ori   }
{ 000800e8 |  addiu |  ori   |  lui   |  bne   }
{ 000800ec |  addiu |  addiu |  ori   |  lui   }
{ 000800f0 |  lui   |  addiu |  addiu |  ori   }
{ 000800f4 |  ori   |  lui   |  addiu |  addiu }
{ 000800f8 |  bne   |  ori   |  lui   |  addiu }
{ 000800fc |  addiu |  bne   |  ori   |  lui   }
{ 00080100 |  addiu |  addiu |  bne   |  ori   }
{ 00080104 |  addiu |  addiu |  addiu |  bne   }
{ 00080108 |  addiu |  addiu |  addiu |  addiu }
{ 0008010c |  bne   |  addiu |  addiu |  addiu }
{ 00080110 |  addiu |  bne   |  addiu |  addiu }
{ 00080114 |  addiu |  addiu |  bne   |  addiu }
{ 00080118 |  addiu |  addiu |  addiu |  bne   }
{ 0008011c |  bne   |  addiu |  addiu |  addiu }
{ 00080120 |  addiu |  bne   |  addiu |  addiu }
{ 00080124 |  addiu |  addiu |  bne   |  addiu }
{ 00080128 |  addiu |  addiu |  addiu |  bne   }
{ 0008012c |  addiu |  addiu |  addiu |  addiu }
{ 00080130 |  bne   |  addiu |  addiu |  addiu }
{ 00080134 |  addiu |  bne   |  addiu |  addiu }
{ 00080138 |  addiu |  addiu |  bne   |  addiu }
{ 0008013c |  addiu |  addiu |  addiu |  bne   }
{ 00080140 |  addiu |  addiu |  addiu |  addiu }
{ 00080144 |  bne   |  addiu |  addiu |  addiu }
{ 00080148 |  addiu |  bne   |  addiu |  addiu }
{ 0008014c |  addiu |  addiu |  bne   |  addiu }
{ 00080150 |  addiu |  addiu |  addiu |  bne   }
{ 00080154 |  addiu |  addiu |  addiu |  addiu }
{ 00080158 |  addiu |  addiu |  addiu |  addiu }
{ 0008015c |  bne   |  addiu |  addiu |  addiu }
{ 00080160 |  addiu |  bne   |  addiu |  addiu }
{ 00080164 |  addiu |  addiu |  bne   |  addiu }
{ 00080168 |  nop   |  addiu |  addiu |  bne   }
{ 0008016c |  addiu |  nop   |  addiu |  addiu }
{ 00080170 |  addiu |  addiu |  nop   |  addiu }
{ 00080174 |  addiu |  addiu |  addiu |  nop   }
{ 00080178 |  bne   |  addiu |  addiu |  addiu }
{ 0008017c |  addiu |  bne   |  addiu |  addiu }
{ 00080180 |  addiu |  addiu |  bne   |  addiu }
{ 00080184 |  nop   |  addiu |  addiu |  bne   }
{ 00080188 |  nop   |  nop   |  addiu |  addiu }
{ 0008018c |  addiu |  nop   |  nop   |  addiu }
{ 00080190 |  addiu |  addiu |  nop   |  nop   }
{ 00080194 |  addiu |  addiu |  addiu |  nop   }
{ 00080198 |  bne   |  addiu |  addiu |  addiu }
{ 0008019c |  addiu |  bne   |  addiu |  addiu }
{ 000801a0 |  addiu |  addiu |  bne   |  addiu }
{ 000801a4 |  addiu |  addiu |  addiu |  bne   }
{ 000801a8 |  addiu |  addiu |  addiu |  addiu }
{ 000801ac |  bne   |  addiu |  addiu |  addiu }
{ 000801b0 |  addiu |  bne   |  addiu |  addiu }
{ 000801b4 |  nop   |  addiu |  bne   |  addiu }
{ 000801b8 |  addiu |  nop   |  addiu |  bne   }
{ 000801bc |  addiu |  addiu |  nop   |  addiu }
{ 000801c0 |  addiu |  addiu |  addiu |  nop   }
{ 000801c4 |  bne   |  addiu |  addiu |  addiu }
{ 000801c8 |  addiu |  bne   |  addiu |  addiu }
{ 000801cc |  nop   |  addiu |  bne   |  addiu }
{ 000801d0 |  nop   |  nop   |  addiu |  bne   }
{ 000801d4 |  addiu |  nop   |  nop   |  addiu }
{ 000801d8 |  addiu |  addiu |  nop   |  nop   }
{ 000801dc |  addiu |  addiu |  addiu |  nop   }
{ 000801e0 |  bne   |  addiu |  addiu |  addiu }
{ 000801e4 |  addiu |  bne   |  addiu |  addiu }
{ 000801e8 |  addiu |  addiu |  bne   |  addiu }
{ 000801ec |  mtc0  |  addiu |  addiu |  bne   }
{ 000801f0 |  bne   |  mtc0  |  addiu |  addiu }
{-000801f4-|- nop  -|  bne   |  mtc0  |  addiu }
{ 000801ec |  (-_-) |  (-_-) |  bne   |  mtc0  }
*** PASSED ***
{ 000801f0 |  bne   |  (-_-) |  (-_-) |  bne   }
{-000801f4-|