WARNING: ../pv2stall/pv2stall-sim.v:154: $readmemh: Standard inconsistency, following 1364-2005.
VCD info: dumpfile ../tests/build/vmh/parcv2-jalr.vcd opened for output.
{ xxxxxxxx |        |        |        |        }
{ xxxxxxxx |        |        |        |        }
{ xxxxxxxx |        |        |        |        }
{ 00080000 |  (-_-) |  (-_-) |  (-_-) |  (-_-) }
{ 00080000 |  (-_-) |  (-_-) |  (-_-) |  (-_-) }
{ 00080004 |  addiu |  (-_-) |  (-_-) |  (-_-) }
{ 00080008 |  addiu |  addiu |  (-_-) |  (-_-) }
{ 0008000c |  lui   |  addiu |  addiu |  (-_-) }
{#00080010 |# addiu |  lui   |  addiu |  addiu }
{#00080010 |# addiu |  (-_-) |  lui   |  addiu }
{#00080010 |# addiu |  (-_-) |  (-_-) |  lui   }
{ 00080010 |  addiu |  (-_-) |  (-_-) |  (-_-) }
{-00080014-|# jalr  |  addiu |  (-_-) |  (-_-) }
{-00080014-|# jalr  |  (-_-) |  addiu |  (-_-) }
{-00080014-|# jalr  |  (-_-) |  (-_-) |  addiu }
{-00080014-|  jalr  |  (-_-) |  (-_-) |  (-_-) }
{ 00080024 |  (-_-) |  jalr  |  (-_-) |  (-_-) }
{ 00080028 |  lui   |  (-_-) |  jalr  |  (-_-) }
{#0008002c |# addiu |  lui   |  (-_-) |  jalr  }
{#0008002c |# addiu |  (-_-) |  lui   |  (-_-) }
{#0008002c |# addiu |  (-_-) |  (-_-) |  lui   }
{ 0008002c |  addiu |  (-_-) |  (-_-) |  (-_-) }
{#00080030 |# addiu |  addiu |  (-_-) |  (-_-) }
{#00080030 |# addiu |  (-_-) |  addiu |  (-_-) }
{#00080030 |# addiu |  (-_-) |  (-_-) |  addiu }
{ 00080030 |  addiu |  (-_-) |  (-_-) |  (-_-) }
{#00080034 |# bne   |  addiu |  (-_-) |  (-_-) }
{#00080034 |# bne   |  (-_-) |  addiu |  (-_-) }
{#00080034 |# bne   |  (-_-) |  (-_-) |  addiu }
{ 00080034 |  bne   |  (-_-) |  (-_-) |  (-_-) }
{ 00080038 |  addiu |  bne   |  (-_-) |  (-_-) }
{ 0008003c |  addiu |  addiu |  bne   |  (-_-) }
{ 00080040 |  lui   |  addiu |  addiu |  bne   }
{#00080044 |# addiu |  lui   |  addiu |  addiu }
{#00080044 |# addiu |  (-_-) |  lui   |  addiu }
{#00080044 |# addiu |  (-_-) |  (-_-) |  lui   }
{ 00080044 |  addiu |  (-_-) |  (-_-) |  (-_-) }
{-00080048-|# jalr  |  addiu |  (-_-) |  (-_-) }
{-00080048-|# jalr  |  (-_-) |  addiu |  (-_-) }
{-00080048-|# jalr  |  (-_-) |  (-_-) |  addiu }
{-00080048-|  jalr  |  (-_-) |  (-_-) |  (-_-) }
{ 00080058 |  (-_-) |  jalr  |  (-_-) |  (-_-) }
{ 0008005c |  bne   |  (-_-) |  jalr  |  (-_-) }
{ 00080060 |  addiu |  bne   |  (-_-) |  jalr  }
{ 00080064 |  addiu |  addiu |  bne   |  (-_-) }
{ 00080068 |  lui   |  addiu |  addiu |  bne   }
{#0008006c |# addiu |  lui   |  addiu |  addiu }
{#0008006c |# addiu |  (-_-) |  lui   |  addiu }
{#0008006c |# addiu |  (-_-) |  (-_-) |  lui   }
{ 0008006c |  addiu |  (-_-) |  (-_-) |  (-_-) }
{-00080070-|# jalr  |  addiu |  (-_-) |  (-_-) }
{-00080070-|# jalr  |  (-_-) |  addiu |  (-_-) }
{-00080070-|# jalr  |  (-_-) |  (-_-) |  addiu }
{-00080070-|  jalr  |  (-_-) |  (-_-) |  (-_-) }
{ 00080080 |  (-_-) |  jalr  |  (-_-) |  (-_-) }
{ 00080084 |  lui   |  (-_-) |  jalr  |  (-_-) }
{#00080088 |# addiu |  lui   |  (-_-) |  jalr  }
{#00080088 |# addiu |  (-_-) |  lui   |  (-_-) }
{#00080088 |# addiu |  (-_-) |  (-_-) |  lui   }
{ 00080088 |  addiu |  (-_-) |  (-_-) |  (-_-) }
{#0008008c |# addiu |  addiu |  (-_-) |  (-_-) }
{#0008008c |# addiu |  (-_-) |  addiu |  (-_-) }
{#0008008c |# addiu |  (-_-) |  (-_-) |  addiu }
{ 0008008c |  addiu |  (-_-) |  (-_-) |  (-_-) }
{#00080090 |# bne   |  addiu |  (-_-) |  (-_-) }
{#00080090 |# bne   |  (-_-) |  addiu |  (-_-) }
{#00080090 |# bne   |  (-_-) |  (-_-) |  addiu }
{ 00080090 |  bne   |  (-_-) |  (-_-) |  (-_-) }
{ 00080094 |  lui   |  bne   |  (-_-) |  (-_-) }
{#00080098 |# addiu |  lui   |  bne   |  (-_-) }
{#00080098 |# addiu |  (-_-) |  lui   |  bne   }
{#00080098 |# addiu |  (-_-) |  (-_-) |  lui   }
{ 00080098 |  addiu |  (-_-) |  (-_-) |  (-_-) }
{-0008009c-|# jalr  |  addiu |  (-_-) |  (-_-) }
{-0008009c-|# jalr  |  (-_-) |  addiu |  (-_-) }
{-0008009c-|# jalr  |  (-_-) |  (-_-) |  addiu }
{-0008009c-|  jalr  |  (-_-) |  (-_-) |  (-_-) }
{ 000800a4 |  (-_-) |  jalr  |  (-_-) |  (-_-) }
{ 000800a8 |  lui   |  (-_-) |  jalr  |  (-_-) }
{#000800ac |# addiu |  lui   |  (-_-) |  jalr  }
{#000800ac |# addiu |  (-_-) |  lui   |  (-_-) }
{#000800ac |# addiu |  (-_-) |  (-_-) |  lui   }
{ 000800ac |  addiu |  (-_-) |  (-_-) |  (-_-) }
{ 000800b0 |  nop   |  addiu |  (-_-) |  (-_-) }
{-000800b4-|# jalr  |  nop   |  addiu |  (-_-) }
{-000800b4-|# jalr  |  (-_-) |  nop   |  addiu }
{-000800b4-|  jalr  |  (-_-) |  (-_-) |  nop   }
{ 000800bc |  (-_-) |  jalr  |  (-_-) |  (-_-) }
{ 000800c0 |  lui   |  (-_-) |  jalr  |  (-_-) }
{#000800c4 |# addiu |  lui   |  (-_-) |  jalr  }
{#000800c4 |# addiu |  (-_-) |  lui   |  (-_-) }
{#000800c4 |# addiu |  (-_-) |  (-_-) |  lui   }
{ 000800c4 |  addiu |  (-_-) |  (-_-) |  (-_-) }
{ 000800c8 |  nop   |  addiu |  (-_-) |  (-_-) }
{ 000800cc |  nop   |  nop   |  addiu |  (-_-) }
{-000800d0-|# jalr  |  nop   |  nop   |  addiu }
{-000800d0-|  jalr  |  (-_-) |  nop   |  nop   }
{ 000800d8 |  (-_-) |  jalr  |  (-_-) |  nop   }
{ 000800dc |  addiu |  (-_-) |  jalr  |  (-_-) }
{ 000800e0 |  lui   |  addiu |  (-_-) |  jalr  }
{#000800e4 |# addiu |  lui   |  addiu |  (-_-) }
{#000800e4 |# addiu |  (-_-) |  lui   |  addiu }
{#000800e4 |# addiu |  (-_-) |  (-_-) |  lui   }
{ 000800e4 |  addiu |  (-_-) |  (-_-) |  (-_-) }
{-000800e8-|# jalr  |  addiu |  (-_-) |  (-_-) }
{-000800e8-|# jalr  |  (-_-) |  addiu |  (-_-) }
{-000800e8-|# jalr  |  (-_-) |  (-_-) |  addiu }
{-000800e8-|  jalr  |  (-_-) |  (-_-) |  (-_-) }
{ 000800f8 |  (-_-) |  jalr  |  (-_-) |  (-_-) }
{ 000800fc |  addiu |  (-_-) |  jalr  |  (-_-) }
{#00080100 |# addiu |  addiu |  (-_-) |  jalr  }
{#00080100 |# addiu |  (-_-) |  addiu |  (-_-) }
{#00080100 |# addiu |  (-_-) |  (-_-) |  addiu }
{ 00080100 |  addiu |  (-_-) |  (-_-) |  (-_-) }
{ 00080104 |  addiu |  addiu |  (-_-) |  (-_-) }
{ 00080108 |  addiu |  addiu |  addiu |  (-_-) }
{#0008010c |# bne   |  addiu |  addiu |  addiu }
{#0008010c |# bne   |  (-_-) |  addiu |  addiu }
{#0008010c |# bne   |  (-_-) |  (-_-) |  addiu }
{ 0008010c |  bne   |  (-_-) |  (-_-) |  (-_-) }
{ 00080110 |  addiu |  bne   |  (-_-) |  (-_-) }
{ 00080114 |  addiu |  addiu |  bne   |  (-_-) }
{#00080118 |# mtc0  |  addiu |  addiu |  bne   }
{#00080118 |# mtc0  |  (-_-) |  addiu |  addiu }
{ 00080118 |  mtc0  |  (-_-) |  (-_-) |  addiu }
{ 0008011c |  bne   |  mtc0  |  (-_-) |  (-_-) }
{-00080120-|- nop  -|  bne   |  mtc0  |  (-_-) }
{ 00080118 |  (-_-) |  (-_-) |  bne   |  mtc0  }
*** PASSED ***
{ 0008011c |  bne   |  (-_-) |  (-_-) |  bne   }
{-00080120-|