WARNING: ../pv2stall/pv2stall-sim.v:154: $readmemh: Standard inconsistency, following 1364-2005.
VCD info: dumpfile ../tests/build/vmh/parcv1-jr.vcd opened for output.
{ xxxxxxxx |        |        |        |        }
{ xxxxxxxx |        |        |        |        }
{ xxxxxxxx |        |        |        |        }
{ 00080000 |  (-_-) |  (-_-) |  (-_-) |  (-_-) }
{ 00080000 |  (-_-) |  (-_-) |  (-_-) |  (-_-) }
{ 00080004 |  addiu |  (-_-) |  (-_-) |  (-_-) }
{ 00080008 |  addiu |  addiu |  (-_-) |  (-_-) }
{ 0008000c |  lui   |  addiu |  addiu |  (-_-) }
{#00080010 |# addiu |  lui   |  addiu |  addiu }
{#00080010 |# addiu |  (-_-) |  lui   |  addiu }
{#00080010 |# addiu |  (-_-) |  (-_-) |  lui   }
{ 00080010 |  addiu |  (-_-) |  (-_-) |  (-_-) }
{-00080014-|# jr    |  addiu |  (-_-) |  (-_-) }
{-00080014-|# jr    |  (-_-) |  addiu |  (-_-) }
{-00080014-|# jr    |  (-_-) |  (-_-) |  addiu }
{-00080014-|  jr    |  (-_-) |  (-_-) |  (-_-) }
{ 00080020 |  (-_-) |  jr    |  (-_-) |  (-_-) }
{ 00080024 |  lui   |  (-_-) |  jr    |  (-_-) }
{#00080028 |# addiu |  lui   |  (-_-) |  jr    }
{#00080028 |# addiu |  (-_-) |  lui   |  (-_-) }
{#00080028 |# addiu |  (-_-) |  (-_-) |  lui   }
{ 00080028 |  addiu |  (-_-) |  (-_-) |  (-_-) }
{-0008002c-|# jr    |  addiu |  (-_-) |  (-_-) }
{-0008002c-|# jr    |  (-_-) |  addiu |  (-_-) }
{-0008002c-|# jr    |  (-_-) |  (-_-) |  addiu }
{-0008002c-|  jr    |  (-_-) |  (-_-) |  (-_-) }
{ 00080034 |  (-_-) |  jr    |  (-_-) |  (-_-) }
{ 00080038 |  lui   |  (-_-) |  jr    |  (-_-) }
{#0008003c |# addiu |  lui   |  (-_-) |  jr    }
{#0008003c |# addiu |  (-_-) |  lui   |  (-_-) }
{#0008003c |# addiu |  (-_-) |  (-_-) |  lui   }
{ 0008003c |  addiu |  (-_-) |  (-_-) |  (-_-) }
{ 00080040 |  nop   |  addiu |  (-_-) |  (-_-) }
{-00080044-|# jr    |  nop   |  addiu |  (-_-) }
{-00080044-|# jr    |  (-_-) |  nop   |  addiu }
{-00080044-|  jr    |  (-_-) |  (-_-) |  nop   }
{ 0008004c |  (-_-) |  jr    |  (-_-) |  (-_-) }
{ 00080050 |  lui   |  (-_-) |  jr    |  (-_-) }
{#00080054 |# addiu |  lui   |  (-_-) |  jr    }
{#00080054 |# addiu |  (-_-) |  lui   |  (-_-) }
{#00080054 |# addiu |  (-_-) |  (-_-) |  lui   }
{ 00080054 |  addiu |  (-_-) |  (-_-) |  (-_-) }
{ 00080058 |  nop   |  addiu |  (-_-) |  (-_-) }
{ 0008005c |  nop   |  nop   |  addiu |  (-_-) }
{-00080060-|# jr    |  nop   |  nop   |  addiu }
{-00080060-|  jr    |  (-_-) |  nop   |  nop   }
{ 00080068 |  (-_-) |  jr    |  (-_-) |  nop   }
{ 0008006c |  addiu |  (-_-) |  jr    |  (-_-) }
{ 00080070 |  lui   |  addiu |  (-_-) |  jr    }
{#00080074 |# addiu |  lui   |  addiu |  (-_-) }
{#00080074 |# addiu |  (-_-) |  lui   |  addiu }
{#00080074 |# addiu |  (-_-) |  (-_-) |  lui   }
{ 00080074 |  addiu |  (-_-) |  (-_-) |  (-_-) }
{-00080078-|# jr    |  addiu |  (-_-) |  (-_-) }
{-00080078-|# jr    |  (-_-) |  addiu |  (-_-) }
{-00080078-|# jr    |  (-_-) |  (-_-) |  addiu }
{-00080078-|  jr    |  (-_-) |  (-_-) |  (-_-) }
{ 00080088 |  (-_-) |  jr    |  (-_-) |  (-_-) }
{ 0008008c |  addiu |  (-_-) |  jr    |  (-_-) }
{#00080090 |# addiu |  addiu |  (-_-) |  jr    }
{#00080090 |# addiu |  (-_-) |  addiu |  (-_-) }
{#00080090 |# addiu |  (-_-) |  (-_-) |  addiu }
{ 00080090 |  addiu |  (-_-) |  (-_-) |  (-_-) }
{ 00080094 |  addiu |  addiu |  (-_-) |  (-_-) }
{ 00080098 |  addiu |  addiu |  addiu |  (-_-) }
{#0008009c |# bne   |  addiu |  addiu |  addiu }
{#0008009c |# bne   |  (-_-) |  addiu |  addiu }
{#0008009c |# bne   |  (-_-) |  (-_-) |  addiu }
{ 0008009c |  bne   |  (-_-) |  (-_-) |  (-_-) }
{ 000800a0 |  addiu |  bne   |  (-_-) |  (-_-) }
{ 000800a4 |  addiu |  addiu |  bne   |  (-_-) }
{#000800a8 |# mtc0  |  addiu |  addiu |  bne   }
{#000800a8 |# mtc0  |  (-_-) |  addiu |  addiu }
{ 000800a8 |  mtc0  |  (-_-) |  (-_-) |  addiu }
{ 000800ac |  bne   |  mtc0  |  (-_-) |  (-_-) }
{-000800b0-|- nop  -|  bne   |  mtc0  |  (-_-) }
{ 000800a8 |  (-_-) |  (-_-) |  bne   |  mtc0  }
*** PASSED ***
{ 000800ac |  bne   |  (-_-) |  (-_-) |  bne   }
{-000800b0-|