WARNING: ../pv2stall/pv2stall-sim.v:154: $readmemh: Standard inconsistency, following 1364-2005.
VCD info: dumpfile ../tests/build/vmh/parcv1-lw.vcd opened for output.
{ xxxxxxxx |        |        |        |        }
{ xxxxxxxx |        |        |        |        }
{ xxxxxxxx |        |        |        |        }
{ 00080000 |  (-_-) |  (-_-) |  (-_-) |  (-_-) }
{ 00080000 |  (-_-) |  (-_-) |  (-_-) |  (-_-) }
{ 00080004 |  lui   |  (-_-) |  (-_-) |  (-_-) }
{#00080008 |# addiu |  lui   |  (-_-) |  (-_-) }
{#00080008 |# addiu |  (-_-) |  lui   |  (-_-) }
{#00080008 |# addiu |  (-_-) |  (-_-) |  lui   }
{ 00080008 |  addiu |  (-_-) |  (-_-) |  (-_-) }
{#0008000c |# lw    |  addiu |  (-_-) |  (-_-) }
{#0008000c |# lw    |  (-_-) |  addiu |  (-_-) }
{#0008000c |# lw    |  (-_-) |  (-_-) |  addiu }
{ 0008000c |  lw    |  (-_-) |  (-_-) |  (-_-) }
{ 00080010 |  addiu |  lw    |  (-_-) |  (-_-) }
{ 00080014 |  addiu |  addiu |  lw    |  (-_-) }
{#00080018 |# bne   |  addiu |  addiu |  lw    }
{#00080018 |# bne   |  (-_-) |  addiu |  addiu }
{#00080018 |# bne   |  (-_-) |  (-_-) |  addiu }
{ 00080018 |  bne   |  (-_-) |  (-_-) |  (-_-) }
{ 0008001c |  lui   |  bne   |  (-_-) |  (-_-) }
{#00080020 |# addiu |  lui   |  bne   |  (-_-) }
{#00080020 |# addiu |  (-_-) |  lui   |  bne   }
{#00080020 |# addiu |  (-_-) |  (-_-) |  lui   }
{ 00080020 |  addiu |  (-_-) |  (-_-) |  (-_-) }
{#00080024 |# lw    |  addiu |  (-_-) |  (-_-) }
{#00080024 |# lw    |  (-_-) |  addiu |  (-_-) }
{#00080024 |# lw    |  (-_-) |  (-_-) |  addiu }
{ 00080024 |  lw    |  (-_-) |  (-_-) |  (-_-) }
{ 00080028 |  addiu |  lw    |  (-_-) |  (-_-) }
{ 0008002c |  addiu |  addiu |  lw    |  (-_-) }
{#00080030 |# bne   |  addiu |  addiu |  lw    }
{#00080030 |# bne   |  (-_-) |  addiu |  addiu }
{#00080030 |# bne   |  (-_-) |  (-_-) |  addiu }
{ 00080030 |  bne   |  (-_-) |  (-_-) |  (-_-) }
{ 00080034 |  lui   |  bne   |  (-_-) |  (-_-) }
{#00080038 |# addiu |  lui   |  bne   |  (-_-) }
{#00080038 |# addiu |  (-_-) |  lui   |  bne   }
{#00080038 |# addiu |  (-_-) |  (-_-) |  lui   }
{ 00080038 |  addiu |  (-_-) |  (-_-) |  (-_-) }
{#0008003c |# lw    |  addiu |  (-_-) |  (-_-) }
{#0008003c |# lw    |  (-_-) |  addiu |  (-_-) }
{#0008003c |# lw    |  (-_-) |  (-_-) |  addiu }
{ 0008003c |  lw    |  (-_-) |  (-_-) |  (-_-) }
{ 00080040 |  addiu |  lw    |  (-_-) |  (-_-) }
{ 00080044 |  addiu |  addiu |  lw    |  (-_-) }
{#00080048 |# bne   |  addiu |  addiu |  lw    }
{#00080048 |# bne   |  (-_-) |  addiu |  addiu }
{#00080048 |# bne   |  (-_-) |  (-_-) |  addiu }
{ 00080048 |  bne   |  (-_-) |  (-_-) |  (-_-) }
{ 0008004c |  lui   |  bne   |  (-_-) |  (-_-) }
{#00080050 |# addiu |  lui   |  bne   |  (-_-) }
{#00080050 |# addiu |  (-_-) |  lui   |  bne   }
{#00080050 |# addiu |  (-_-) |  (-_-) |  lui   }
{ 00080050 |  addiu |  (-_-) |  (-_-) |  (-_-) }
{#00080054 |# lw    |  addiu |  (-_-) |  (-_-) }
{#00080054 |# lw    |  (-_-) |  addiu |  (-_-) }
{#00080054 |# lw    |  (-_-) |  (-_-) |  addiu }
{ 00080054 |  lw    |  (-_-) |  (-_-) |  (-_-) }
{ 00080058 |  addiu |  lw    |  (-_-) |  (-_-) }
{ 0008005c |  addiu |  addiu |  lw    |  (-_-) }
{#00080060 |# bne   |  addiu |  addiu |  lw    }
{#00080060 |# bne   |  (-_-) |  addiu |  addiu }
{#00080060 |# bne   |  (-_-) |  (-_-) |  addiu }
{ 00080060 |  bne   |  (-_-) |  (-_-) |  (-_-) }
{ 00080064 |  lui   |  bne   |  (-_-) |  (-_-) }
{#00080068 |# addiu |  lui   |  bne   |  (-_-) }
{#00080068 |# addiu |  (-_-) |  lui   |  bne   }
{#00080068 |# addiu |  (-_-) |  (-_-) |  lui   }
{ 00080068 |  addiu |  (-_-) |  (-_-) |  (-_-) }
{#0008006c |# lw    |  addiu |  (-_-) |  (-_-) }
{#0008006c |# lw    |  (-_-) |  addiu |  (-_-) }
{#0008006c |# lw    |  (-_-) |  (-_-) |  addiu }
{ 0008006c |  lw    |  (-_-) |  (-_-) |  (-_-) }
{ 00080070 |  addiu |  lw    |  (-_-) |  (-_-) }
{ 00080074 |  addiu |  addiu |  lw    |  (-_-) }
{#00080078 |# bne   |  addiu |  addiu |  lw    }
{#00080078 |# bne   |  (-_-) |  addiu |  addiu }
{#00080078 |# bne   |  (-_-) |  (-_-) |  addiu }
{ 00080078 |  bne   |  (-_-) |  (-_-) |  (-_-) }
{ 0008007c |  lui   |  bne   |  (-_-) |  (-_-) }
{#00080080 |# addiu |  lui   |  bne   |  (-_-) }
{#00080080 |# addiu |  (-_-) |  lui   |  bne   }
{#00080080 |# addiu |  (-_-) |  (-_-) |  lui   }
{ 00080080 |  addiu |  (-_-) |  (-_-) |  (-_-) }
{#00080084 |# lw    |  addiu |  (-_-) |  (-_-) }
{#00080084 |# lw    |  (-_-) |  addiu |  (-_-) }
{#00080084 |# lw    |  (-_-) |  (-_-) |  addiu }
{ 00080084 |  lw    |  (-_-) |  (-_-) |  (-_-) }
{ 00080088 |  addiu |  lw    |  (-_-) |  (-_-) }
{ 0008008c |  addiu |  addiu |  lw    |  (-_-) }
{#00080090 |# bne   |  addiu |  addiu |  lw    }
{#00080090 |# bne   |  (-_-) |  addiu |  addiu }
{#00080090 |# bne   |  (-_-) |  (-_-) |  addiu }
{ 00080090 |  bne   |  (-_-) |  (-_-) |  (-_-) }
{ 00080094 |  lui   |  bne   |  (-_-) |  (-_-) }
{#00080098 |# addiu |  lui   |  bne   |  (-_-) }
{#00080098 |# addiu |  (-_-) |  lui   |  bne   }
{#00080098 |# addiu |  (-_-) |  (-_-) |  lui   }
{ 00080098 |  addiu |  (-_-) |  (-_-) |  (-_-) }
{#0008009c |# lw    |  addiu |  (-_-) |  (-_-) }
{#0008009c |# lw    |  (-_-) |  addiu |  (-_-) }
{#0008009c |# lw    |  (-_-) |  (-_-) |  addiu }
{ 0008009c |  lw    |  (-_-) |  (-_-) |  (-_-) }
{ 000800a0 |  addiu |  lw    |  (-_-) |  (-_-) }
{ 000800a4 |  addiu |  addiu |  lw    |  (-_-) }
{#000800a8 |# bne   |  addiu |  addiu |  lw    }
{#000800a8 |# bne   |  (-_-) |  addiu |  addiu }
{#000800a8 |# bne   |  (-_-) |  (-_-) |  addiu }
{ 000800a8 |  bne   |  (-_-) |  (-_-) |  (-_-) }
{ 000800ac |  lui   |  bne   |  (-_-) |  (-_-) }
{#000800b0 |# addiu |  lui   |  bne   |  (-_-) }
{#000800b0 |# addiu |  (-_-) |  lui   |  bne   }
{#000800b0 |# addiu |  (-_-) |  (-_-) |  lui   }
{ 000800b0 |  addiu |  (-_-) |  (-_-) |  (-_-) }
{#000800b4 |# lw    |  addiu |  (-_-) |  (-_-) }
{#000800b4 |# lw    |  (-_-) |  addiu |  (-_-) }
{#000800b4 |# lw    |  (-_-) |  (-_-) |  addiu }
{ 000800b4 |  lw    |  (-_-) |  (-_-) |  (-_-) }
{ 000800b8 |  addiu |  lw    |  (-_-) |  (-_-) }
{ 000800bc |  addiu |  addiu |  lw    |  (-_-) }
{#000800c0 |# bne   |  addiu |  addiu |  lw    }
{#000800c0 |# bne   |  (-_-) |  addiu |  addiu }
{#000800c0 |# bne   |  (-_-) |  (-_-) |  addiu }
{ 000800c0 |  bne   |  (-_-) |  (-_-) |  (-_-) }
{ 000800c4 |  lui   |  bne   |  (-_-) |  (-_-) }
{#000800c8 |# addiu |  lui   |  bne   |  (-_-) }
{#000800c8 |# addiu |  (-_-) |  lui   |  bne   }
{#000800c8 |# addiu |  (-_-) |  (-_-) |  lui   }
{ 000800c8 |  addiu |  (-_-) |  (-_-) |  (-_-) }
{#000800cc |# addiu |  addiu |  (-_-) |  (-_-) }
{#000800cc |# addiu |  (-_-) |  addiu |  (-_-) }
{#000800cc |# addiu |  (-_-) |  (-_-) |  addiu }
{ 000800cc |  addiu |  (-_-) |  (-_-) |  (-_-) }
{#000800d0 |# lw    |  addiu |  (-_-) |  (-_-) }
{#000800d0 |# lw    |  (-_-) |  addiu |  (-_-) }
{#000800d0 |# lw    |  (-_-) |  (-_-) |  addiu }
{ 000800d0 |  lw    |  (-_-) |  (-_-) |  (-_-) }
{ 000800d4 |  addiu |  lw    |  (-_-) |  (-_-) }
{ 000800d8 |  addiu |  addiu |  lw    |  (-_-) }
{#000800dc |# bne   |  addiu |  addiu |  lw    }
{#000800dc |# bne   |  (-_-) |  addiu |  addiu }
{#000800dc |# bne   |  (-_-) |  (-_-) |  addiu }
{ 000800dc |  bne   |  (-_-) |  (-_-) |  (-_-) }
{ 000800e0 |  lui   |  bne   |  (-_-) |  (-_-) }
{#000800e4 |# addiu |  lui   |  bne   |  (-_-) }
{#000800e4 |# addiu |  (-_-) |  lui   |  bne   }
{#000800e4 |# addiu |  (-_-) |  (-_-) |  lui   }
{ 000800e4 |  addiu |  (-_-) |  (-_-) |  (-_-) }
{#000800e8 |# addiu |  addiu |  (-_-) |  (-_-) }
{#000800e8 |# addiu |  (-_-) |  addiu |  (-_-) }
{#000800e8 |# addiu |  (-_-) |  (-_-) |  addiu }
{ 000800e8 |  addiu |  (-_-) |  (-_-) |  (-_-) }
{#000800ec |# lw    |  addiu |  (-_-) |  (-_-) }
{#000800ec |# lw    |  (-_-) |  addiu |  (-_-) }
{#000800ec |# lw    |  (-_-) |  (-_-) |  addiu }
{ 000800ec |  lw    |  (-_-) |  (-_-) |  (-_-) }
{ 000800f0 |  addiu |  lw    |  (-_-) |  (-_-) }
{ 000800f4 |  addiu |  addiu |  lw    |  (-_-) }
{#000800f8 |# bne   |  addiu |  addiu |  lw    }
{#000800f8 |# bne   |  (-_-) |  addiu |  addiu }
{#000800f8 |# bne   |  (-_-) |  (-_-) |  addiu }
{ 000800f8 |  bne   |  (-_-) |  (-_-) |  (-_-) }
{ 000800fc |  lui   |  bne   |  (-_-) |  (-_-) }
{#00080100 |# addiu |  lui   |  bne   |  (-_-) }
{#00080100 |# addiu |  (-_-) |  lui   |  bne   }
{#00080100 |# addiu |  (-_-) |  (-_-) |  lui   }
{ 00080100 |  addiu |  (-_-) |  (-_-) |  (-_-) }
{#00080104 |# lw    |  addiu |  (-_-) |  (-_-) }
{#00080104 |# lw    |  (-_-) |  addiu |  (-_-) }
{#00080104 |# lw    |  (-_-) |  (-_-) |  addiu }
{ 00080104 |  lw    |  (-_-) |  (-_-) |  (-_-) }
{#00080108 |# addiu |  lw    |  (-_-) |  (-_-) }
{#00080108 |# addiu |  (-_-) |  lw    |  (-_-) }
{#00080108 |# addiu |  (-_-) |  (-_-) |  lw    }
{ 00080108 |  addiu |  (-_-) |  (-_-) |  (-_-) }
{ 0008010c |  addiu |  addiu |  (-_-) |  (-_-) }
{ 00080110 |  addiu |  addiu |  addiu |  (-_-) }
{#00080114 |# bne   |  addiu |  addiu |  addiu }
{#00080114 |# bne   |  (-_-) |  addiu |  addiu }
{#00080114 |# bne   |  (-_-) |  (-_-) |  addiu }
{ 00080114 |  bne   |  (-_-) |  (-_-) |  (-_-) }
{ 00080118 |  lui   |  bne   |  (-_-) |  (-_-) }
{#0008011c |# addiu |  lui   |  bne   |  (-_-) }
{#0008011c |# addiu |  (-_-) |  lui   |  bne   }
{#0008011c |# addiu |  (-_-) |  (-_-) |  lui   }
{ 0008011c |  addiu |  (-_-) |  (-_-) |  (-_-) }
{#00080120 |# lw    |  addiu |  (-_-) |  (-_-) }
{#00080120 |# lw    |  (-_-) |  addiu |  (-_-) }
{#00080120 |# lw    |  (-_-) |  (-_-) |  addiu }
{ 00080120 |  lw    |  (-_-) |  (-_-) |  (-_-) }
{ 00080124 |  nop   |  lw    |  (-_-) |  (-_-) }
{#00080128 |# addiu |  nop   |  lw    |  (-_-) }
{#00080128 |# addiu |  (-_-) |  nop   |  lw    }
{ 00080128 |  addiu |  (-_-) |  (-_-) |  nop   }
{ 0008012c |  addiu |  addiu |  (-_-) |  (-_-) }
{ 00080130 |  addiu |  addiu |  addiu |  (-_-) }
{#00080134 |# bne   |  addiu |  addiu |  addiu }
{#00080134 |# bne   |  (-_-) |  addiu |  addiu }
{#00080134 |# bne   |  (-_-) |  (-_-) |  addiu }
{ 00080134 |  bne   |  (-_-) |  (-_-) |  (-_-) }
{ 00080138 |  lui   |  bne   |  (-_-) |  (-_-) }
{#0008013c |# addiu |  lui   |  bne   |  (-_-) }
{#0008013c |# addiu |  (-_-) |  lui   |  bne   }
{#0008013c |# addiu |  (-_-) |  (-_-) |  lui   }
{ 0008013c |  addiu |  (-_-) |  (-_-) |  (-_-) }
{#00080140 |# lw    |  addiu |  (-_-) |  (-_-) }
{#00080140 |# lw    |  (-_-) |  addiu |  (-_-) }
{#00080140 |# lw    |  (-_-) |  (-_-) |  addiu }
{ 00080140 |  lw    |  (-_-) |  (-_-) |  (-_-) }
{ 00080144 |  nop   |  lw    |  (-_-) |  (-_-) }
{ 00080148 |  nop   |  nop   |  lw    |  (-_-) }
{#0008014c |# addiu |  nop   |  nop   |  lw    }
{ 0008014c |  addiu |  (-_-) |  nop   |  nop   }
{ 00080150 |  addiu |  addiu |  (-_-) |  nop   }
{ 00080154 |  addiu |  addiu |  addiu |  (-_-) }
{#00080158 |# bne   |  addiu |  addiu |  addiu }
{#00080158 |# bne   |  (-_-) |  addiu |  addiu }
{#00080158 |# bne   |  (-_-) |  (-_-) |  addiu }
{ 00080158 |  bne   |  (-_-) |  (-_-) |  (-_-) }
{ 0008015c |  lui   |  bne   |  (-_-) |  (-_-) }
{#00080160 |# addiu |  lui   |  bne   |  (-_-) }
{#00080160 |# addiu |  (-_-) |  lui   |  bne   }
{#00080160 |# addiu |  (-_-) |  (-_-) |  lui   }
{ 00080160 |  addiu |  (-_-) |  (-_-) |  (-_-) }
{#00080164 |# lw    |  addiu |  (-_-) |  (-_-) }
{#00080164 |# lw    |  (-_-) |  addiu |  (-_-) }
{#00080164 |# lw    |  (-_-) |  (-_-) |  addiu }
{ 00080164 |  lw    |  (-_-) |  (-_-) |  (-_-) }
{ 00080168 |  nop   |  lw    |  (-_-) |  (-_-) }
{ 0008016c |  nop   |  nop   |  lw    |  (-_-) }
{ 00080170 |  nop   |  nop   |  nop   |  lw    }
{ 00080174 |  addiu |  nop   |  nop   |  nop   }
{ 00080178 |  addiu |  addiu |  nop   |  nop   }
{ 0008017c |  addiu |  addiu |  addiu |  nop   }
{#00080180 |# bne   |  addiu |  addiu |  addiu }
{#00080180 |# bne   |  (-_-) |  addiu |  addiu }
{#00080180 |# bne   |  (-_-) |  (-_-) |  addiu }
{ 00080180 |  bne   |  (-_-) |  (-_-) |  (-_-) }
{ 00080184 |  lui   |  bne   |  (-_-) |  (-_-) }
{#00080188 |# addiu |  lui   |  bne   |  (-_-) }
{#00080188 |# addiu |  (-_-) |  lui   |  bne   }
{#00080188 |# addiu |  (-_-) |  (-_-) |  lui   }
{ 00080188 |  addiu |  (-_-) |  (-_-) |  (-_-) }
{#0008018c |# lw    |  addiu |  (-_-) |  (-_-) }
{#0008018c |# lw    |  (-_-) |  addiu |  (-_-) }
{#0008018c |# lw    |  (-_-) |  (-_-) |  addiu }
{ 0008018c |  lw    |  (-_-) |  (-_-) |  (-_-) }
{ 00080190 |  nop   |  lw    |  (-_-) |  (-_-) }
{ 00080194 |  nop   |  nop   |  lw    |  (-_-) }
{ 00080198 |  nop   |  nop   |  nop   |  lw    }
{ 0008019c |  nop   |  nop   |  nop   |  nop   }
{ 000801a0 |  addiu |  nop   |  nop   |  nop   }
{ 000801a4 |  addiu |  addiu |  nop   |  nop   }
{ 000801a8 |  addiu |  addiu |  addiu |  nop   }
{#000801ac |# bne   |  addiu |  addiu |  addiu }
{#000801ac |# bne   |  (-_-) |  addiu |  addiu }
{#000801ac |# bne   |  (-_-) |  (-_-) |  addiu }
{ 000801ac |  bne   |  (-_-) |  (-_-) |  (-_-) }
{ 000801b0 |  lui   |  bne   |  (-_-) |  (-_-) }
{#000801b4 |# addiu |  lui   |  bne   |  (-_-) }
{#000801b4 |# addiu |  (-_-) |  lui   |  bne   }
{#000801b4 |# addiu |  (-_-) |  (-_-) |  lui   }
{ 000801b4 |  addiu |  (-_-) |  (-_-) |  (-_-) }
{#000801b8 |# lw    |  addiu |  (-_-) |  (-_-) }
{#000801b8 |# lw    |  (-_-) |  addiu |  (-_-) }
{#000801b8 |# lw    |  (-_-) |  (-_-) |  addiu }
{ 000801b8 |  lw    |  (-_-) |  (-_-) |  (-_-) }
{ 000801bc |  addiu |  lw    |  (-_-) |  (-_-) }
{ 000801c0 |  addiu |  addiu |  lw    |  (-_-) }
{#000801c4 |# bne   |  addiu |  addiu |  lw    }
{#000801c4 |# bne   |  (-_-) |  addiu |  addiu }
{#000801c4 |# bne   |  (-_-) |  (-_-) |  addiu }
{ 000801c4 |  bne   |  (-_-) |  (-_-) |  (-_-) }
{ 000801c8 |  lui   |  bne   |  (-_-) |  (-_-) }
{#000801cc |# addiu |  lui   |  bne   |  (-_-) }
{#000801cc |# addiu |  (-_-) |  lui   |  bne   }
{#000801cc |# addiu |  (-_-) |  (-_-) |  lui   }
{ 000801cc |  addiu |  (-_-) |  (-_-) |  (-_-) }
{ 000801d0 |  nop   |  addiu |  (-_-) |  (-_-) }
{#000801d4 |# lw    |  nop   |  addiu |  (-_-) }
{#000801d4 |# lw    |  (-_-) |  nop   |  addiu }
{ 000801d4 |  lw    |  (-_-) |  (-_-) |  nop   }
{ 000801d8 |  addiu |  lw    |  (-_-) |  (-_-) }
{ 000801dc |  addiu |  addiu |  lw    |  (-_-) }
{#000801e0 |# bne   |  addiu |  addiu |  lw    }
{#000801e0 |# bne   |  (-_-) |  addiu |  addiu }
{#000801e0 |# bne   |  (-_-) |  (-_-) |  addiu }
{ 000801e0 |  bne   |  (-_-) |  (-_-) |  (-_-) }
{ 000801e4 |  lui   |  bne   |  (-_-) |  (-_-) }
{#000801e8 |# addiu |  lui   |  bne   |  (-_-) }
{#000801e8 |# addiu |  (-_-) |  lui   |  bne   }
{#000801e8 |# addiu |  (-_-) |  (-_-) |  lui   }
{ 000801e8 |  addiu |  (-_-) |  (-_-) |  (-_-) }
{ 000801ec |  nop   |  addiu |  (-_-) |  (-_-) }
{ 000801f0 |  nop   |  nop   |  addiu |  (-_-) }
{#000801f4 |# lw    |  nop   |  nop   |  addiu }
{ 000801f4 |  lw    |  (-_-) |  nop   |  nop   }
{ 000801f8 |  addiu |  lw    |  (-_-) |  nop   }
{ 000801fc |  addiu |  addiu |  lw    |  (-_-) }
{#00080200 |# bne   |  addiu |  addiu |  lw    }
{#00080200 |# bne   |  (-_-) |  addiu |  addiu }
{#00080200 |# bne   |  (-_-) |  (-_-) |  addiu }
{ 00080200 |  bne   |  (-_-) |  (-_-) |  (-_-) }
{ 00080204 |  lui   |  bne   |  (-_-) |  (-_-) }
{#00080208 |# addiu |  lui   |  bne   |  (-_-) }
{#00080208 |# addiu |  (-_-) |  lui   |  bne   }
{#00080208 |# addiu |  (-_-) |  (-_-) |  lui   }
{ 00080208 |  addiu |  (-_-) |  (-_-) |  (-_-) }
{ 0008020c |  nop   |  addiu |  (-_-) |  (-_-) }
{ 00080210 |  nop   |  nop   |  addiu |  (-_-) }
{ 00080214 |  nop   |  nop   |  nop   |  addiu }
{ 00080218 |  lw    |  nop   |  nop   |  nop   }
{ 0008021c |  addiu |  lw    |  nop   |  nop   }
{ 00080220 |  addiu |  addiu |  lw    |  nop   }
{#00080224 |# bne   |  addiu |  addiu |  lw    }
{#00080224 |# bne   |  (-_-) |  addiu |  addiu }
{#00080224 |# bne   |  (-_-) |  (-_-) |  addiu }
{ 00080224 |  bne   |  (-_-) |  (-_-) |  (-_-) }
{ 00080228 |  lui   |  bne   |  (-_-) |  (-_-) }
{#0008022c |# addiu |  lui   |  bne   |  (-_-) }
{#0008022c |# addiu |  (-_-) |  lui   |  bne   }
{#0008022c |# addiu |  (-_-) |  (-_-) |  lui   }
{ 0008022c |  addiu |  (-_-) |  (-_-) |  (-_-) }
{ 00080230 |  nop   |  addiu |  (-_-) |  (-_-) }
{ 00080234 |  nop   |  nop   |  addiu |  (-_-) }
{ 00080238 |  nop   |  nop   |  nop   |  addiu }
{ 0008023c |  nop   |  nop   |  nop   |  nop   }
{ 00080240 |  lw    |  nop   |  nop   |  nop   }
{ 00080244 |  addiu |  lw    |  nop   |  nop   }
{ 00080248 |  addiu |  addiu |  lw    |  nop   }
{#0008024c |# bne   |  addiu |  addiu |  lw    }
{#0008024c |# bne   |  (-_-) |  addiu |  addiu }
{#0008024c |# bne   |  (-_-) |  (-_-) |  addiu }
{ 0008024c |  bne   |  (-_-) |  (-_-) |  (-_-) }
{ 00080250 |  lui   |  bne   |  (-_-) |  (-_-) }
{#00080254 |# addiu |  lui   |  bne   |  (-_-) }
{#00080254 |# addiu |  (-_-) |  lui   |  bne   }
{#00080254 |# addiu |  (-_-) |  (-_-) |  lui   }
{ 00080254 |  addiu |  (-_-) |  (-_-) |  (-_-) }
{#00080258 |# lw    |  addiu |  (-_-) |  (-_-) }
{#00080258 |# lw    |  (-_-) |  addiu |  (-_-) }
{#00080258 |# lw    |  (-_-) |  (-_-) |  addiu }
{ 00080258 |  lw    |  (-_-) |  (-_-) |  (-_-) }
{ 0008025c |  addiu |  lw    |  (-_-) |  (-_-) }
{ 00080260 |  addiu |  addiu |  lw    |  (-_-) }
{ 00080264 |  addiu |  addiu |  addiu |  lw    }
{#00080268 |# bne   |  addiu |  addiu |  addiu }
{#00080268 |# bne   |  (-_-) |  addiu |  addiu }
{#00080268 |# bne   |  (-_-) |  (-_-) |  addiu }
{ 00080268 |  bne   |  (-_-) |  (-_-) |  (-_-) }
{ 0008026c |  lui   |  bne   |  (-_-) |  (-_-) }
{#00080270 |# addiu |  lui   |  bne   |  (-_-) }
{#00080270 |# addiu |  (-_-) |  lui   |  bne   }
{#00080270 |# addiu |  (-_-) |  (-_-) |  lui   }
{ 00080270 |  addiu |  (-_-) |  (-_-) |  (-_-) }
{#00080274 |# lw    |  addiu |  (-_-) |  (-_-) }
{#00080274 |# lw    |  (-_-) |  addiu |  (-_-) }
{#00080274 |# lw    |  (-_-) |  (-_-) |  addiu }
{ 00080274 |  lw    |  (-_-) |  (-_-) |  (-_-) }
{#00080278 |# addiu |  lw    |  (-_-) |  (-_-) }
{#00080278 |# addiu |  (-_-) |  lw    |  (-_-) }
{#00080278 |# addiu |  (-_-) |  (-_-) |  lw    }
{ 00080278 |  addiu |  (-_-) |  (-_-) |  (-_-) }
{ 0008027c |  addiu |  addiu |  (-_-) |  (-_-) }
{ 00080280 |  addiu |  addiu |  addiu |  (-_-) }
{#00080284 |# bne   |  addiu |  addiu |  addiu }
{#00080284 |# bne   |  (-_-) |  addiu |  addiu }
{#00080284 |# bne   |  (-_-) |  (-_-) |  addiu }
{ 00080284 |  bne   |  (-_-) |  (-_-) |  (-_-) }
{ 00080288 |  addiu |  bne   |  (-_-) |  (-_-) }
{ 0008028c |  addiu |  addiu |  bne   |  (-_-) }
{#00080290 |# mtc0  |  addiu |  addiu |  bne   }
{#00080290 |# mtc0  |  (-_-) |  addiu |  addiu }
{ 00080290 |  mtc0  |  (-_-) |  (-_-) |  addiu }
{ 00080294 |  bne   |  mtc0  |  (-_-) |  (-_-) }
{-00080298-|- nop  -|  bne   |  mtc0  |  (-_-) }
{ 00080290 |  (-_-) |  (-_-) |  bne   |  mtc0  }
*** PASSED ***
{ 00080294 |  bne   |  (-_-) |  (-_-) |  bne   }
{-00080298-|