WARNING: ../pv2stall/pv2stall-sim.v:154: $readmemh: Standard inconsistency, following 1364-2005.
VCD info: dumpfile ../tests/build/vmh/parcv1-sw.vcd opened for output.
{ xxxxxxxx |        |        |        |        }
{ xxxxxxxx |        |        |        |        }
{ xxxxxxxx |        |        |        |        }
{ 00080000 |  (-_-) |  (-_-) |  (-_-) |  (-_-) }
{ 00080000 |  (-_-) |  (-_-) |  (-_-) |  (-_-) }
{ 00080004 |  lui   |  (-_-) |  (-_-) |  (-_-) }
{#00080008 |# addiu |  lui   |  (-_-) |  (-_-) }
{#00080008 |# addiu |  (-_-) |  lui   |  (-_-) }
{#00080008 |# addiu |  (-_-) |  (-_-) |  lui   }
{ 00080008 |  addiu |  (-_-) |  (-_-) |  (-_-) }
{ 0008000c |  addiu |  addiu |  (-_-) |  (-_-) }
{#00080010 |# sw    |  addiu |  addiu |  (-_-) }
{#00080010 |# sw    |  (-_-) |  addiu |  addiu }
{#00080010 |# sw    |  (-_-) |  (-_-) |  addiu }
{ 00080010 |  sw    |  (-_-) |  (-_-) |  (-_-) }
{ 00080014 |  lw    |  sw    |  (-_-) |  (-_-) }
{ 00080018 |  addiu |  lw    |  sw    |  (-_-) }
{ 0008001c |  addiu |  addiu |  lw    |  sw    }
{#00080020 |# bne   |  addiu |  addiu |  lw    }
{#00080020 |# bne   |  (-_-) |  addiu |  addiu }
{#00080020 |# bne   |  (-_-) |  (-_-) |  addiu }
{ 00080020 |  bne   |  (-_-) |  (-_-) |  (-_-) }
{ 00080024 |  lui   |  bne   |  (-_-) |  (-_-) }
{#00080028 |# addiu |  lui   |  bne   |  (-_-) }
{#00080028 |# addiu |  (-_-) |  lui   |  bne   }
{#00080028 |# addiu |  (-_-) |  (-_-) |  lui   }
{ 00080028 |  addiu |  (-_-) |  (-_-) |  (-_-) }
{ 0008002c |  addiu |  addiu |  (-_-) |  (-_-) }
{#00080030 |# sw    |  addiu |  addiu |  (-_-) }
{#00080030 |# sw    |  (-_-) |  addiu |  addiu }
{#00080030 |# sw    |  (-_-) |  (-_-) |  addiu }
{ 00080030 |  sw    |  (-_-) |  (-_-) |  (-_-) }
{ 00080034 |  lw    |  sw    |  (-_-) |  (-_-) }
{ 00080038 |  addiu |  lw    |  sw    |  (-_-) }
{ 0008003c |  addiu |  addiu |  lw    |  sw    }
{#00080040 |# bne   |  addiu |  addiu |  lw    }
{#00080040 |# bne   |  (-_-) |  addiu |  addiu }
{#00080040 |# bne   |  (-_-) |  (-_-) |  addiu }
{ 00080040 |  bne   |  (-_-) |  (-_-) |  (-_-) }
{ 00080044 |  lui   |  bne   |  (-_-) |  (-_-) }
{#00080048 |# addiu |  lui   |  bne   |  (-_-) }
{#00080048 |# addiu |  (-_-) |  lui   |  bne   }
{#00080048 |# addiu |  (-_-) |  (-_-) |  lui   }
{ 00080048 |  addiu |  (-_-) |  (-_-) |  (-_-) }
{ 0008004c |  addiu |  addiu |  (-_-) |  (-_-) }
{#00080050 |# sw    |  addiu |  addiu |  (-_-) }
{#00080050 |# sw    |  (-_-) |  addiu |  addiu }
{#00080050 |# sw    |  (-_-) |  (-_-) |  addiu }
{ 00080050 |  sw    |  (-_-) |  (-_-) |  (-_-) }
{ 00080054 |  lw    |  sw    |  (-_-) |  (-_-) }
{ 00080058 |  addiu |  lw    |  sw    |  (-_-) }
{ 0008005c |  addiu |  addiu |  lw    |  sw    }
{#00080060 |# bne   |  addiu |  addiu |  lw    }
{#00080060 |# bne   |  (-_-) |  addiu |  addiu }
{#00080060 |# bne   |  (-_-) |  (-_-) |  addiu }
{ 00080060 |  bne   |  (-_-) |  (-_-) |  (-_-) }
{ 00080064 |  lui   |  bne   |  (-_-) |  (-_-) }
{#00080068 |# addiu |  lui   |  bne   |  (-_-) }
{#00080068 |# addiu |  (-_-) |  lui   |  bne   }
{#00080068 |# addiu |  (-_-) |  (-_-) |  lui   }
{ 00080068 |  addiu |  (-_-) |  (-_-) |  (-_-) }
{ 0008006c |  addiu |  addiu |  (-_-) |  (-_-) }
{#00080070 |# sw    |  addiu |  addiu |  (-_-) }
{#00080070 |# sw    |  (-_-) |  addiu |  addiu }
{#00080070 |# sw    |  (-_-) |  (-_-) |  addiu }
{ 00080070 |  sw    |  (-_-) |  (-_-) |  (-_-) }
{ 00080074 |  lw    |  sw    |  (-_-) |  (-_-) }
{ 00080078 |  addiu |  lw    |  sw    |  (-_-) }
{ 0008007c |  addiu |  addiu |  lw    |  sw    }
{#00080080 |# bne   |  addiu |  addiu |  lw    }
{#00080080 |# bne   |  (-_-) |  addiu |  addiu }
{#00080080 |# bne   |  (-_-) |  (-_-) |  addiu }
{ 00080080 |  bne   |  (-_-) |  (-_-) |  (-_-) }
{ 00080084 |  lui   |  bne   |  (-_-) |  (-_-) }
{#00080088 |# addiu |  lui   |  bne   |  (-_-) }
{#00080088 |# addiu |  (-_-) |  lui   |  bne   }
{#00080088 |# addiu |  (-_-) |  (-_-) |  lui   }
{ 00080088 |  addiu |  (-_-) |  (-_-) |  (-_-) }
{ 0008008c |  lui   |  addiu |  (-_-) |  (-_-) }
{#00080090 |# ori   |  lui   |  addiu |  (-_-) }
{#00080090 |# ori   |  (-_-) |  lui   |  addiu }
{#00080090 |# ori   |  (-_-) |  (-_-) |  lui   }
{ 00080090 |  ori   |  (-_-) |  (-_-) |  (-_-) }
{#00080094 |# sw    |  ori   |  (-_-) |  (-_-) }
{#00080094 |# sw    |  (-_-) |  ori   |  (-_-) }
{#00080094 |# sw    |  (-_-) |  (-_-) |  ori   }
{ 00080094 |  sw    |  (-_-) |  (-_-) |  (-_-) }
{ 00080098 |  lw    |  sw    |  (-_-) |  (-_-) }
{ 0008009c |  addiu |  lw    |  sw    |  (-_-) }
{ 000800a0 |  lui   |  addiu |  lw    |  sw    }
{#000800a4 |# ori   |  lui   |  addiu |  lw    }
{#000800a4 |# ori   |  (-_-) |  lui   |  addiu }
{#000800a4 |# ori   |  (-_-) |  (-_-) |  lui   }
{ 000800a4 |  ori   |  (-_-) |  (-_-) |  (-_-) }
{#000800a8 |# bne   |  ori   |  (-_-) |  (-_-) }
{#000800a8 |# bne   |  (-_-) |  ori   |  (-_-) }
{#000800a8 |# bne   |  (-_-) |  (-_-) |  ori   }
{ 000800a8 |  bne   |  (-_-) |  (-_-) |  (-_-) }
{ 000800ac |  lui   |  bne   |  (-_-) |  (-_-) }
{#000800b0 |# addiu |  lui   |  bne   |  (-_-) }
{#000800b0 |# addiu |  (-_-) |  lui   |  bne   }
{#000800b0 |# addiu |  (-_-) |  (-_-) |  lui   }
{ 000800b0 |  addiu |  (-_-) |  (-_-) |  (-_-) }
{ 000800b4 |  lui   |  addiu |  (-_-) |  (-_-) }
{#000800b8 |# ori   |  lui   |  addiu |  (-_-) }
{#000800b8 |# ori   |  (-_-) |  lui   |  addiu }
{#000800b8 |# ori   |  (-_-) |  (-_-) |  lui   }
{ 000800b8 |  ori   |  (-_-) |  (-_-) |  (-_-) }
{#000800bc |# sw    |  ori   |  (-_-) |  (-_-) }
{#000800bc |# sw    |  (-_-) |  ori   |  (-_-) }
{#000800bc |# sw    |  (-_-) |  (-_-) |  ori   }
{ 000800bc |  sw    |  (-_-) |  (-_-) |  (-_-) }
{ 000800c0 |  lw    |  sw    |  (-_-) |  (-_-) }
{ 000800c4 |  addiu |  lw    |  sw    |  (-_-) }
{ 000800c8 |  lui   |  addiu |  lw    |  sw    }
{#000800cc |# ori   |  lui   |  addiu |  lw    }
{#000800cc |# ori   |  (-_-) |  lui   |  addiu }
{#000800cc |# ori   |  (-_-) |  (-_-) |  lui   }
{ 000800cc |  ori   |  (-_-) |  (-_-) |  (-_-) }
{#000800d0 |# bne   |  ori   |  (-_-) |  (-_-) }
{#000800d0 |# bne   |  (-_-) |  ori   |  (-_-) }
{#000800d0 |# bne   |  (-_-) |  (-_-) |  ori   }
{ 000800d0 |  bne   |  (-_-) |  (-_-) |  (-_-) }
{ 000800d4 |  lui   |  bne   |  (-_-) |  (-_-) }
{#000800d8 |# addiu |  lui   |  bne   |  (-_-) }
{#000800d8 |# addiu |  (-_-) |  lui   |  bne   }
{#000800d8 |# addiu |  (-_-) |  (-_-) |  lui   }
{ 000800d8 |  addiu |  (-_-) |  (-_-) |  (-_-) }
{ 000800dc |  lui   |  addiu |  (-_-) |  (-_-) }
{#000800e0 |# ori   |  lui   |  addiu |  (-_-) }
{#000800e0 |# ori   |  (-_-) |  lui   |  addiu }
{#000800e0 |# ori   |  (-_-) |  (-_-) |  lui   }
{ 000800e0 |  ori   |  (-_-) |  (-_-) |  (-_-) }
{#000800e4 |# sw    |  ori   |  (-_-) |  (-_-) }
{#000800e4 |# sw    |  (-_-) |  ori   |  (-_-) }
{#000800e4 |# sw    |  (-_-) |  (-_-) |  ori   }
{ 000800e4 |  sw    |  (-_-) |  (-_-) |  (-_-) }
{ 000800e8 |  lw    |  sw    |  (-_-) |  (-_-) }
{ 000800ec |  addiu |  lw    |  sw    |  (-_-) }
{ 000800f0 |  lui   |  addiu |  lw    |  sw    }
{#000800f4 |# ori   |  lui   |  addiu |  lw    }
{#000800f4 |# ori   |  (-_-) |  lui   |  addiu }
{#000800f4 |# ori   |  (-_-) |  (-_-) |  lui   }
{ 000800f4 |  ori   |  (-_-) |  (-_-) |  (-_-) }
{#000800f8 |# bne   |  ori   |  (-_-) |  (-_-) }
{#000800f8 |# bne   |  (-_-) |  ori   |  (-_-) }
{#000800f8 |# bne   |  (-_-) |  (-_-) |  ori   }
{ 000800f8 |  bne   |  (-_-) |  (-_-) |  (-_-) }
{ 000800fc |  lui   |  bne   |  (-_-) |  (-_-) }
{#00080100 |# addiu |  lui   |  bne   |  (-_-) }
{#00080100 |# addiu |  (-_-) |  lui   |  bne   }
{#00080100 |# addiu |  (-_-) |  (-_-) |  lui   }
{ 00080100 |  addiu |  (-_-) |  (-_-) |  (-_-) }
{ 00080104 |  lui   |  addiu |  (-_-) |  (-_-) }
{#00080108 |# ori   |  lui   |  addiu |  (-_-) }
{#00080108 |# ori   |  (-_-) |  lui   |  addiu }
{#00080108 |# ori   |  (-_-) |  (-_-) |  lui   }
{ 00080108 |  ori   |  (-_-) |  (-_-) |  (-_-) }
{#0008010c |# sw    |  ori   |  (-_-) |  (-_-) }
{#0008010c |# sw    |  (-_-) |  ori   |  (-_-) }
{#0008010c |# sw    |  (-_-) |  (-_-) |  ori   }
{ 0008010c |  sw    |  (-_-) |  (-_-) |  (-_-) }
{ 00080110 |  lw    |  sw    |  (-_-) |  (-_-) }
{ 00080114 |  addiu |  lw    |  sw    |  (-_-) }
{ 00080118 |  lui   |  addiu |  lw    |  sw    }
{#0008011c |# ori   |  lui   |  addiu |  lw    }
{#0008011c |# ori   |  (-_-) |  lui   |  addiu }
{#0008011c |# ori   |  (-_-) |  (-_-) |  lui   }
{ 0008011c |  ori   |  (-_-) |  (-_-) |  (-_-) }
{#00080120 |# bne   |  ori   |  (-_-) |  (-_-) }
{#00080120 |# bne   |  (-_-) |  ori   |  (-_-) }
{#00080120 |# bne   |  (-_-) |  (-_-) |  ori   }
{ 00080120 |  bne   |  (-_-) |  (-_-) |  (-_-) }
{ 00080124 |  lui   |  bne   |  (-_-) |  (-_-) }
{#00080128 |# addiu |  lui   |  bne   |  (-_-) }
{#00080128 |# addiu |  (-_-) |  lui   |  bne   }
{#00080128 |# addiu |  (-_-) |  (-_-) |  lui   }
{ 00080128 |  addiu |  (-_-) |  (-_-) |  (-_-) }
{ 0008012c |  lui   |  addiu |  (-_-) |  (-_-) }
{#00080130 |# ori   |  lui   |  addiu |  (-_-) }
{#00080130 |# ori   |  (-_-) |  lui   |  addiu }
{#00080130 |# ori   |  (-_-) |  (-_-) |  lui   }
{ 00080130 |  ori   |  (-_-) |  (-_-) |  (-_-) }
{ 00080134 |  addiu |  ori   |  (-_-) |  (-_-) }
{#00080138 |# sw    |  addiu |  ori   |  (-_-) }
{#00080138 |# sw    |  (-_-) |  addiu |  ori   }
{#00080138 |# sw    |  (-_-) |  (-_-) |  addiu }
{ 00080138 |  sw    |  (-_-) |  (-_-) |  (-_-) }
{ 0008013c |  lw    |  sw    |  (-_-) |  (-_-) }
{ 00080140 |  addiu |  lw    |  sw    |  (-_-) }
{ 00080144 |  lui   |  addiu |  lw    |  sw    }
{#00080148 |# ori   |  lui   |  addiu |  lw    }
{#00080148 |# ori   |  (-_-) |  lui   |  addiu }
{#00080148 |# ori   |  (-_-) |  (-_-) |  lui   }
{ 00080148 |  ori   |  (-_-) |  (-_-) |  (-_-) }
{#0008014c |# bne   |  ori   |  (-_-) |  (-_-) }
{#0008014c |# bne   |  (-_-) |  ori   |  (-_-) }
{#0008014c |# bne   |  (-_-) |  (-_-) |  ori   }
{ 0008014c |  bne   |  (-_-) |  (-_-) |  (-_-) }
{ 00080150 |  lui   |  bne   |  (-_-) |  (-_-) }
{#00080154 |# addiu |  lui   |  bne   |  (-_-) }
{#00080154 |# addiu |  (-_-) |  lui   |  bne   }
{#00080154 |# addiu |  (-_-) |  (-_-) |  lui   }
{ 00080154 |  addiu |  (-_-) |  (-_-) |  (-_-) }
{ 00080158 |  lui   |  addiu |  (-_-) |  (-_-) }
{#0008015c |# ori   |  lui   |  addiu |  (-_-) }
{#0008015c |# ori   |  (-_-) |  lui   |  addiu }
{#0008015c |# ori   |  (-_-) |  (-_-) |  lui   }
{ 0008015c |  ori   |  (-_-) |  (-_-) |  (-_-) }
{ 00080160 |  addiu |  ori   |  (-_-) |  (-_-) }
{#00080164 |# sw    |  addiu |  ori   |  (-_-) }
{#00080164 |# sw    |  (-_-) |  addiu |  ori   }
{#00080164 |# sw    |  (-_-) |  (-_-) |  addiu }
{ 00080164 |  sw    |  (-_-) |  (-_-) |  (-_-) }
{ 00080168 |  lui   |  sw    |  (-_-) |  (-_-) }
{#0008016c |# addiu |  lui   |  sw    |  (-_-) }
{#0008016c |# addiu |  (-_-) |  lui   |  sw    }
{#0008016c |# addiu |  (-_-) |  (-_-) |  lui   }
{ 0008016c |  addiu |  (-_-) |  (-_-) |  (-_-) }
{#00080170 |# lw    |  addiu |  (-_-) |  (-_-) }
{#00080170 |# lw    |  (-_-) |  addiu |  (-_-) }
{#00080170 |# lw    |  (-_-) |  (-_-) |  addiu }
{ 00080170 |  lw    |  (-_-) |  (-_-) |  (-_-) }
{ 00080174 |  addiu |  lw    |  (-_-) |  (-_-) }
{ 00080178 |  lui   |  addiu |  lw    |  (-_-) }
{#0008017c |# ori   |  lui   |  addiu |  lw    }
{#0008017c |# ori   |  (-_-) |  lui   |  addiu }
{#0008017c |# ori   |  (-_-) |  (-_-) |  lui   }
{ 0008017c |  ori   |  (-_-) |  (-_-) |  (-_-) }
{#00080180 |# bne   |  ori   |  (-_-) |  (-_-) }
{#00080180 |# bne   |  (-_-) |  ori   |  (-_-) }
{#00080180 |# bne   |  (-_-) |  (-_-) |  ori   }
{ 00080180 |  bne   |  (-_-) |  (-_-) |  (-_-) }
{ 00080184 |  lui   |  bne   |  (-_-) |  (-_-) }
{#00080188 |# ori   |  lui   |  bne   |  (-_-) }
{#00080188 |# ori   |  (-_-) |  lui   |  bne   }
{#00080188 |# ori   |  (-_-) |  (-_-) |  lui   }
{ 00080188 |  ori   |  (-_-) |  (-_-) |  (-_-) }
{ 0008018c |  lui   |  ori   |  (-_-) |  (-_-) }
{#00080190 |# addiu |  lui   |  ori   |  (-_-) }
{#00080190 |# addiu |  (-_-) |  lui   |  ori   }
{#00080190 |# addiu |  (-_-) |  (-_-) |  lui   }
{ 00080190 |  addiu |  (-_-) |  (-_-) |  (-_-) }
{#00080194 |# sw    |  addiu |  (-_-) |  (-_-) }
{#00080194 |# sw    |  (-_-) |  addiu |  (-_-) }
{#00080194 |# sw    |  (-_-) |  (-_-) |  addiu }
{ 00080194 |  sw    |  (-_-) |  (-_-) |  (-_-) }
{ 00080198 |  lw    |  sw    |  (-_-) |  (-_-) }
{ 0008019c |  addiu |  lw    |  sw    |  (-_-) }
{ 000801a0 |  lui   |  addiu |  lw    |  sw    }
{#000801a4 |# ori   |  lui   |  addiu |  lw    }
{#000801a4 |# ori   |  (-_-) |  lui   |  addiu }
{#000801a4 |# ori   |  (-_-) |  (-_-) |  lui   }
{ 000801a4 |  ori   |  (-_-) |  (-_-) |  (-_-) }
{#000801a8 |# bne   |  ori   |  (-_-) |  (-_-) }
{#000801a8 |# bne   |  (-_-) |  ori   |  (-_-) }
{#000801a8 |# bne   |  (-_-) |  (-_-) |  ori   }
{ 000801a8 |  bne   |  (-_-) |  (-_-) |  (-_-) }
{ 000801ac |  lui   |  bne   |  (-_-) |  (-_-) }
{#000801b0 |# ori   |  lui   |  bne   |  (-_-) }
{#000801b0 |# ori   |  (-_-) |  lui   |  bne   }
{#000801b0 |# ori   |  (-_-) |  (-_-) |  lui   }
{ 000801b0 |  ori   |  (-_-) |  (-_-) |  (-_-) }
{ 000801b4 |  lui   |  ori   |  (-_-) |  (-_-) }
{#000801b8 |# addiu |  lui   |  ori   |  (-_-) }
{#000801b8 |# addiu |  (-_-) |  lui   |  ori   }
{#000801b8 |# addiu |  (-_-) |  (-_-) |  lui   }
{ 000801b8 |  addiu |  (-_-) |  (-_-) |  (-_-) }
{ 000801bc |  nop   |  addiu |  (-_-) |  (-_-) }
{#000801c0 |# sw    |  nop   |  addiu |  (-_-) }
{#000801c0 |# sw    |  (-_-) |  nop   |  addiu }
{ 000801c0 |  sw    |  (-_-) |  (-_-) |  nop   }
{ 000801c4 |  lw    |  sw    |  (-_-) |  (-_-) }
{ 000801c8 |  addiu |  lw    |  sw    |  (-_-) }
{ 000801cc |  lui   |  addiu |  lw    |  sw    }
{#000801d0 |# ori   |  lui   |  addiu |  lw    }
{#000801d0 |# ori   |  (-_-) |  lui   |  addiu }
{#000801d0 |# ori   |  (-_-) |  (-_-) |  lui   }
{ 000801d0 |  ori   |  (-_-) |  (-_-) |  (-_-) }
{#000801d4 |# bne   |  ori   |  (-_-) |  (-_-) }
{#000801d4 |# bne   |  (-_-) |  ori   |  (-_-) }
{#000801d4 |# bne   |  (-_-) |  (-_-) |  ori   }
{ 000801d4 |  bne   |  (-_-) |  (-_-) |  (-_-) }
{ 000801d8 |  lui   |  bne   |  (-_-) |  (-_-) }
{#000801dc |# ori   |  lui   |  bne   |  (-_-) }
{#000801dc |# ori   |  (-_-) |  lui   |  bne   }
{#000801dc |# ori   |  (-_-) |  (-_-) |  lui   }
{ 000801dc |  ori   |  (-_-) |  (-_-) |  (-_-) }
{ 000801e0 |  lui   |  ori   |  (-_-) |  (-_-) }
{#000801e4 |# addiu |  lui   |  ori   |  (-_-) }
{#000801e4 |# addiu |  (-_-) |  lui   |  ori   }
{#000801e4 |# addiu |  (-_-) |  (-_-) |  lui   }
{ 000801e4 |  addiu |  (-_-) |  (-_-) |  (-_-) }
{ 000801e8 |  nop   |  addiu |  (-_-) |  (-_-) }
{ 000801ec |  nop   |  nop   |  addiu |  (-_-) }
{#000801f0 |# sw    |  nop   |  nop   |  addiu }
{ 000801f0 |  sw    |  (-_-) |  nop   |  nop   }
{ 000801f4 |  lw    |  sw    |  (-_-) |  nop   }
{ 000801f8 |  addiu |  lw    |  sw    |  (-_-) }
{ 000801fc |  lui   |  addiu |  lw    |  sw    }
{#00080200 |# ori   |  lui   |  addiu |  lw    }
{#00080200 |# ori   |  (-_-) |  lui   |  addiu }
{#00080200 |# ori   |  (-_-) |  (-_-) |  lui   }
{ 00080200 |  ori   |  (-_-) |  (-_-) |  (-_-) }
{#00080204 |# bne   |  ori   |  (-_-) |  (-_-) }
{#00080204 |# bne   |  (-_-) |  ori   |  (-_-) }
{#00080204 |# bne   |  (-_-) |  (-_-) |  ori   }
{ 00080204 |  bne   |  (-_-) |  (-_-) |  (-_-) }
{ 00080208 |  lui   |  bne   |  (-_-) |  (-_-) }
{#0008020c |# ori   |  lui   |  bne   |  (-_-) }
{#0008020c |# ori   |  (-_-) |  lui   |  bne   }
{#0008020c |# ori   |  (-_-) |  (-_-) |  lui   }
{ 0008020c |  ori   |  (-_-) |  (-_-) |  (-_-) }
{ 00080210 |  lui   |  ori   |  (-_-) |  (-_-) }
{#00080214 |# addiu |  lui   |  ori   |  (-_-) }
{#00080214 |# addiu |  (-_-) |  lui   |  ori   }
{#00080214 |# addiu |  (-_-) |  (-_-) |  lui   }
{ 00080214 |  addiu |  (-_-) |  (-_-) |  (-_-) }
{ 00080218 |  nop   |  addiu |  (-_-) |  (-_-) }
{ 0008021c |  nop   |  nop   |  addiu |  (-_-) }
{ 00080220 |  nop   |  nop   |  nop   |  addiu }
{ 00080224 |  sw    |  nop   |  nop   |  nop   }
{ 00080228 |  lw    |  sw    |  nop   |  nop   }
{ 0008022c |  addiu |  lw    |  sw    |  nop   }
{ 00080230 |  lui   |  addiu |  lw    |  sw    }
{#00080234 |# ori   |  lui   |  addiu |  lw    }
{#00080234 |# ori   |  (-_-) |  lui   |  addiu }
{#00080234 |# ori   |  (-_-) |  (-_-) |  lui   }
{ 00080234 |  ori   |  (-_-) |  (-_-) |  (-_-) }
{#00080238 |# bne   |  ori   |  (-_-) |  (-_-) }
{#00080238 |# bne   |  (-_-) |  ori   |  (-_-) }
{#00080238 |# bne   |  (-_-) |  (-_-) |  ori   }
{ 00080238 |  bne   |  (-_-) |  (-_-) |  (-_-) }
{ 0008023c |  lui   |  bne   |  (-_-) |  (-_-) }
{#00080240 |# ori   |  lui   |  bne   |  (-_-) }
{#00080240 |# ori   |  (-_-) |  lui   |  bne   }
{#00080240 |# ori   |  (-_-) |  (-_-) |  lui   }
{ 00080240 |  ori   |  (-_-) |  (-_-) |  (-_-) }
{ 00080244 |  lui   |  ori   |  (-_-) |  (-_-) }
{#00080248 |# addiu |  lui   |  ori   |  (-_-) }
{#00080248 |# addiu |  (-_-) |  lui   |  ori   }
{#00080248 |# addiu |  (-_-) |  (-_-) |  lui   }
{ 00080248 |  addiu |  (-_-) |  (-_-) |  (-_-) }
{ 0008024c |  nop   |  addiu |  (-_-) |  (-_-) }
{ 00080250 |  nop   |  nop   |  addiu |  (-_-) }
{ 00080254 |  nop   |  nop   |  nop   |  addiu }
{ 00080258 |  nop   |  nop   |  nop   |  nop   }
{ 0008025c |  sw    |  nop   |  nop   |  nop   }
{ 00080260 |  lw    |  sw    |  nop   |  nop   }
{ 00080264 |  addiu |  lw    |  sw    |  nop   }
{ 00080268 |  lui   |  addiu |  lw    |  sw    }
{#0008026c |# ori   |  lui   |  addiu |  lw    }
{#0008026c |# ori   |  (-_-) |  lui   |  addiu }
{#0008026c |# ori   |  (-_-) |  (-_-) |  lui   }
{ 0008026c |  ori   |  (-_-) |  (-_-) |  (-_-) }
{#00080270 |# bne   |  ori   |  (-_-) |  (-_-) }
{#00080270 |# bne   |  (-_-) |  ori   |  (-_-) }
{#00080270 |# bne   |  (-_-) |  (-_-) |  ori   }
{ 00080270 |  bne   |  (-_-) |  (-_-) |  (-_-) }
{ 00080274 |  lui   |  bne   |  (-_-) |  (-_-) }
{#00080278 |# ori   |  lui   |  bne   |  (-_-) }
{#00080278 |# ori   |  (-_-) |  lui   |  bne   }
{#00080278 |# ori   |  (-_-) |  (-_-) |  lui   }
{ 00080278 |  ori   |  (-_-) |  (-_-) |  (-_-) }
{ 0008027c |  lui   |  ori   |  (-_-) |  (-_-) }
{#00080280 |# addiu |  lui   |  ori   |  (-_-) }
{#00080280 |# addiu |  (-_-) |  lui   |  ori   }
{#00080280 |# addiu |  (-_-) |  (-_-) |  lui   }
{ 00080280 |  addiu |  (-_-) |  (-_-) |  (-_-) }
{ 00080284 |  nop   |  addiu |  (-_-) |  (-_-) }
{ 00080288 |  nop   |  nop   |  addiu |  (-_-) }
{ 0008028c |  nop   |  nop   |  nop   |  addiu }
{ 00080290 |  sw    |  nop   |  nop   |  nop   }
{ 00080294 |  lw    |  sw    |  nop   |  nop   }
{ 00080298 |  addiu |  lw    |  sw    |  nop   }
{ 0008029c |  lui   |  addiu |  lw    |  sw    }
{#000802a0 |# ori   |  lui   |  addiu |  lw    }
{#000802a0 |# ori   |  (-_-) |  lui   |  addiu }
{#000802a0 |# ori   |  (-_-) |  (-_-) |  lui   }
{ 000802a0 |  ori   |  (-_-) |  (-_-) |  (-_-) }
{#000802a4 |# bne   |  ori   |  (-_-) |  (-_-) }
{#000802a4 |# bne   |  (-_-) |  ori   |  (-_-) }
{#000802a4 |# bne   |  (-_-) |  (-_-) |  ori   }
{ 000802a4 |  bne   |  (-_-) |  (-_-) |  (-_-) }
{ 000802a8 |  addiu |  bne   |  (-_-) |  (-_-) }
{ 000802ac |  nop   |  addiu |  bne   |  (-_-) }
{ 000802b0 |  lui   |  nop   |  addiu |  bne   }
{#000802b4 |# addiu |  lui   |  nop   |  addiu }
{#000802b4 |# addiu |  (-_-) |  lui   |  nop   }
{#000802b4 |# addiu |  (-_-) |  (-_-) |  lui   }
{ 000802b4 |  addiu |  (-_-) |  (-_-) |  (-_-) }
{#000802b8 |# sw    |  addiu |  (-_-) |  (-_-) }
{#000802b8 |# sw    |  (-_-) |  addiu |  (-_-) }
{#000802b8 |# sw    |  (-_-) |  (-_-) |  addiu }
{ 000802b8 |  sw    |  (-_-) |  (-_-) |  (-_-) }
{ 000802bc |  lw    |  sw    |  (-_-) |  (-_-) }
{ 000802c0 |  addiu |  lw    |  sw    |  (-_-) }
{ 000802c4 |  addiu |  addiu |  lw    |  sw    }
{#000802c8 |# bne   |  addiu |  addiu |  lw    }
{#000802c8 |# bne   |  (-_-) |  addiu |  addiu }
{#000802c8 |# bne   |  (-_-) |  (-_-) |  addiu }
{ 000802c8 |  bne   |  (-_-) |  (-_-) |  (-_-) }
{ 000802cc |  addiu |  bne   |  (-_-) |  (-_-) }
{ 000802d0 |  nop   |  addiu |  bne   |  (-_-) }
{ 000802d4 |  lui   |  nop   |  addiu |  bne   }
{#000802d8 |# addiu |  lui   |  nop   |  addiu }
{#000802d8 |# addiu |  (-_-) |  lui   |  nop   }
{#000802d8 |# addiu |  (-_-) |  (-_-) |  lui   }
{ 000802d8 |  addiu |  (-_-) |  (-_-) |  (-_-) }
{ 000802dc |  nop   |  addiu |  (-_-) |  (-_-) }
{#000802e0 |# sw    |  nop   |  addiu |  (-_-) }
{#000802e0 |# sw    |  (-_-) |  nop   |  addiu }
{ 000802e0 |  sw    |  (-_-) |  (-_-) |  nop   }
{ 000802e4 |  lw    |  sw    |  (-_-) |  (-_-) }
{ 000802e8 |  addiu |  lw    |  sw    |  (-_-) }
{#000802ec |# bne   |  addiu |  lw    |  sw    }
{#000802ec |# bne   |  (-_-) |  addiu |  lw    }
{ 000802ec |  bne   |  (-_-) |  (-_-) |  addiu }
{ 000802f0 |  lui   |  bne   |  (-_-) |  (-_-) }
{#000802f4 |# addiu |  lui   |  bne   |  (-_-) }
{#000802f4 |# addiu |  (-_-) |  lui   |  bne   }
{#000802f4 |# addiu |  (-_-) |  (-_-) |  lui   }
{ 000802f4 |  addiu |  (-_-) |  (-_-) |  (-_-) }
{ 000802f8 |  lui   |  addiu |  (-_-) |  (-_-) }
{#000802fc |# ori   |  lui   |  addiu |  (-_-) }
{#000802fc |# ori   |  (-_-) |  lui   |  addiu }
{#000802fc |# ori   |  (-_-) |  (-_-) |  lui   }
{ 000802fc |  ori   |  (-_-) |  (-_-) |  (-_-) }
{#00080300 |# sw    |  ori   |  (-_-) |  (-_-) }
{#00080300 |# sw    |  (-_-) |  ori   |  (-_-) }
{#00080300 |# sw    |  (-_-) |  (-_-) |  ori   }
{ 00080300 |  sw    |  (-_-) |  (-_-) |  (-_-) }
{ 00080304 |  lw    |  sw    |  (-_-) |  (-_-) }
{ 00080308 |  addiu |  lw    |  sw    |  (-_-) }
{ 0008030c |  lui   |  addiu |  lw    |  sw    }
{#00080310 |# ori   |  lui   |  addiu |  lw    }
{#00080310 |# ori   |  (-_-) |  lui   |  addiu }
{#00080310 |# ori   |  (-_-) |  (-_-) |  lui   }
{ 00080310 |  ori   |  (-_-) |  (-_-) |  (-_-) }
{#00080314 |# bne   |  ori   |  (-_-) |  (-_-) }
{#00080314 |# bne   |  (-_-) |  ori   |  (-_-) }
{#00080314 |# bne   |  (-_-) |  (-_-) |  ori   }
{ 00080314 |  bne   |  (-_-) |  (-_-) |  (-_-) }
{ 00080318 |  lui   |  bne   |  (-_-) |  (-_-) }
{#0008031c |# addiu |  lui   |  bne   |  (-_-) }
{#0008031c |# addiu |  (-_-) |  lui   |  bne   }
{#0008031c |# addiu |  (-_-) |  (-_-) |  lui   }
{ 0008031c |  addiu |  (-_-) |  (-_-) |  (-_-) }
{ 00080320 |  lui   |  addiu |  (-_-) |  (-_-) }
{#00080324 |# ori   |  lui   |  addiu |  (-_-) }
{#00080324 |# ori   |  (-_-) |  lui   |  addiu }
{#00080324 |# ori   |  (-_-) |  (-_-) |  lui   }
{ 00080324 |  ori   |  (-_-) |  (-_-) |  (-_-) }
{ 00080328 |  nop   |  ori   |  (-_-) |  (-_-) }
{#0008032c |# sw    |  nop   |  ori   |  (-_-) }
{#0008032c |# sw    |  (-_-) |  nop   |  ori   }
{ 0008032c |  sw    |  (-_-) |  (-_-) |  nop   }
{ 00080330 |  lw    |  sw    |  (-_-) |  (-_-) }
{ 00080334 |  addiu |  lw    |  sw    |  (-_-) }
{ 00080338 |  lui   |  addiu |  lw    |  sw    }
{#0008033c |# ori   |  lui   |  addiu |  lw    }
{#0008033c |# ori   |  (-_-) |  lui   |  addiu }
{#0008033c |# ori   |  (-_-) |  (-_-) |  lui   }
{ 0008033c |  ori   |  (-_-) |  (-_-) |  (-_-) }
{#00080340 |# bne   |  ori   |  (-_-) |  (-_-) }
{#00080340 |# bne   |  (-_-) |  ori   |  (-_-) }
{#00080340 |# bne   |  (-_-) |  (-_-) |  ori   }
{ 00080340 |  bne   |  (-_-) |  (-_-) |  (-_-) }
{ 00080344 |  lui   |  bne   |  (-_-) |  (-_-) }
{#00080348 |# addiu |  lui   |  bne   |  (-_-) }
{#00080348 |# addiu |  (-_-) |  lui   |  bne   }
{#00080348 |# addiu |  (-_-) |  (-_-) |  lui   }
{ 00080348 |  addiu |  (-_-) |  (-_-) |  (-_-) }
{ 0008034c |  lui   |  addiu |  (-_-) |  (-_-) }
{#00080350 |# ori   |  lui   |  addiu |  (-_-) }
{#00080350 |# ori   |  (-_-) |  lui   |  addiu }
{#00080350 |# ori   |  (-_-) |  (-_-) |  lui   }
{ 00080350 |  ori   |  (-_-) |  (-_-) |  (-_-) }
{ 00080354 |  nop   |  ori   |  (-_-) |  (-_-) }
{ 00080358 |  nop   |  nop   |  ori   |  (-_-) }
{#0008035c |# sw    |  nop   |  nop   |  ori   }
{ 0008035c |  sw    |  (-_-) |  nop   |  nop   }
{ 00080360 |  lw    |  sw    |  (-_-) |  nop   }
{ 00080364 |  addiu |  lw    |  sw    |  (-_-) }
{ 00080368 |  lui   |  addiu |  lw    |  sw    }
{#0008036c |# ori   |  lui   |  addiu |  lw    }
{#0008036c |# ori   |  (-_-) |  lui   |  addiu }
{#0008036c |# ori   |  (-_-) |  (-_-) |  lui   }
{ 0008036c |  ori   |  (-_-) |  (-_-) |  (-_-) }
{#00080370 |# bne   |  ori   |  (-_-) |  (-_-) }
{#00080370 |# bne   |  (-_-) |  ori   |  (-_-) }
{#00080370 |# bne   |  (-_-) |  (-_-) |  ori   }
{ 00080370 |  bne   |  (-_-) |  (-_-) |  (-_-) }
{ 00080374 |  lui   |  bne   |  (-_-) |  (-_-) }
{#00080378 |# addiu |  lui   |  bne   |  (-_-) }
{#00080378 |# addiu |  (-_-) |  lui   |  bne   }
{#00080378 |# addiu |  (-_-) |  (-_-) |  lui   }
{ 00080378 |  addiu |  (-_-) |  (-_-) |  (-_-) }
{ 0008037c |  lui   |  addiu |  (-_-) |  (-_-) }
{#00080380 |# ori   |  lui   |  addiu |  (-_-) }
{#00080380 |# ori   |  (-_-) |  lui   |  addiu }
{#00080380 |# ori   |  (-_-) |  (-_-) |  lui   }
{ 00080380 |  ori   |  (-_-) |  (-_-) |  (-_-) }
{ 00080384 |  nop   |  ori   |  (-_-) |  (-_-) }
{ 00080388 |  nop   |  nop   |  ori   |  (-_-) }
{ 0008038c |  nop   |  nop   |  nop   |  ori   }
{ 00080390 |  sw    |  nop   |  nop   |  nop   }
{ 00080394 |  lw    |  sw    |  nop   |  nop   }
{ 00080398 |  addiu |  lw    |  sw    |  nop   }
{ 0008039c |  lui   |  addiu |  lw    |  sw    }
{#000803a0 |# ori   |  lui   |  addiu |  lw    }
{#000803a0 |# ori   |  (-_-) |  lui   |  addiu }
{#000803a0 |# ori   |  (-_-) |  (-_-) |  lui   }
{ 000803a0 |  ori   |  (-_-) |  (-_-) |  (-_-) }
{#000803a4 |# bne   |  ori   |  (-_-) |  (-_-) }
{#000803a4 |# bne   |  (-_-) |  ori   |  (-_-) }
{#000803a4 |# bne   |  (-_-) |  (-_-) |  ori   }
{ 000803a4 |  bne   |  (-_-) |  (-_-) |  (-_-) }
{ 000803a8 |  lui   |  bne   |  (-_-) |  (-_-) }
{#000803ac |# addiu |  lui   |  bne   |  (-_-) }
{#000803ac |# addiu |  (-_-) |  lui   |  bne   }
{#000803ac |# addiu |  (-_-) |  (-_-) |  lui   }
{ 000803ac |  addiu |  (-_-) |  (-_-) |  (-_-) }
{ 000803b0 |  lui   |  addiu |  (-_-) |  (-_-) }
{#000803b4 |# ori   |  lui   |  addiu |  (-_-) }
{#000803b4 |# ori   |  (-_-) |  lui   |  addiu }
{#000803b4 |# ori   |  (-_-) |  (-_-) |  lui   }
{ 000803b4 |  ori   |  (-_-) |  (-_-) |  (-_-) }
{ 000803b8 |  nop   |  ori   |  (-_-) |  (-_-) }
{ 000803bc |  nop   |  nop   |  ori   |  (-_-) }
{ 000803c0 |  nop   |  nop   |  nop   |  ori   }
{ 000803c4 |  nop   |  nop   |  nop   |  nop   }
{ 000803c8 |  sw    |  nop   |  nop   |  nop   }
{ 000803cc |  lw    |  sw    |  nop   |  nop   }
{ 000803d0 |  addiu |  lw    |  sw    |  nop   }
{ 000803d4 |  lui   |  addiu |  lw    |  sw    }
{#000803d8 |# ori   |  lui   |  addiu |  lw    }
{#000803d8 |# ori   |  (-_-) |  lui   |  addiu }
{#000803d8 |# ori   |  (-_-) |  (-_-) |  lui   }
{ 000803d8 |  ori   |  (-_-) |  (-_-) |  (-_-) }
{#000803dc |# bne   |  ori   |  (-_-) |  (-_-) }
{#000803dc |# bne   |  (-_-) |  ori   |  (-_-) }
{#000803dc |# bne   |  (-_-) |  (-_-) |  ori   }
{ 000803dc |  bne   |  (-_-) |  (-_-) |  (-_-) }
{ 000803e0 |  lui   |  bne   |  (-_-) |  (-_-) }
{#000803e4 |# addiu |  lui   |  bne   |  (-_-) }
{#000803e4 |# addiu |  (-_-) |  lui   |  bne   }
{#000803e4 |# addiu |  (-_-) |  (-_-) |  lui   }
{ 000803e4 |  addiu |  (-_-) |  (-_-) |  (-_-) }
{ 000803e8 |  lui   |  addiu |  (-_-) |  (-_-) }
{#000803ec |# ori   |  lui   |  addiu |  (-_-) }
{#000803ec |# ori   |  (-_-) |  lui   |  addiu }
{#000803ec |# ori   |  (-_-) |  (-_-) |  lui   }
{ 000803ec |  ori   |  (-_-) |  (-_-) |  (-_-) }
{ 000803f0 |  nop   |  ori   |  (-_-) |  (-_-) }
{ 000803f4 |  nop   |  nop   |  ori   |  (-_-) }
{ 000803f8 |  nop   |  nop   |  nop   |  ori   }
{ 000803fc |  sw    |  nop   |  nop   |  nop   }
{ 00080400 |  lw    |  sw    |  nop   |  nop   }
{ 00080404 |  addiu |  lw    |  sw    |  nop   }
{ 00080408 |  lui   |  addiu |  lw    |  sw    }
{#0008040c |# ori   |  lui   |  addiu |  lw    }
{#0008040c |# ori   |  (-_-) |  lui   |  addiu }
{#0008040c |# ori   |  (-_-) |  (-_-) |  lui   }
{ 0008040c |  ori   |  (-_-) |  (-_-) |  (-_-) }
{#00080410 |# bne   |  ori   |  (-_-) |  (-_-) }
{#00080410 |# bne   |  (-_-) |  ori   |  (-_-) }
{#00080410 |# bne   |  (-_-) |  (-_-) |  ori   }
{ 00080410 |  bne   |  (-_-) |  (-_-) |  (-_-) }
{ 00080414 |  lui   |  bne   |  (-_-) |  (-_-) }
{#00080418 |# addiu |  lui   |  bne   |  (-_-) }
{#00080418 |# addiu |  (-_-) |  lui   |  bne   }
{#00080418 |# addiu |  (-_-) |  (-_-) |  lui   }
{ 00080418 |  addiu |  (-_-) |  (-_-) |  (-_-) }
{ 0008041c |  nop   |  addiu |  (-_-) |  (-_-) }
{ 00080420 |  lui   |  nop   |  addiu |  (-_-) }
{#00080424 |# ori   |  lui   |  nop   |  addiu }
{#00080424 |# ori   |  (-_-) |  lui   |  nop   }
{#00080424 |# ori   |  (-_-) |  (-_-) |  lui   }
{ 00080424 |  ori   |  (-_-) |  (-_-) |  (-_-) }
{#00080428 |# sw    |  ori   |  (-_-) |  (-_-) }
{#00080428 |# sw    |  (-_-) |  ori   |  (-_-) }
{#00080428 |# sw    |  (-_-) |  (-_-) |  ori   }
{ 00080428 |  sw    |  (-_-) |  (-_-) |  (-_-) }
{ 0008042c |  lw    |  sw    |  (-_-) |  (-_-) }
{ 00080430 |  addiu |  lw    |  sw    |  (-_-) }
{ 00080434 |  lui   |  addiu |  lw    |  sw    }
{#00080438 |# ori   |  lui   |  addiu |  lw    }
{#00080438 |# ori   |  (-_-) |  lui   |  addiu }
{#00080438 |# ori   |  (-_-) |  (-_-) |  lui   }
{ 00080438 |  ori   |  (-_-) |  (-_-) |  (-_-) }
{#0008043c |# bne   |  ori   |  (-_-) |  (-_-) }
{#0008043c |# bne   |  (-_-) |  ori   |  (-_-) }
{#0008043c |# bne   |  (-_-) |  (-_-) |  ori   }
{ 0008043c |  bne   |  (-_-) |  (-_-) |  (-_-) }
{ 00080440 |  lui   |  bne   |  (-_-) |  (-_-) }
{#00080444 |# addiu |  lui   |  bne   |  (-_-) }
{#00080444 |# addiu |  (-_-) |  lui   |  bne   }
{#00080444 |# addiu |  (-_-) |  (-_-) |  lui   }
{ 00080444 |  addiu |  (-_-) |  (-_-) |  (-_-) }
{ 00080448 |  nop   |  addiu |  (-_-) |  (-_-) }
{ 0008044c |  lui   |  nop   |  addiu |  (-_-) }
{#00080450 |# ori   |  lui   |  nop   |  addiu }
{#00080450 |# ori   |  (-_-) |  lui   |  nop   }
{#00080450 |# ori   |  (-_-) |  (-_-) |  lui   }
{ 00080450 |  ori   |  (-_-) |  (-_-) |  (-_-) }
{ 00080454 |  nop   |  ori   |  (-_-) |  (-_-) }
{#00080458 |# sw    |  nop   |  ori   |  (-_-) }
{#00080458 |# sw    |  (-_-) |  nop   |  ori   }
{ 00080458 |  sw    |  (-_-) |  (-_-) |  nop   }
{ 0008045c |  lw    |  sw    |  (-_-) |  (-_-) }
{ 00080460 |  addiu |  lw    |  sw    |  (-_-) }
{ 00080464 |  lui   |  addiu |  lw    |  sw    }
{#00080468 |# ori   |  lui   |  addiu |  lw    }
{#00080468 |# ori   |  (-_-) |  lui   |  addiu }
{#00080468 |# ori   |  (-_-) |  (-_-) |  lui   }
{ 00080468 |  ori   |  (-_-) |  (-_-) |  (-_-) }
{#0008046c |# bne   |  ori   |  (-_-) |  (-_-) }
{#0008046c |# bne   |  (-_-) |  ori   |  (-_-) }
{#0008046c |# bne   |  (-_-) |  (-_-) |  ori   }
{ 0008046c |  bne   |  (-_-) |  (-_-) |  (-_-) }
{ 00080470 |  addiu |  bne   |  (-_-) |  (-_-) }
{ 00080474 |  addiu |  addiu |  bne   |  (-_-) }
{#00080478 |# mtc0  |  addiu |  addiu |  bne   }
{#00080478 |# mtc0  |  (-_-) |  addiu |  addiu }
{ 00080478 |  mtc0  |  (-_-) |  (-_-) |  addiu }
{ 0008047c |  bne   |  mtc0  |  (-_-) |  (-_-) }
{-00080480-|- nop  -|  bne   |  mtc0  |  (-_-) }
{ 00080478 |  (-_-) |  (-_-) |  bne   |  mtc0  }
*** PASSED ***
{ 0008047c |  bne   |  (-_-) |  (-_-) |  bne   }
{-00080480-|