
 Entering Test Suite: vc-Arbiters
  + Running Test Case: vc_FixedArb
     [ passed ] Test ( 0000 grants ) succeeded, [ 0 == 0 ]
     [ passed ] Test ( 0000 kout   ) succeeded, [ 1 == 1 ]
     [ passed ] Test ( 1111 grants ) succeeded, [ 0 == 0 ]
     [ passed ] Test ( 1111 kout   ) succeeded, [ 1 == 1 ]
     [ passed ] Test ( 0000 grants ) succeeded, [ 0 == 0 ]
     [ passed ] Test ( 0000 kout   ) succeeded, [ 0 == 0 ]
     [ passed ] Test ( 1000 grants ) succeeded, [ 8 == 8 ]
     [ passed ] Test ( 1000 kout   ) succeeded, [ 1 == 1 ]
     [ passed ] Test ( 0100 grants ) succeeded, [ 4 == 4 ]
     [ passed ] Test ( 0100 kout   ) succeeded, [ 1 == 1 ]
     [ passed ] Test ( 0010 grants ) succeeded, [ 2 == 2 ]
     [ passed ] Test ( 0010 kout   ) succeeded, [ 1 == 1 ]
     [ passed ] Test ( 0001 grants ) succeeded, [ 1 == 1 ]
     [ passed ] Test ( 0001 kout   ) succeeded, [ 1 == 1 ]
     [ passed ] Test ( 1100 grants ) succeeded, [ 4 == 4 ]
     [ passed ] Test ( 1100 kout   ) succeeded, [ 1 == 1 ]
     [ passed ] Test ( 1010 grants ) succeeded, [ 2 == 2 ]
     [ passed ] Test ( 1010 kout   ) succeeded, [ 1 == 1 ]
     [ passed ] Test ( 1001 grants ) succeeded, [ 1 == 1 ]
     [ passed ] Test ( 1001 kout   ) succeeded, [ 1 == 1 ]
     [ passed ] Test ( 0110 grants ) succeeded, [ 2 == 2 ]
     [ passed ] Test ( 0110 kout   ) succeeded, [ 1 == 1 ]
     [ passed ] Test ( 0101 grants ) succeeded, [ 1 == 1 ]
     [ passed ] Test ( 0101 kout   ) succeeded, [ 1 == 1 ]
     [ passed ] Test ( 0011 grants ) succeeded, [ 1 == 1 ]
     [ passed ] Test ( 0011 kout   ) succeeded, [ 1 == 1 ]
     [ passed ] Test ( 1110 grants ) succeeded, [ 2 == 2 ]
     [ passed ] Test ( 1110 kout   ) succeeded, [ 1 == 1 ]
     [ passed ] Test ( 1101 grants ) succeeded, [ 1 == 1 ]
     [ passed ] Test ( 1101 kout   ) succeeded, [ 1 == 1 ]
     [ passed ] Test ( 1011 grants ) succeeded, [ 1 == 1 ]
     [ passed ] Test ( 1011 kout   ) succeeded, [ 1 == 1 ]
     [ passed ] Test ( 0111 grants ) succeeded, [ 1 == 1 ]
     [ passed ] Test ( 0111 kout   ) succeeded, [ 1 == 1 ]
     [ passed ] Test ( 1111 grants ) succeeded, [ 1 == 1 ]
     [ passed ] Test ( 1111 kout   ) succeeded, [ 1 == 1 ]
  + Running Test Case: vc_VariableArb
     [ passed ] Test ( 0 0000 grants ) succeeded, [ 0 == 0 ]
     [ passed ] Test ( 0 0000 kout   ) succeeded, [ 1 == 1 ]
     [ passed ] Test ( 0 1111 grants ) succeeded, [ 0 == 0 ]
     [ passed ] Test ( 0 1111 kout   ) succeeded, [ 1 == 1 ]
     [ passed ] Test ( 1 0000 grants ) succeeded, [ 0 == 0 ]
     [ passed ] Test ( 1 0000 kout   ) succeeded, [ 1 == 1 ]
     [ passed ] Test ( 1 1111 grants ) succeeded, [ 0 == 0 ]
     [ passed ] Test ( 1 1111 kout   ) succeeded, [ 1 == 1 ]
     [ passed ] Test ( 2 0000 grants ) succeeded, [ 0 == 0 ]
     [ passed ] Test ( 2 0000 kout   ) succeeded, [ 1 == 1 ]
     [ passed ] Test ( 2 1111 grants ) succeeded, [ 0 == 0 ]
     [ passed ] Test ( 2 1111 kout   ) succeeded, [ 1 == 1 ]
     [ passed ] Test ( 3 0000 grants ) succeeded, [ 0 == 0 ]
     [ passed ] Test ( 3 0000 kout   ) succeeded, [ 1 == 1 ]
     [ passed ] Test ( 3 1111 grants ) succeeded, [ 0 == 0 ]
     [ passed ] Test ( 3 1111 kout   ) succeeded, [ 1 == 1 ]
     [ passed ] Test ( 0 0000 grants ) succeeded, [ 0 == 0 ]
     [ passed ] Test ( 0 0000 kout   ) succeeded, [ 0 == 0 ]
     [ passed ] Test ( 0 1000 grants ) succeeded, [ 8 == 8 ]
     [ passed ] Test ( 0 1000 kout   ) succeeded, [ 1 == 1 ]
     [ passed ] Test ( 0 0100 grants ) succeeded, [ 4 == 4 ]
     [ passed ] Test ( 0 0100 kout   ) succeeded, [ 1 == 1 ]
     [ passed ] Test ( 0 0010 grants ) succeeded, [ 2 == 2 ]
     [ passed ] Test ( 0 0010 kout   ) succeeded, [ 1 == 1 ]
     [ passed ] Test ( 0 0001 grants ) succeeded, [ 1 == 1 ]
     [ passed ] Test ( 0 0001 kout   ) succeeded, [ 1 == 1 ]
     [ passed ] Test ( 0 1100 grants ) succeeded, [ 4 == 4 ]
     [ passed ] Test ( 0 1100 kout   ) succeeded, [ 1 == 1 ]
     [ passed ] Test ( 0 1010 grants ) succeeded, [ 2 == 2 ]
     [ passed ] Test ( 0 1010 kout   ) succeeded, [ 1 == 1 ]
     [ passed ] Test ( 0 1001 grants ) succeeded, [ 1 == 1 ]
     [ passed ] Test ( 0 1001 kout   ) succeeded, [ 1 == 1 ]
     [ passed ] Test ( 0 0110 grants ) succeeded, [ 2 == 2 ]
     [ passed ] Test ( 0 0110 kout   ) succeeded, [ 1 == 1 ]
     [ passed ] Test ( 0 0101 grants ) succeeded, [ 1 == 1 ]
     [ passed ] Test ( 0 0101 kout   ) succeeded, [ 1 == 1 ]
     [ passed ] Test ( 0 0011 grants ) succeeded, [ 1 == 1 ]
     [ passed ] Test ( 0 0011 kout   ) succeeded, [ 1 == 1 ]
     [ passed ] Test ( 0 1110 grants ) succeeded, [ 2 == 2 ]
     [ passed ] Test ( 0 1110 kout   ) succeeded, [ 1 == 1 ]
     [ passed ] Test ( 0 1101 grants ) succeeded, [ 1 == 1 ]
     [ passed ] Test ( 0 1101 kout   ) succeeded, [ 1 == 1 ]
     [ passed ] Test ( 0 1011 grants ) succeeded, [ 1 == 1 ]
     [ passed ] Test ( 0 1011 kout   ) succeeded, [ 1 == 1 ]
     [ passed ] Test ( 0 0111 grants ) succeeded, [ 1 == 1 ]
     [ passed ] Test ( 0 0111 kout   ) succeeded, [ 1 == 1 ]
     [ passed ] Test ( 0 1111 grants ) succeeded, [ 1 == 1 ]
     [ passed ] Test ( 0 1111 kout   ) succeeded, [ 1 == 1 ]
     [ passed ] Test ( 1 0000 grants ) succeeded, [ 0 == 0 ]
     [ passed ] Test ( 1 0000 kout   ) succeeded, [ 0 == 0 ]
     [ passed ] Test ( 1 1000 grants ) succeeded, [ 8 == 8 ]
     [ passed ] Test ( 1 1000 kout   ) succeeded, [ 1 == 1 ]
     [ passed ] Test ( 1 0100 grants ) succeeded, [ 4 == 4 ]
     [ passed ] Test ( 1 0100 kout   ) succeeded, [ 1 == 1 ]
     [ passed ] Test ( 1 0010 grants ) succeeded, [ 2 == 2 ]
     [ passed ] Test ( 1 0010 kout   ) succeeded, [ 1 == 1 ]
     [ passed ] Test ( 1 0001 grants ) succeeded, [ 1 == 1 ]
     [ passed ] Test ( 1 0001 kout   ) succeeded, [ 1 == 1 ]
     [ passed ] Test ( 1 1100 grants ) succeeded, [ 4 == 4 ]
     [ passed ] Test ( 1 1100 kout   ) succeeded, [ 1 == 1 ]
     [ passed ] Test ( 1 1010 grants ) succeeded, [ 2 == 2 ]
     [ passed ] Test ( 1 1010 kout   ) succeeded, [ 1 == 1 ]
     [ passed ] Test ( 1 1001 grants ) succeeded, [ 8 == 8 ]
     [ passed ] Test ( 1 1001 kout   ) succeeded, [ 1 == 1 ]
     [ passed ] Test ( 1 0110 grants ) succeeded, [ 2 == 2 ]
     [ passed ] Test ( 1 0110 kout   ) succeeded, [ 1 == 1 ]
     [ passed ] Test ( 1 0101 grants ) succeeded, [ 4 == 4 ]
     [ passed ] Test ( 1 0101 kout   ) succeeded, [ 1 == 1 ]
     [ passed ] Test ( 1 0011 grants ) succeeded, [ 2 == 2 ]
     [ passed ] Test ( 1 0011 kout   ) succeeded, [ 1 == 1 ]
     [ passed ] Test ( 1 1110 grants ) succeeded, [ 2 == 2 ]
     [ passed ] Test ( 1 1110 kout   ) succeeded, [ 1 == 1 ]
     [ passed ] Test ( 1 1101 grants ) succeeded, [ 4 == 4 ]
     [ passed ] Test ( 1 1101 kout   ) succeeded, [ 1 == 1 ]
     [ passed ] Test ( 1 1011 grants ) succeeded, [ 2 == 2 ]
     [ passed ] Test ( 1 1011 kout   ) succeeded, [ 1 == 1 ]
     [ passed ] Test ( 1 0111 grants ) succeeded, [ 2 == 2 ]
     [ passed ] Test ( 1 0111 kout   ) succeeded, [ 1 == 1 ]
     [ passed ] Test ( 1 1111 grants ) succeeded, [ 2 == 2 ]
     [ passed ] Test ( 1 1111 kout   ) succeeded, [ 1 == 1 ]
     [ passed ] Test ( 2 0000 grants ) succeeded, [ 0 == 0 ]
     [ passed ] Test ( 2 0000 kout   ) succeeded, [ 0 == 0 ]
     [ passed ] Test ( 2 1000 grants ) succeeded, [ 8 == 8 ]
     [ passed ] Test ( 2 1000 kout   ) succeeded, [ 1 == 1 ]
     [ passed ] Test ( 2 0100 grants ) succeeded, [ 4 == 4 ]
     [ passed ] Test ( 2 0100 kout   ) succeeded, [ 1 == 1 ]
     [ passed ] Test ( 2 0010 grants ) succeeded, [ 2 == 2 ]
     [ passed ] Test ( 2 0010 kout   ) succeeded, [ 1 == 1 ]
     [ passed ] Test ( 2 0001 grants ) succeeded, [ 1 == 1 ]
     [ passed ] Test ( 2 0001 kout   ) succeeded, [ 1 == 1 ]
     [ passed ] Test ( 2 1100 grants ) succeeded, [ 4 == 4 ]
     [ passed ] Test ( 2 1100 kout   ) succeeded, [ 1 == 1 ]
     [ passed ] Test ( 2 1010 grants ) succeeded, [ 8 == 8 ]
     [ passed ] Test ( 2 1010 kout   ) succeeded, [ 1 == 1 ]
     [ passed ] Test ( 2 1001 grants ) succeeded, [ 8 == 8 ]
     [ passed ] Test ( 2 1001 kout   ) succeeded, [ 1 == 1 ]
     [ passed ] Test ( 2 0110 grants ) succeeded, [ 4 == 4 ]
     [ passed ] Test ( 2 0110 kout   ) succeeded, [ 1 == 1 ]
     [ passed ] Test ( 2 0101 grants ) succeeded, [ 4 == 4 ]
     [ passed ] Test ( 2 0101 kout   ) succeeded, [ 1 == 1 ]
     [ passed ] Test ( 2 0011 grants ) succeeded, [ 1 == 1 ]
     [ passed ] Test ( 2 0011 kout   ) succeeded, [ 1 == 1 ]
     [ passed ] Test ( 2 1110 grants ) succeeded, [ 4 == 4 ]
     [ passed ] Test ( 2 1110 kout   ) succeeded, [ 1 == 1 ]
     [ passed ] Test ( 2 1101 grants ) succeeded, [ 4 == 4 ]
     [ passed ] Test ( 2 1101 kout   ) succeeded, [ 1 == 1 ]
     [ passed ] Test ( 2 1011 grants ) succeeded, [ 8 == 8 ]
     [ passed ] Test ( 2 1011 kout   ) succeeded, [ 1 == 1 ]
     [ passed ] Test ( 2 0111 grants ) succeeded, [ 4 == 4 ]
     [ passed ] Test ( 2 0111 kout   ) succeeded, [ 1 == 1 ]
     [ passed ] Test ( 2 1111 grants ) succeeded, [ 4 == 4 ]
     [ passed ] Test ( 2 1111 kout   ) succeeded, [ 1 == 1 ]
     [ passed ] Test ( 3 0000 grants ) succeeded, [ 0 == 0 ]
     [ passed ] Test ( 3 0000 kout   ) succeeded, [ 0 == 0 ]
     [ passed ] Test ( 3 1000 grants ) succeeded, [ 8 == 8 ]
     [ passed ] Test ( 3 1000 kout   ) succeeded, [ 1 == 1 ]
     [ passed ] Test ( 3 0100 grants ) succeeded, [ 4 == 4 ]
     [ passed ] Test ( 3 0100 kout   ) succeeded, [ 1 == 1 ]
     [ passed ] Test ( 3 0010 grants ) succeeded, [ 2 == 2 ]
     [ passed ] Test ( 3 0010 kout   ) succeeded, [ 1 == 1 ]
     [ passed ] Test ( 3 0001 grants ) succeeded, [ 1 == 1 ]
     [ passed ] Test ( 3 0001 kout   ) succeeded, [ 1 == 1 ]
     [ passed ] Test ( 3 1100 grants ) succeeded, [ 8 == 8 ]
     [ passed ] Test ( 3 1100 kout   ) succeeded, [ 1 == 1 ]
     [ passed ] Test ( 3 1010 grants ) succeeded, [ 8 == 8 ]
     [ passed ] Test ( 3 1010 kout   ) succeeded, [ 1 == 1 ]
     [ passed ] Test ( 3 1001 grants ) succeeded, [ 8 == 8 ]
     [ passed ] Test ( 3 1001 kout   ) succeeded, [ 1 == 1 ]
     [ passed ] Test ( 3 0110 grants ) succeeded, [ 2 == 2 ]
     [ passed ] Test ( 3 0110 kout   ) succeeded, [ 1 == 1 ]
     [ passed ] Test ( 3 0101 grants ) succeeded, [ 1 == 1 ]
     [ passed ] Test ( 3 0101 kout   ) succeeded, [ 1 == 1 ]
     [ passed ] Test ( 3 0011 grants ) succeeded, [ 1 == 1 ]
     [ passed ] Test ( 3 0011 kout   ) succeeded, [ 1 == 1 ]
     [ passed ] Test ( 3 1110 grants ) succeeded, [ 8 == 8 ]
     [ passed ] Test ( 3 1110 kout   ) succeeded, [ 1 == 1 ]
     [ passed ] Test ( 3 1101 grants ) succeeded, [ 8 == 8 ]
     [ passed ] Test ( 3 1101 kout   ) succeeded, [ 1 == 1 ]
     [ passed ] Test ( 3 1011 grants ) succeeded, [ 8 == 8 ]
     [ passed ] Test ( 3 1011 kout   ) succeeded, [ 1 == 1 ]
     [ passed ] Test ( 3 0111 grants ) succeeded, [ 1 == 1 ]
     [ passed ] Test ( 3 0111 kout   ) succeeded, [ 1 == 1 ]
     [ passed ] Test ( 3 1111 grants ) succeeded, [ 8 == 8 ]
     [ passed ] Test ( 3 1111 kout   ) succeeded, [ 1 == 1 ]
  + Running Test Case: vc_RoundRobinArb
     [ passed ] Test ( 0000 grants ) succeeded, [ 0 == 0 ]
     [ passed ] Test ( 0000 kout   ) succeeded, [ 1 == 1 ]
     [ passed ] Test ( 1111 grants ) succeeded, [ 0 == 0 ]
     [ passed ] Test ( 1111 kout   ) succeeded, [ 1 == 1 ]
     [ passed ] Test ( 0000 grants ) succeeded, [ 0 == 0 ]
     [ passed ] Test ( 0000 kout   ) succeeded, [ 0 == 0 ]
     [ passed ] Test ( 0001 grants ) succeeded, [ 1 == 1 ]
     [ passed ] Test ( 0001 kout   ) succeeded, [ 1 == 1 ]
     [ passed ] Test ( 0010 grants ) succeeded, [ 2 == 2 ]
     [ passed ] Test ( 0010 kout   ) succeeded, [ 1 == 1 ]
     [ passed ] Test ( 0100 grants ) succeeded, [ 4 == 4 ]
     [ passed ] Test ( 0100 kout   ) succeeded, [ 1 == 1 ]
     [ passed ] Test ( 1000 grants ) succeeded, [ 8 == 8 ]
     [ passed ] Test ( 1000 kout   ) succeeded, [ 1 == 1 ]
     [ passed ] Test ( 1111 grants ) succeeded, [ 1 == 1 ]
     [ passed ] Test ( 1111 kout   ) succeeded, [ 1 == 1 ]
     [ passed ] Test ( 1111 grants ) succeeded, [ 2 == 2 ]
     [ passed ] Test ( 1111 kout   ) succeeded, [ 1 == 1 ]
     [ passed ] Test ( 1111 grants ) succeeded, [ 4 == 4 ]
     [ passed ] Test ( 1111 kout   ) succeeded, [ 1 == 1 ]
     [ passed ] Test ( 1111 grants ) succeeded, [ 8 == 8 ]
     [ passed ] Test ( 1111 kout   ) succeeded, [ 1 == 1 ]
     [ passed ] Test ( 1111 grants ) succeeded, [ 1 == 1 ]
     [ passed ] Test ( 1111 kout   ) succeeded, [ 1 == 1 ]
     [ passed ] Test ( 1100 grants ) succeeded, [ 4 == 4 ]
     [ passed ] Test ( 1100 kout   ) succeeded, [ 1 == 1 ]
     [ passed ] Test ( 1010 grants ) succeeded, [ 8 == 8 ]
     [ passed ] Test ( 1010 kout   ) succeeded, [ 1 == 1 ]
     [ passed ] Test ( 1001 grants ) succeeded, [ 1 == 1 ]
     [ passed ] Test ( 1001 kout   ) succeeded, [ 1 == 1 ]
     [ passed ] Test ( 0110 grants ) succeeded, [ 2 == 2 ]
     [ passed ] Test ( 0110 kout   ) succeeded, [ 1 == 1 ]
     [ passed ] Test ( 0101 grants ) succeeded, [ 4 == 4 ]
     [ passed ] Test ( 0101 kout   ) succeeded, [ 1 == 1 ]
     [ passed ] Test ( 0011 grants ) succeeded, [ 1 == 1 ]
     [ passed ] Test ( 0011 kout   ) succeeded, [ 1 == 1 ]
     [ passed ] Test ( 1110 grants ) succeeded, [ 2 == 2 ]
     [ passed ] Test ( 1110 kout   ) succeeded, [ 1 == 1 ]
     [ passed ] Test ( 1101 grants ) succeeded, [ 4 == 4 ]
     [ passed ] Test ( 1101 kout   ) succeeded, [ 1 == 1 ]
     [ passed ] Test ( 1011 grants ) succeeded, [ 8 == 8 ]
     [ passed ] Test ( 1011 kout   ) succeeded, [ 1 == 1 ]
     [ passed ] Test ( 0111 grants ) succeeded, [ 1 == 1 ]
     [ passed ] Test ( 0111 kout   ) succeeded, [ 1 == 1 ]

