
 Entering Test Suite: vc-Queues
  + Running Test Case: vc_Queue_pf(NORMAL,1)
     [ passed ] Test ( [01] -> Q(0) [  ]    ) succeeded, [ 1 == 1 | xx == zz | 0 == 0 ]
     [ passed ] Test ( [  ]    Q(1) [01] -> ) succeeded, [ 0 == 0 | 01 == 01 | 1 == 1 ]
     [ passed ] Test ( [  ]    Q(0) [  ]    ) succeeded, [ 1 == 1 | 01 == zz | 0 == 0 ]
     [ passed ] Test ( [02] -> Q(0) [  ]    ) succeeded, [ 1 == 1 | 01 == zz | 0 == 0 ]
     [ passed ] Test ( [03]    Q(1) [02]    ) succeeded, [ 0 == 0 | 02 == 02 | 1 == 1 ]
     [ passed ] Test ( [  ]    Q(1) [02]    ) succeeded, [ 0 == 0 | 02 == 02 | 1 == 1 ]
     [ passed ] Test ( [03]    Q(1) [02] -> ) succeeded, [ 0 == 0 | 02 == 02 | 1 == 1 ]
     [ passed ] Test ( [03] -> Q(0) [02]    ) succeeded, [ 1 == 1 | 02 == zz | 0 == 0 ]
     [ passed ] Test ( [04]    Q(1) [03] -> ) succeeded, [ 0 == 0 | 03 == 03 | 1 == 1 ]
     [ passed ] Test ( [04] -> Q(0) [03]    ) succeeded, [ 1 == 1 | 03 == zz | 0 == 0 ]
     [ passed ] Test ( [  ]    Q(1) [04] -> ) succeeded, [ 0 == 0 | 04 == 04 | 1 == 1 ]
     [ passed ] Test ( [  ]    Q(0) [  ]    ) succeeded, [ 1 == 1 | 04 == zz | 0 == 0 ]
  + Running Test Case: vc_Queue_pf(PIPE,1)
     [ passed ] Test ( [01] -> Q(0) [  ]    ) succeeded, [ 1 == 1 | xx == zz | 0 == 0 ]
     [ passed ] Test ( [  ]    Q(1) [01] -> ) succeeded, [ 1 == 1 | 01 == 01 | 1 == 1 ]
     [ passed ] Test ( [  ]    Q(0) [  ]    ) succeeded, [ 1 == 1 | 01 == zz | 0 == 0 ]
     [ passed ] Test ( [02] -> Q(0) [  ]    ) succeeded, [ 1 == 1 | 01 == zz | 0 == 0 ]
     [ passed ] Test ( [03]    Q(1) [02]    ) succeeded, [ 0 == 0 | 02 == 02 | 1 == 1 ]
     [ passed ] Test ( [  ]    Q(1) [02]    ) succeeded, [ 0 == 0 | 02 == 02 | 1 == 1 ]
     [ passed ] Test ( [03] -> Q(1) [02] -> ) succeeded, [ 1 == 1 | 02 == 02 | 1 == 1 ]
     [ passed ] Test ( [04] -> Q(1) [03] -> ) succeeded, [ 1 == 1 | 03 == 03 | 1 == 1 ]
     [ passed ] Test ( [  ]    Q(1) [04] -> ) succeeded, [ 1 == 1 | 04 == 04 | 1 == 1 ]
     [ passed ] Test ( [  ]    Q(0) [  ]    ) succeeded, [ 1 == 1 | 04 == zz | 0 == 0 ]
  + Running Test Case: vc_Queue_pf(BYPASS,1)
     [ passed ] Test ( [01] -> Q(0) [01] -> ) succeeded, [ 1 == 1 | 01 == 01 | 1 == 1 ]
     [ passed ] Test ( [  ]    Q(0) [  ]    ) succeeded, [ 1 == 1 | xx == xx | 0 == 0 ]
     [ passed ] Test ( [02] -> Q(0) [02]    ) succeeded, [ 1 == 1 | 02 == 02 | 1 == 1 ]
     [ passed ] Test ( [03]    Q(1) [02]    ) succeeded, [ 0 == 0 | 02 == 02 | 1 == 1 ]
     [ passed ] Test ( [  ]    Q(1) [02]    ) succeeded, [ 0 == 0 | 02 == 02 | 1 == 1 ]
     [ passed ] Test ( [03]    Q(1) [02] -> ) succeeded, [ 0 == 0 | 02 == 02 | 1 == 1 ]
     [ passed ] Test ( [03] -> Q(0) [03] -> ) succeeded, [ 1 == 1 | 03 == 03 | 1 == 1 ]
     [ passed ] Test ( [04] -> Q(0) [04] -> ) succeeded, [ 1 == 1 | 04 == 04 | 1 == 1 ]
     [ passed ] Test ( [  ]    Q(0) [  ]    ) succeeded, [ 1 == 1 | xx == zz | 0 == 0 ]
  + Running Test Case: vc_Queue_pf(NORMAL,3)
     [ passed ] Test ( [01] -> Q(0) [  ]    ) succeeded, [ 1 == 1 | xx == zz | 0 == 0 ]
     [ passed ] Test ( [  ]    Q(1) [01] -> ) succeeded, [ 1 == 1 | 01 == 01 | 1 == 1 ]
     [ passed ] Test ( [  ]    Q(0) [  ]    ) succeeded, [ 1 == 1 | xx == zz | 0 == 0 ]
     [ passed ] Test ( [02] -> Q(0) [  ]    ) succeeded, [ 1 == 1 | xx == zz | 0 == 0 ]
     [ passed ] Test ( [03] -> Q(1) [02]    ) succeeded, [ 1 == 1 | 02 == 02 | 1 == 1 ]
     [ passed ] Test ( [04] -> Q(2) [02]    ) succeeded, [ 1 == 1 | 02 == 02 | 1 == 1 ]
     [ passed ] Test ( [05]    Q(3) [02]    ) succeeded, [ 0 == 0 | 02 == 02 | 1 == 1 ]
     [ passed ] Test ( [  ]    Q(3) [02]    ) succeeded, [ 0 == 0 | 02 == 02 | 1 == 1 ]
     [ passed ] Test ( [05]    Q(3) [02] -> ) succeeded, [ 0 == 0 | 02 == 02 | 1 == 1 ]
     [ passed ] Test ( [05] -> Q(2) [03] -> ) succeeded, [ 1 == 1 | 03 == 03 | 1 == 1 ]
     [ passed ] Test ( [06] -> Q(2) [04] -> ) succeeded, [ 1 == 1 | 04 == 04 | 1 == 1 ]
     [ passed ] Test ( [07] -> Q(2) [05] -> ) succeeded, [ 1 == 1 | 05 == 05 | 1 == 1 ]
     [ passed ] Test ( [  ]    Q(2) [06] -> ) succeeded, [ 1 == 1 | 06 == 06 | 1 == 1 ]
     [ passed ] Test ( [  ]    Q(1) [07] -> ) succeeded, [ 1 == 1 | 07 == 07 | 1 == 1 ]
     [ passed ] Test ( [  ]    Q(0) [  ] -> ) succeeded, [ 1 == 1 | 05 == zz | 0 == 0 ]
  + Running Test Case: vc_Queue_pf(PIPE,3)
     [ passed ] Test ( [01] -> Q(0) [  ]    ) succeeded, [ 1 == 1 | xx == zz | 0 == 0 ]
     [ passed ] Test ( [  ]    Q(1) [01] -> ) succeeded, [ 1 == 1 | 01 == 01 | 1 == 1 ]
     [ passed ] Test ( [  ]    Q(0) [  ]    ) succeeded, [ 1 == 1 | xx == zz | 0 == 0 ]
     [ passed ] Test ( [02] -> Q(0) [  ]    ) succeeded, [ 1 == 1 | xx == zz | 0 == 0 ]
     [ passed ] Test ( [03] -> Q(1) [02]    ) succeeded, [ 1 == 1 | 02 == 02 | 1 == 1 ]
     [ passed ] Test ( [04] -> Q(2) [02]    ) succeeded, [ 1 == 1 | 02 == 02 | 1 == 1 ]
     [ passed ] Test ( [05]    Q(3) [02]    ) succeeded, [ 0 == 0 | 02 == 02 | 1 == 1 ]
     [ passed ] Test ( [  ]    Q(3) [02]    ) succeeded, [ 0 == 0 | 02 == 02 | 1 == 1 ]
     [ passed ] Test ( [05] -> Q(3) [02] -> ) succeeded, [ 1 == 1 | 02 == 02 | 1 == 1 ]
     [ passed ] Test ( [06] -> Q(3) [03] -> ) succeeded, [ 1 == 1 | 03 == 03 | 1 == 1 ]
     [ passed ] Test ( [07] -> Q(3) [04] -> ) succeeded, [ 1 == 1 | 04 == 04 | 1 == 1 ]
     [ passed ] Test ( [  ] -> Q(3) [05] -> ) succeeded, [ 1 == 1 | 05 == 05 | 1 == 1 ]
     [ passed ] Test ( [  ]    Q(2) [06] -> ) succeeded, [ 1 == 1 | 06 == 06 | 1 == 1 ]
     [ passed ] Test ( [  ]    Q(1) [07] -> ) succeeded, [ 1 == 1 | 07 == 07 | 1 == 1 ]
     [ passed ] Test ( [  ]    Q(0) [  ] -> ) succeeded, [ 1 == 1 | 05 == zz | 0 == 0 ]
  + Running Test Case: vc_Queue_pf(BYPASS,3)
     [ passed ] Test ( [01] -> Q(0) [01]    ) succeeded, [ 1 == 1 | 01 == 01 | 1 == 1 ]
     [ passed ] Test ( [  ]    Q(0) [  ]    ) succeeded, [ 1 == 1 | xx == zz | 0 == 0 ]
     [ passed ] Test ( [02] -> Q(0) [02]    ) succeeded, [ 1 == 1 | 02 == 02 | 1 == 1 ]
     [ passed ] Test ( [03] -> Q(1) [02]    ) succeeded, [ 1 == 1 | 02 == 02 | 1 == 1 ]
     [ passed ] Test ( [04] -> Q(2) [02]    ) succeeded, [ 1 == 1 | 02 == 02 | 1 == 1 ]
     [ passed ] Test ( [05]    Q(3) [02]    ) succeeded, [ 0 == 0 | 02 == 02 | 1 == 1 ]
     [ passed ] Test ( [  ]    Q(3) [02]    ) succeeded, [ 0 == 0 | 02 == 02 | 1 == 1 ]
     [ passed ] Test ( [05] -> Q(3) [02] -> ) succeeded, [ 0 == 0 | 02 == 02 | 1 == 1 ]
     [ passed ] Test ( [06] -> Q(3) [03] -> ) succeeded, [ 1 == 1 | 03 == 03 | 1 == 1 ]
     [ passed ] Test ( [07] -> Q(3) [04] -> ) succeeded, [ 1 == 1 | 04 == 04 | 1 == 1 ]
     [ passed ] Test ( [  ] -> Q(3) [05] -> ) succeeded, [ 1 == 1 | 05 == 05 | 1 == 1 ]
     [ passed ] Test ( [  ]    Q(2) [06] -> ) succeeded, [ 1 == 1 | 06 == 06 | 1 == 1 ]
     [ passed ] Test ( [  ]    Q(1) [07] -> ) succeeded, [ 1 == 1 | 07 == 07 | 1 == 1 ]
     [ passed ] Test ( [  ]    Q(0) [  ] -> ) succeeded, [ 1 == 1 | xx == zz | 0 == 0 ]
  + Running Test Case: vc_SkidQueue_pf(NORMAL,3)
     [ passed ] Test ( [01] -> Q(0) [  ]    ) succeeded, [ 1 == 1 | xx == zz | 0 == 0 | 3 == 3 ]
     [ passed ] Test ( [  ]    Q(1) [01] -> ) succeeded, [ 1 == 1 | 01 == 01 | 1 == 1 | 2 == 2 ]
     [ passed ] Test ( [  ]    Q(0) [  ]    ) succeeded, [ 1 == 1 | xx == zz | 0 == 0 | 3 == 3 ]
     [ passed ] Test ( [02] -> Q(0) [  ]    ) succeeded, [ 1 == 1 | xx == zz | 0 == 0 | 3 == 3 ]
     [ passed ] Test ( [03] -> Q(1) [02]    ) succeeded, [ 1 == 1 | 02 == 02 | 1 == 1 | 2 == 2 ]
     [ passed ] Test ( [04] -> Q(2) [02]    ) succeeded, [ 1 == 1 | 02 == 02 | 1 == 1 | 1 == 1 ]
     [ passed ] Test ( [05]    Q(3) [02]    ) succeeded, [ 0 == 0 | 02 == 02 | 1 == 1 | 0 == 0 ]
     [ passed ] Test ( [  ]    Q(3) [02]    ) succeeded, [ 0 == 0 | 02 == 02 | 1 == 1 | 0 == 0 ]
     [ passed ] Test ( [05]    Q(3) [02] -> ) succeeded, [ 0 == 0 | 02 == 02 | 1 == 1 | 0 == 0 ]
     [ passed ] Test ( [05] -> Q(2) [03] -> ) succeeded, [ 1 == 1 | 03 == 03 | 1 == 1 | 1 == 1 ]
     [ passed ] Test ( [06] -> Q(2) [04] -> ) succeeded, [ 1 == 1 | 04 == 04 | 1 == 1 | 1 == 1 ]
     [ passed ] Test ( [07] -> Q(2) [05] -> ) succeeded, [ 1 == 1 | 05 == 05 | 1 == 1 | 1 == 1 ]
     [ passed ] Test ( [  ]    Q(2) [06] -> ) succeeded, [ 1 == 1 | 06 == 06 | 1 == 1 | 1 == 1 ]
     [ passed ] Test ( [  ]    Q(1) [07] -> ) succeeded, [ 1 == 1 | 07 == 07 | 1 == 1 | 2 == 2 ]
     [ passed ] Test ( [  ]    Q(0) [  ] -> ) succeeded, [ 1 == 1 | 05 == zz | 0 == 0 | 3 == 3 ]
  + Running Test Case: vc_DelaySkidQueue_pf(5,NORMAL,3)
     [ passed ] Test ( [01] -> Q(0) [  ]    ) succeeded, [ 1 == 1 | xx == zz | 0 == 0 | 3 == 3 ]
     [ passed ] Test ( [  ]    Q(1) [  ]    ) succeeded, [ 1 == 1 | 01 == zz | 0 == 0 | 2 == 2 ]
     [ passed ] Test ( [  ]    Q(1) [  ]    ) succeeded, [ 1 == 1 | 01 == zz | 0 == 0 | 2 == 2 ]
     [ passed ] Test ( [  ]    Q(1) [  ]    ) succeeded, [ 1 == 1 | 01 == zz | 0 == 0 | 2 == 2 ]
     [ passed ] Test ( [  ]    Q(1) [  ]    ) succeeded, [ 1 == 1 | 01 == zz | 0 == 0 | 2 == 2 ]
     [ passed ] Test ( [  ]    Q(1) [  ]    ) succeeded, [ 1 == 1 | 01 == zz | 0 == 0 | 2 == 2 ]
     [ passed ] Test ( [  ]    Q(1) [01] -> ) succeeded, [ 1 == 1 | 01 == 01 | 1 == 1 | 2 == 2 ]
     [ passed ] Test ( [  ]    Q(0) [  ]    ) succeeded, [ 1 == 1 | xx == zz | 0 == 0 | 3 == 3 ]
     [ passed ] Test ( [02] -> Q(0) [  ]    ) succeeded, [ 1 == 1 | xx == zz | 0 == 0 | 3 == 3 ]
     [ passed ] Test ( [03] -> Q(1) [  ]    ) succeeded, [ 1 == 1 | 02 == zz | 0 == 0 | 2 == 2 ]
     [ passed ] Test ( [04] -> Q(2) [  ]    ) succeeded, [ 1 == 1 | 02 == zz | 0 == 0 | 1 == 1 ]
     [ passed ] Test ( [05]    Q(3) [  ]    ) succeeded, [ 0 == 0 | 02 == zz | 0 == 0 | 0 == 0 ]
     [ passed ] Test ( [  ]    Q(3) [  ]    ) succeeded, [ 0 == 0 | 02 == zz | 0 == 0 | 0 == 0 ]
     [ passed ] Test ( [  ]    Q(3) [  ]    ) succeeded, [ 0 == 0 | 02 == zz | 0 == 0 | 0 == 0 ]
     [ passed ] Test ( [05]    Q(3) [02] -> ) succeeded, [ 0 == 0 | 02 == 02 | 1 == 1 | 0 == 0 ]
     [ passed ] Test ( [05] -> Q(2) [  ]    ) succeeded, [ 1 == 1 | 03 == zz | 0 == 0 | 1 == 1 ]
     [ passed ] Test ( [06]    Q(3) [  ]    ) succeeded, [ 0 == 0 | 03 == zz | 0 == 0 | 0 == 0 ]
     [ passed ] Test ( [06]    Q(3) [  ]    ) succeeded, [ 0 == 0 | 03 == zz | 0 == 0 | 0 == 0 ]
     [ passed ] Test ( [06]    Q(3) [  ]    ) succeeded, [ 0 == 0 | 03 == zz | 0 == 0 | 0 == 0 ]
     [ passed ] Test ( [06]    Q(3) [  ]    ) succeeded, [ 0 == 0 | 03 == zz | 0 == 0 | 0 == 0 ]
     [ passed ] Test ( [06]    Q(3) [03] -> ) succeeded, [ 0 == 0 | 03 == 03 | 1 == 1 | 0 == 0 ]
     [ passed ] Test ( [06] -> Q(2) [  ]    ) succeeded, [ 1 == 1 | 04 == zz | 0 == 0 | 1 == 1 ]
     [ passed ] Test ( [07]    Q(3) [  ]    ) succeeded, [ 0 == 0 | 04 == zz | 0 == 0 | 0 == 0 ]
     [ passed ] Test ( [07]    Q(3) [  ]    ) succeeded, [ 0 == 0 | 04 == zz | 0 == 0 | 0 == 0 ]
     [ passed ] Test ( [07]    Q(3) [  ]    ) succeeded, [ 0 == 0 | 04 == zz | 0 == 0 | 0 == 0 ]
     [ passed ] Test ( [07]    Q(3) [  ]    ) succeeded, [ 0 == 0 | 04 == zz | 0 == 0 | 0 == 0 ]
     [ passed ] Test ( [07]    Q(3) [04] -> ) succeeded, [ 0 == 0 | 04 == 04 | 1 == 1 | 0 == 0 ]
     [ passed ] Test ( [07] -> Q(2) [  ]    ) succeeded, [ 1 == 1 | 05 == zz | 0 == 0 | 1 == 1 ]

